{
  "timestamp": "2025-08-08T13:00:43.188Z",
  "level": "INFO",
  "message": "Attempting to connect to MongoDB",
  "uri": "URI provided"
}
{
  "timestamp": "2025-08-08T13:00:43.205Z",
  "level": "INFO",
  "message": "Attempting to connect to MongoDB",
  "uri": "URI provided"
}
{
  "timestamp": "2025-08-08T13:00:43.206Z",
  "level": "INFO",
  "message": "MongoDB Connected Successfully"
}
{
  "timestamp": "2025-08-08T13:00:43.223Z",
  "level": "INFO",
  "message": "MongoDB Connected Successfully",
  "host": "localhost",
  "port": 27017,
  "database": "12p"
}
{
  "timestamp": "2025-08-08T13:00:43.273Z",
  "level": "INFO",
  "message": "Properties already exist in database",
  "count": 68
}
{
  "timestamp": "2025-08-08T13:00:43.275Z",
  "level": "INFO",
  "message": "Server started successfully",
  "port": "5001",
  "host": "localhost",
  "environment": "development",
  "healthCheck": "http://localhost:5001/api/health",
  "propertiesEndpoint": "http://localhost:5001/api/properties"
}
{
  "timestamp": "2025-08-08T13:00:54.715Z",
  "level": "INFO",
  "message": "User profile retrieved",
  "userId": "6893a682763cd93e0cd133a4",
  "email": "test@example.com"
}
{
  "timestamp": "2025-08-08T13:00:54.776Z",
  "level": "DEBUG",
  "message": "Getting properties list",
  "query": {
    "listingType": "sale"
  },
  "ip": "::1"
}
{
  "timestamp": "2025-08-08T13:00:54.777Z",
  "level": "DEBUG",
  "message": "Query built",
  "query": {
    "status": "available",
    "listingType": "sale"
  },
  "pagination": {
    "page": 1,
    "limit": 10,
    "skip": 0
  },
  "sort": {
    "createdAt": -1
  }
}
{
  "timestamp": "2025-08-08T13:00:54.790Z",
  "level": "INFO",
  "message": "Properties retrieved successfully",
  "total": 50,
  "page": 1,
  "limit": 10,
  "filtersApplied": true
}
{
  "timestamp": "2025-08-08T13:00:54.797Z",
  "level": "DEBUG",
  "message": "Getting properties list",
  "query": {
    "listingType": "sale"
  },
  "ip": "::1"
}
{
  "timestamp": "2025-08-08T13:00:54.798Z",
  "level": "DEBUG",
  "message": "Query built",
  "query": {
    "status": "available",
    "listingType": "sale"
  },
  "pagination": {
    "page": 1,
    "limit": 10,
    "skip": 0
  },
  "sort": {
    "createdAt": -1
  }
}
{
  "timestamp": "2025-08-08T13:00:54.806Z",
  "level": "INFO",
  "message": "Properties retrieved successfully",
  "total": 50,
  "page": 1,
  "limit": 10,
  "filtersApplied": true
}
{
  "timestamp": "2025-08-08T13:00:54.847Z",
  "level": "INFO",
  "message": "Public user profile retrieved",
  "userId": "686d7dc38de09a4f48df03af",
  "requestedBy": "::1"
}
{
  "timestamp": "2025-08-08T13:00:54.850Z",
  "level": "WARN",
  "message": "Public profile requested for non-existent user",
  "userId": "507f1f77bcf86cd799439011"
}
{
  "timestamp": "2025-08-08T13:00:54.857Z",
  "level": "INFO",
  "message": "Public user profile retrieved",
  "userId": "686d7dc38de09a4f48df03af",
  "requestedBy": "::1"
}
{
  "timestamp": "2025-08-08T13:00:54.859Z",
  "level": "WARN",
  "message": "Public profile requested for non-existent user",
  "userId": "507f1f77bcf86cd799439011"
}
{
  "timestamp": "2025-08-08T13:00:54.869Z",
  "level": "INFO",
  "message": "Public user profile retrieved",
  "userId": "686d7dc38de09a4f48df03af",
  "requestedBy": "::1"
}
{
  "timestamp": "2025-08-08T13:00:54.878Z",
  "level": "WARN",
  "message": "Public profile requested for non-existent user",
  "userId": "507f1f77bcf86cd799439011"
}
{
  "timestamp": "2025-08-08T13:00:54.887Z",
  "level": "WARN",
  "message": "Public profile requested for non-existent user",
  "userId": "507f1f77bcf86cd799439011"
}
{
  "timestamp": "2025-08-08T13:00:54.901Z",
  "level": "WARN",
  "message": "Public profile requested for non-existent user",
  "userId": "507f1f77bcf86cd799439011"
}
{
  "timestamp": "2025-08-08T13:00:54.911Z",
  "level": "WARN",
  "message": "Public profile requested for non-existent user",
  "userId": "507f1f77bcf86cd799439011"
}
{
  "timestamp": "2025-08-08T13:00:54.919Z",
  "level": "WARN",
  "message": "Public profile requested for non-existent user",
  "userId": "507f1f77bcf86cd799439011"
}
{
  "timestamp": "2025-08-08T13:00:54.927Z",
  "level": "WARN",
  "message": "Public profile requested for non-existent user",
  "userId": "507f1f77bcf86cd799439011"
}
{
  "timestamp": "2025-08-08T13:00:54.935Z",
  "level": "WARN",
  "message": "Public profile requested for non-existent user",
  "userId": "507f1f77bcf86cd799439011"
}
{
  "timestamp": "2025-08-08T13:00:54.940Z",
  "level": "WARN",
  "message": "Public profile requested for non-existent user",
  "userId": "507f1f77bcf86cd799439011"
}
{
  "timestamp": "2025-08-08T13:00:54.949Z",
  "level": "WARN",
  "message": "Public profile requested for non-existent user",
  "userId": "507f1f77bcf86cd799439011"
}
{
  "timestamp": "2025-08-08T13:00:54.960Z",
  "level": "WARN",
  "message": "Public profile requested for non-existent user",
  "userId": "507f1f77bcf86cd799439011"
}
{
  "timestamp": "2025-08-08T13:00:54.969Z",
  "level": "WARN",
  "message": "Public profile requested for non-existent user",
  "userId": "507f1f77bcf86cd799439011"
}
{
  "timestamp": "2025-08-08T13:00:54.977Z",
  "level": "WARN",
  "message": "Public profile requested for non-existent user",
  "userId": "507f1f77bcf86cd799439011"
}
{
  "timestamp": "2025-08-08T13:02:06.212Z",
  "level": "DEBUG",
  "message": "Registration attempt",
  "email": "nuevo@gmail.com",
  "role": "client"
}
{
  "timestamp": "2025-08-08T13:02:06.341Z",
  "level": "INFO",
  "message": "User registered successfully",
  "userId": "6895f54ee797e78a1bfde855",
  "email": "nuevo@gmail.com",
  "role": "client",
  "emailSent": true
}
{
  "timestamp": "2025-08-08T13:09:14.746Z",
  "level": "INFO",
  "message": "User profile retrieved",
  "userId": "6895f54ee797e78a1bfde855",
  "email": "nuevo@gmail.com"
}
{
  "timestamp": "2025-08-08T13:10:25.282Z",
  "level": "INFO",
  "message": "Verification email sent",
  "userId": "6895f54ee797e78a1bfde855",
  "email": "nuevo@gmail.com"
}
{
  "timestamp": "2025-08-08T13:10:43.091Z",
  "level": "DEBUG",
  "message": "Email verification attempt",
  "token": "c12a5f81ef0b9d42839c16cc847cfba9388239f63a3658122665b168a884e915"
}
{
  "timestamp": "2025-08-08T13:10:43.104Z",
  "level": "INFO",
  "message": "Email verified successfully",
  "userId": "6895f54ee797e78a1bfde855",
  "email": "nuevo@gmail.com"
}
{
  "timestamp": "2025-08-08T13:10:46.141Z",
  "level": "DEBUG",
  "message": "Getting properties list",
  "query": {
    "listingType": "sale"
  },
  "ip": "::1"
}
{
  "timestamp": "2025-08-08T13:10:46.142Z",
  "level": "DEBUG",
  "message": "Query built",
  "query": {
    "status": "available",
    "listingType": "sale"
  },
  "pagination": {
    "page": 1,
    "limit": 10,
    "skip": 0
  },
  "sort": {
    "createdAt": -1
  }
}
{
  "timestamp": "2025-08-08T13:10:46.148Z",
  "level": "INFO",
  "message": "Properties retrieved successfully",
  "total": 50,
  "page": 1,
  "limit": 10,
  "filtersApplied": true
}
{
  "timestamp": "2025-08-08T13:10:46.151Z",
  "level": "DEBUG",
  "message": "Getting properties list",
  "query": {
    "listingType": "sale"
  },
  "ip": "::1"
}
{
  "timestamp": "2025-08-08T13:10:46.151Z",
  "level": "DEBUG",
  "message": "Query built",
  "query": {
    "status": "available",
    "listingType": "sale"
  },
  "pagination": {
    "page": 1,
    "limit": 10,
    "skip": 0
  },
  "sort": {
    "createdAt": -1
  }
}
{
  "timestamp": "2025-08-08T13:10:46.157Z",
  "level": "INFO",
  "message": "Properties retrieved successfully",
  "total": 50,
  "page": 1,
  "limit": 10,
  "filtersApplied": true
}
{
  "timestamp": "2025-08-08T13:10:46.186Z",
  "level": "INFO",
  "message": "Public user profile retrieved",
  "userId": "686d7dc38de09a4f48df03af",
  "requestedBy": "::1"
}
{
  "timestamp": "2025-08-08T13:10:46.189Z",
  "level": "WARN",
  "message": "Public profile requested for non-existent user",
  "userId": "507f1f77bcf86cd799439011"
}
{
  "timestamp": "2025-08-08T13:10:46.197Z",
  "level": "INFO",
  "message": "Public user profile retrieved",
  "userId": "686d7dc38de09a4f48df03af",
  "requestedBy": "::1"
}
{
  "timestamp": "2025-08-08T13:10:46.199Z",
  "level": "WARN",
  "message": "Public profile requested for non-existent user",
  "userId": "507f1f77bcf86cd799439011"
}
{
  "timestamp": "2025-08-08T13:10:46.204Z",
  "level": "INFO",
  "message": "Public user profile retrieved",
  "userId": "686d7dc38de09a4f48df03af",
  "requestedBy": "::1"
}
{
  "timestamp": "2025-08-08T13:10:46.207Z",
  "level": "WARN",
  "message": "Public profile requested for non-existent user",
  "userId": "507f1f77bcf86cd799439011"
}
{
  "timestamp": "2025-08-08T13:10:46.211Z",
  "level": "WARN",
  "message": "Public profile requested for non-existent user",
  "userId": "507f1f77bcf86cd799439011"
}
{
  "timestamp": "2025-08-08T13:10:46.217Z",
  "level": "WARN",
  "message": "Public profile requested for non-existent user",
  "userId": "507f1f77bcf86cd799439011"
}
{
  "timestamp": "2025-08-08T13:10:46.222Z",
  "level": "WARN",
  "message": "Public profile requested for non-existent user",
  "userId": "507f1f77bcf86cd799439011"
}
{
  "timestamp": "2025-08-08T13:10:46.228Z",
  "level": "WARN",
  "message": "Public profile requested for non-existent user",
  "userId": "507f1f77bcf86cd799439011"
}
{
  "timestamp": "2025-08-08T13:38:53.461Z",
  "level": "INFO",
  "message": "Attempting to connect to MongoDB",
  "uri": "URI provided"
}
{
  "timestamp": "2025-08-08T13:38:53.496Z",
  "level": "INFO",
  "message": "Attempting to connect to MongoDB",
  "uri": "URI provided"
}
{
  "timestamp": "2025-08-08T13:38:53.499Z",
  "level": "INFO",
  "message": "MongoDB Connected Successfully"
}
{
  "timestamp": "2025-08-08T13:38:53.521Z",
  "level": "INFO",
  "message": "MongoDB Connected Successfully",
  "host": "localhost",
  "port": 27017,
  "database": "12p"
}
{
  "timestamp": "2025-08-08T13:38:53.547Z",
  "level": "INFO",
  "message": "Properties already exist in database",
  "count": 68
}
{
  "timestamp": "2025-08-08T13:38:53.551Z",
  "level": "INFO",
  "message": "Server started successfully",
  "port": "5001",
  "host": "localhost",
  "environment": "development",
  "healthCheck": "http://localhost:5001/api/health",
  "propertiesEndpoint": "http://localhost:5001/api/properties"
}
{
  "timestamp": "2025-08-08T13:38:58.716Z",
  "level": "INFO",
  "message": "Attempting to connect to MongoDB",
  "uri": "URI provided"
}
{
  "timestamp": "2025-08-08T13:38:58.737Z",
  "level": "INFO",
  "message": "Attempting to connect to MongoDB",
  "uri": "URI provided"
}
{
  "timestamp": "2025-08-08T13:38:58.738Z",
  "level": "INFO",
  "message": "MongoDB Connected Successfully"
}
{
  "timestamp": "2025-08-08T13:38:58.749Z",
  "level": "INFO",
  "message": "MongoDB Connected Successfully",
  "host": "localhost",
  "port": 27017,
  "database": "12p"
}
{
  "timestamp": "2025-08-08T13:38:58.765Z",
  "level": "INFO",
  "message": "Properties already exist in database",
  "count": 68
}
{
  "timestamp": "2025-08-08T13:38:58.767Z",
  "level": "INFO",
  "message": "Server started successfully",
  "port": "5001",
  "host": "localhost",
  "environment": "development",
  "healthCheck": "http://localhost:5001/api/health",
  "propertiesEndpoint": "http://localhost:5001/api/properties"
}
{
  "timestamp": "2025-08-08T13:39:15.754Z",
  "level": "INFO",
  "message": "Attempting to connect to MongoDB",
  "uri": "URI provided"
}
{
  "timestamp": "2025-08-08T13:39:15.771Z",
  "level": "INFO",
  "message": "Attempting to connect to MongoDB",
  "uri": "URI provided"
}
{
  "timestamp": "2025-08-08T13:39:15.772Z",
  "level": "INFO",
  "message": "MongoDB Connected Successfully"
}
{
  "timestamp": "2025-08-08T13:39:15.787Z",
  "level": "INFO",
  "message": "MongoDB Connected Successfully",
  "host": "localhost",
  "port": 27017,
  "database": "12p"
}
{
  "timestamp": "2025-08-08T13:39:15.808Z",
  "level": "INFO",
  "message": "Properties already exist in database",
  "count": 68
}
{
  "timestamp": "2025-08-08T13:39:15.810Z",
  "level": "INFO",
  "message": "Server started successfully",
  "port": "5001",
  "host": "localhost",
  "environment": "development",
  "healthCheck": "http://localhost:5001/api/health",
  "propertiesEndpoint": "http://localhost:5001/api/properties"
}
{
  "timestamp": "2025-08-08T13:39:23.609Z",
  "level": "INFO",
  "message": "Attempting to connect to MongoDB",
  "uri": "URI provided"
}
{
  "timestamp": "2025-08-08T13:39:23.641Z",
  "level": "INFO",
  "message": "Attempting to connect to MongoDB",
  "uri": "URI provided"
}
{
  "timestamp": "2025-08-08T13:39:23.643Z",
  "level": "INFO",
  "message": "MongoDB Connected Successfully"
}
{
  "timestamp": "2025-08-08T13:39:23.655Z",
  "level": "INFO",
  "message": "MongoDB Connected Successfully",
  "host": "localhost",
  "port": 27017,
  "database": "12p"
}
{
  "timestamp": "2025-08-08T13:39:23.673Z",
  "level": "INFO",
  "message": "Properties already exist in database",
  "count": 68
}
{
  "timestamp": "2025-08-08T13:39:23.675Z",
  "level": "INFO",
  "message": "Server started successfully",
  "port": "5001",
  "host": "localhost",
  "environment": "development",
  "healthCheck": "http://localhost:5001/api/health",
  "propertiesEndpoint": "http://localhost:5001/api/properties"
}
{
  "timestamp": "2025-08-08T13:49:31.312Z",
  "level": "INFO",
  "message": "Attempting to connect to MongoDB",
  "uri": "URI provided"
}
{
  "timestamp": "2025-08-08T13:49:31.338Z",
  "level": "INFO",
  "message": "Attempting to connect to MongoDB",
  "uri": "URI provided"
}
{
  "timestamp": "2025-08-08T13:49:31.339Z",
  "level": "INFO",
  "message": "MongoDB Connected Successfully"
}
{
  "timestamp": "2025-08-08T13:49:31.354Z",
  "level": "INFO",
  "message": "MongoDB Connected Successfully",
  "host": "localhost",
  "port": 27017,
  "database": "12p"
}
{
  "timestamp": "2025-08-08T13:49:31.368Z",
  "level": "INFO",
  "message": "Properties already exist in database",
  "count": 68
}
{
  "timestamp": "2025-08-08T13:49:31.371Z",
  "level": "INFO",
  "message": "Server started successfully",
  "port": "5001",
  "host": "localhost",
  "environment": "development",
  "healthCheck": "http://localhost:5001/api/health",
  "propertiesEndpoint": "http://localhost:5001/api/properties"
}
{
  "timestamp": "2025-08-08T13:50:18.584Z",
  "level": "INFO",
  "message": "Attempting to connect to MongoDB",
  "uri": "URI provided"
}
{
  "timestamp": "2025-08-08T13:50:18.602Z",
  "level": "INFO",
  "message": "Attempting to connect to MongoDB",
  "uri": "URI provided"
}
{
  "timestamp": "2025-08-08T13:50:18.603Z",
  "level": "INFO",
  "message": "MongoDB Connected Successfully"
}
{
  "timestamp": "2025-08-08T13:50:18.619Z",
  "level": "INFO",
  "message": "MongoDB Connected Successfully",
  "host": "localhost",
  "port": 27017,
  "database": "12p"
}
{
  "timestamp": "2025-08-08T13:50:18.628Z",
  "level": "INFO",
  "message": "Properties already exist in database",
  "count": 68
}
{
  "timestamp": "2025-08-08T13:50:18.630Z",
  "level": "INFO",
  "message": "Server started successfully",
  "port": "5001",
  "host": "localhost",
  "environment": "development",
  "healthCheck": "http://localhost:5001/api/health",
  "propertiesEndpoint": "http://localhost:5001/api/properties"
}
{
  "timestamp": "2025-08-08T13:51:33.735Z",
  "level": "INFO",
  "message": "User login attempt",
  "email": "test@example.com",
  "ip": "::1",
  "userAgent": "PostmanRuntime/7.45.0"
}
{
  "timestamp": "2025-08-08T13:51:33.736Z",
  "level": "ERROR",
  "message": "Login failed - server error",
  "error": "User.findByEmailWithPassword is not a function",
  "stack": "TypeError: User.findByEmailWithPassword is not a function\n    at login (C:\\Users\\patri\\OneDrive\\Desktop\\12GA\\web\\12p\\backend\\src\\controllers\\authController.js:366:29)\n    at Layer.handle [as handle_request] (C:\\Users\\patri\\OneDrive\\Desktop\\12GA\\web\\12p\\backend\\node_modules\\express\\lib\\router\\layer.js:95:5)\n    at next (C:\\Users\\patri\\OneDrive\\Desktop\\12GA\\web\\12p\\backend\\node_modules\\express\\lib\\router\\route.js:149:13)\n    at Route.dispatch (C:\\Users\\patri\\OneDrive\\Desktop\\12GA\\web\\12p\\backend\\node_modules\\express\\lib\\router\\route.js:119:3)\n    at Layer.handle [as handle_request] (C:\\Users\\patri\\OneDrive\\Desktop\\12GA\\web\\12p\\backend\\node_modules\\express\\lib\\router\\layer.js:95:5)\n    at C:\\Users\\patri\\OneDrive\\Desktop\\12GA\\web\\12p\\backend\\node_modules\\express\\lib\\router\\index.js:284:15\n    at Function.process_params (C:\\Users\\patri\\OneDrive\\Desktop\\12GA\\web\\12p\\backend\\node_modules\\express\\lib\\router\\index.js:346:12)\n    at next (C:\\Users\\patri\\OneDrive\\Desktop\\12GA\\web\\12p\\backend\\node_modules\\express\\lib\\router\\index.js:280:10)\n    at Function.handle (C:\\Users\\patri\\OneDrive\\Desktop\\12GA\\web\\12p\\backend\\node_modules\\express\\lib\\router\\index.js:175:3)\n    at router (C:\\Users\\patri\\OneDrive\\Desktop\\12GA\\web\\12p\\backend\\node_modules\\express\\lib\\router\\index.js:47:12)",
  "email": "test@example.com"
}
{
  "timestamp": "2025-08-08T13:51:33.740Z",
  "level": "ERROR",
  "message": "User.findByEmailWithPassword is not a function",
  "stack": "TypeError: User.findByEmailWithPassword is not a function\n    at login (C:\\Users\\patri\\OneDrive\\Desktop\\12GA\\web\\12p\\backend\\src\\controllers\\authController.js:366:29)\n    at Layer.handle [as handle_request] (C:\\Users\\patri\\OneDrive\\Desktop\\12GA\\web\\12p\\backend\\node_modules\\express\\lib\\router\\layer.js:95:5)\n    at next (C:\\Users\\patri\\OneDrive\\Desktop\\12GA\\web\\12p\\backend\\node_modules\\express\\lib\\router\\route.js:149:13)\n    at Route.dispatch (C:\\Users\\patri\\OneDrive\\Desktop\\12GA\\web\\12p\\backend\\node_modules\\express\\lib\\router\\route.js:119:3)\n    at Layer.handle [as handle_request] (C:\\Users\\patri\\OneDrive\\Desktop\\12GA\\web\\12p\\backend\\node_modules\\express\\lib\\router\\layer.js:95:5)\n    at C:\\Users\\patri\\OneDrive\\Desktop\\12GA\\web\\12p\\backend\\node_modules\\express\\lib\\router\\index.js:284:15\n    at Function.process_params (C:\\Users\\patri\\OneDrive\\Desktop\\12GA\\web\\12p\\backend\\node_modules\\express\\lib\\router\\index.js:346:12)\n    at next (C:\\Users\\patri\\OneDrive\\Desktop\\12GA\\web\\12p\\backend\\node_modules\\express\\lib\\router\\index.js:280:10)\n    at Function.handle (C:\\Users\\patri\\OneDrive\\Desktop\\12GA\\web\\12p\\backend\\node_modules\\express\\lib\\router\\index.js:175:3)\n    at router (C:\\Users\\patri\\OneDrive\\Desktop\\12GA\\web\\12p\\backend\\node_modules\\express\\lib\\router\\index.js:47:12)",
  "request": {
    "method": "POST",
    "url": "/api/auth/login",
    "ip": "::1",
    "userAgent": "PostmanRuntime/7.45.0",
    "body": {
      "email": "test@example.com",
      "password": "test123"
    },
    "params": {},
    "query": {}
  },
  "user": "Anonymous"
}
{
  "timestamp": "2025-08-08T13:53:00.417Z",
  "level": "INFO",
  "message": "User login attempt",
  "email": "john.doe@example.com",
  "ip": "::1",
  "userAgent": "PostmanRuntime/7.45.0"
}
{
  "timestamp": "2025-08-08T13:53:00.419Z",
  "level": "ERROR",
  "message": "Login failed - server error",
  "error": "User.findByEmailWithPassword is not a function",
  "stack": "TypeError: User.findByEmailWithPassword is not a function\n    at login (C:\\Users\\patri\\OneDrive\\Desktop\\12GA\\web\\12p\\backend\\src\\controllers\\authController.js:366:29)\n    at Layer.handle [as handle_request] (C:\\Users\\patri\\OneDrive\\Desktop\\12GA\\web\\12p\\backend\\node_modules\\express\\lib\\router\\layer.js:95:5)\n    at next (C:\\Users\\patri\\OneDrive\\Desktop\\12GA\\web\\12p\\backend\\node_modules\\express\\lib\\router\\route.js:149:13)\n    at Route.dispatch (C:\\Users\\patri\\OneDrive\\Desktop\\12GA\\web\\12p\\backend\\node_modules\\express\\lib\\router\\route.js:119:3)\n    at Layer.handle [as handle_request] (C:\\Users\\patri\\OneDrive\\Desktop\\12GA\\web\\12p\\backend\\node_modules\\express\\lib\\router\\layer.js:95:5)\n    at C:\\Users\\patri\\OneDrive\\Desktop\\12GA\\web\\12p\\backend\\node_modules\\express\\lib\\router\\index.js:284:15\n    at Function.process_params (C:\\Users\\patri\\OneDrive\\Desktop\\12GA\\web\\12p\\backend\\node_modules\\express\\lib\\router\\index.js:346:12)\n    at next (C:\\Users\\patri\\OneDrive\\Desktop\\12GA\\web\\12p\\backend\\node_modules\\express\\lib\\router\\index.js:280:10)\n    at Function.handle (C:\\Users\\patri\\OneDrive\\Desktop\\12GA\\web\\12p\\backend\\node_modules\\express\\lib\\router\\index.js:175:3)\n    at router (C:\\Users\\patri\\OneDrive\\Desktop\\12GA\\web\\12p\\backend\\node_modules\\express\\lib\\router\\index.js:47:12)",
  "email": "john.doe@example.com"
}
{
  "timestamp": "2025-08-08T13:53:00.421Z",
  "level": "ERROR",
  "message": "User.findByEmailWithPassword is not a function",
  "stack": "TypeError: User.findByEmailWithPassword is not a function\n    at login (C:\\Users\\patri\\OneDrive\\Desktop\\12GA\\web\\12p\\backend\\src\\controllers\\authController.js:366:29)\n    at Layer.handle [as handle_request] (C:\\Users\\patri\\OneDrive\\Desktop\\12GA\\web\\12p\\backend\\node_modules\\express\\lib\\router\\layer.js:95:5)\n    at next (C:\\Users\\patri\\OneDrive\\Desktop\\12GA\\web\\12p\\backend\\node_modules\\express\\lib\\router\\route.js:149:13)\n    at Route.dispatch (C:\\Users\\patri\\OneDrive\\Desktop\\12GA\\web\\12p\\backend\\node_modules\\express\\lib\\router\\route.js:119:3)\n    at Layer.handle [as handle_request] (C:\\Users\\patri\\OneDrive\\Desktop\\12GA\\web\\12p\\backend\\node_modules\\express\\lib\\router\\layer.js:95:5)\n    at C:\\Users\\patri\\OneDrive\\Desktop\\12GA\\web\\12p\\backend\\node_modules\\express\\lib\\router\\index.js:284:15\n    at Function.process_params (C:\\Users\\patri\\OneDrive\\Desktop\\12GA\\web\\12p\\backend\\node_modules\\express\\lib\\router\\index.js:346:12)\n    at next (C:\\Users\\patri\\OneDrive\\Desktop\\12GA\\web\\12p\\backend\\node_modules\\express\\lib\\router\\index.js:280:10)\n    at Function.handle (C:\\Users\\patri\\OneDrive\\Desktop\\12GA\\web\\12p\\backend\\node_modules\\express\\lib\\router\\index.js:175:3)\n    at router (C:\\Users\\patri\\OneDrive\\Desktop\\12GA\\web\\12p\\backend\\node_modules\\express\\lib\\router\\index.js:47:12)",
  "request": {
    "method": "POST",
    "url": "/api/auth/login",
    "ip": "::1",
    "userAgent": "PostmanRuntime/7.45.0",
    "body": {
      "email": "john.doe@example.com",
      "password": "password123"
    },
    "params": {},
    "query": {}
  },
  "user": "Anonymous"
}
