{
  "timestamp": "2025-07-14T19:27:27.012Z",
  "level": "INFO",
  "message": "12P Backend API Starting",
  "environment": "development",
  "port": "5001",
  "frontendUrl": "http://localhost:4200"
}
{
  "timestamp": "2025-07-14T19:27:27.016Z",
  "level": "INFO",
  "message": "Attempting to connect to MongoDB",
  "uri": "URI provided"
}
{
  "timestamp": "2025-07-14T19:27:27.059Z",
  "level": "INFO",
  "message": "MongoDB Connected Successfully",
  "host": "localhost",
  "port": 27017,
  "database": "12p"
}
{
  "timestamp": "2025-07-14T19:27:27.131Z",
  "level": "INFO",
  "message": "Properties already exist in database",
  "count": 65
}
{
  "timestamp": "2025-07-14T19:27:27.135Z",
  "level": "INFO",
  "message": "Server started successfully",
  "port": "5001",
  "host": "localhost",
  "environment": "development",
  "healthCheck": "http://localhost:5001/api/health",
  "propertiesEndpoint": "http://localhost:5001/api/properties"
}
{
  "timestamp": "2025-07-14T19:27:42.744Z",
  "level": "DEBUG",
  "message": "Getting properties list",
  "query": {},
  "ip": "::1"
}
{
  "timestamp": "2025-07-14T19:27:42.746Z",
  "level": "DEBUG",
  "message": "Query built",
  "query": {
    "status": "available"
  },
  "pagination": {
    "page": 1,
    "limit": 10,
    "skip": 0
  },
  "sort": {
    "createdAt": -1
  }
}
{
  "timestamp": "2025-07-14T19:27:42.763Z",
  "level": "INFO",
  "message": "Properties retrieved successfully",
  "total": 65,
  "page": 1,
  "limit": 10,
  "filtersApplied": false
}
{
  "timestamp": "2025-07-14T19:27:42.773Z",
  "level": "DEBUG",
  "message": "Getting properties list",
  "query": {},
  "ip": "::1"
}
{
  "timestamp": "2025-07-14T19:27:42.774Z",
  "level": "DEBUG",
  "message": "Query built",
  "query": {
    "status": "available"
  },
  "pagination": {
    "page": 1,
    "limit": 10,
    "skip": 0
  },
  "sort": {
    "createdAt": -1
  }
}
{
  "timestamp": "2025-07-14T19:27:42.781Z",
  "level": "INFO",
  "message": "Properties retrieved successfully",
  "total": 65,
  "page": 1,
  "limit": 10,
  "filtersApplied": false
}
{
  "timestamp": "2025-07-14T19:27:55.469Z",
  "level": "DEBUG",
  "message": "Getting properties list",
  "query": {
    "listingType": "sale"
  },
  "ip": "::1"
}
{
  "timestamp": "2025-07-14T19:27:55.470Z",
  "level": "DEBUG",
  "message": "Query built",
  "query": {
    "status": "available",
    "listingType": "sale"
  },
  "pagination": {
    "page": 1,
    "limit": 10,
    "skip": 0
  },
  "sort": {
    "createdAt": -1
  }
}
{
  "timestamp": "2025-07-14T19:27:55.478Z",
  "level": "INFO",
  "message": "Properties retrieved successfully",
  "total": 47,
  "page": 1,
  "limit": 10,
  "filtersApplied": true
}
{
  "timestamp": "2025-07-14T19:27:59.543Z",
  "level": "DEBUG",
  "message": "Getting properties list",
  "query": {},
  "ip": "::1"
}
{
  "timestamp": "2025-07-14T19:27:59.545Z",
  "level": "DEBUG",
  "message": "Query built",
  "query": {
    "status": "available"
  },
  "pagination": {
    "page": 1,
    "limit": 10,
    "skip": 0
  },
  "sort": {
    "createdAt": -1
  }
}
{
  "timestamp": "2025-07-14T19:27:59.554Z",
  "level": "INFO",
  "message": "Properties retrieved successfully",
  "total": 65,
  "page": 1,
  "limit": 10,
  "filtersApplied": false
}
{
  "timestamp": "2025-07-14T19:27:59.562Z",
  "level": "DEBUG",
  "message": "Getting properties list",
  "query": {},
  "ip": "::1"
}
{
  "timestamp": "2025-07-14T19:27:59.564Z",
  "level": "DEBUG",
  "message": "Query built",
  "query": {
    "status": "available"
  },
  "pagination": {
    "page": 1,
    "limit": 10,
    "skip": 0
  },
  "sort": {
    "createdAt": -1
  }
}
{
  "timestamp": "2025-07-14T19:27:59.573Z",
  "level": "INFO",
  "message": "Properties retrieved successfully",
  "total": 65,
  "page": 1,
  "limit": 10,
  "filtersApplied": false
}
{
  "timestamp": "2025-07-14T19:42:48.455Z",
  "level": "DEBUG",
  "message": "Getting properties list",
  "query": {},
  "ip": "::1"
}
{
  "timestamp": "2025-07-14T19:42:48.456Z",
  "level": "DEBUG",
  "message": "Query built",
  "query": {
    "status": "available"
  },
  "pagination": {
    "page": 1,
    "limit": 10,
    "skip": 0
  },
  "sort": {
    "createdAt": -1
  }
}
{
  "timestamp": "2025-07-14T19:42:48.461Z",
  "level": "INFO",
  "message": "Properties retrieved successfully",
  "total": 65,
  "page": 1,
  "limit": 10,
  "filtersApplied": false
}
{
  "timestamp": "2025-07-14T19:42:48.467Z",
  "level": "DEBUG",
  "message": "Getting properties list",
  "query": {},
  "ip": "::1"
}
{
  "timestamp": "2025-07-14T19:42:48.468Z",
  "level": "DEBUG",
  "message": "Query built",
  "query": {
    "status": "available"
  },
  "pagination": {
    "page": 1,
    "limit": 10,
    "skip": 0
  },
  "sort": {
    "createdAt": -1
  }
}
{
  "timestamp": "2025-07-14T19:42:48.472Z",
  "level": "INFO",
  "message": "Properties retrieved successfully",
  "total": 65,
  "page": 1,
  "limit": 10,
  "filtersApplied": false
}
{
  "timestamp": "2025-07-14T19:43:22.476Z",
  "level": "DEBUG",
  "message": "Getting properties list",
  "query": {},
  "ip": "::1"
}
{
  "timestamp": "2025-07-14T19:43:22.477Z",
  "level": "DEBUG",
  "message": "Query built",
  "query": {
    "status": "available"
  },
  "pagination": {
    "page": 1,
    "limit": 10,
    "skip": 0
  },
  "sort": {
    "createdAt": -1
  }
}
{
  "timestamp": "2025-07-14T19:43:22.482Z",
  "level": "INFO",
  "message": "Properties retrieved successfully",
  "total": 65,
  "page": 1,
  "limit": 10,
  "filtersApplied": false
}
{
  "timestamp": "2025-07-14T19:43:22.489Z",
  "level": "DEBUG",
  "message": "Getting properties list",
  "query": {},
  "ip": "::1"
}
{
  "timestamp": "2025-07-14T19:43:22.490Z",
  "level": "DEBUG",
  "message": "Query built",
  "query": {
    "status": "available"
  },
  "pagination": {
    "page": 1,
    "limit": 10,
    "skip": 0
  },
  "sort": {
    "createdAt": -1
  }
}
{
  "timestamp": "2025-07-14T19:43:22.497Z",
  "level": "INFO",
  "message": "Properties retrieved successfully",
  "total": 65,
  "page": 1,
  "limit": 10,
  "filtersApplied": false
}
{
  "timestamp": "2025-07-14T19:43:46.025Z",
  "level": "DEBUG",
  "message": "Getting properties list",
  "query": {},
  "ip": "::1"
}
{
  "timestamp": "2025-07-14T19:43:46.026Z",
  "level": "DEBUG",
  "message": "Query built",
  "query": {
    "status": "available"
  },
  "pagination": {
    "page": 1,
    "limit": 10,
    "skip": 0
  },
  "sort": {
    "createdAt": -1
  }
}
{
  "timestamp": "2025-07-14T19:43:46.033Z",
  "level": "INFO",
  "message": "Properties retrieved successfully",
  "total": 65,
  "page": 1,
  "limit": 10,
  "filtersApplied": false
}
{
  "timestamp": "2025-07-14T19:43:46.038Z",
  "level": "DEBUG",
  "message": "Getting properties list",
  "query": {},
  "ip": "::1"
}
{
  "timestamp": "2025-07-14T19:43:46.040Z",
  "level": "DEBUG",
  "message": "Query built",
  "query": {
    "status": "available"
  },
  "pagination": {
    "page": 1,
    "limit": 10,
    "skip": 0
  },
  "sort": {
    "createdAt": -1
  }
}
{
  "timestamp": "2025-07-14T19:43:46.045Z",
  "level": "INFO",
  "message": "Properties retrieved successfully",
  "total": 65,
  "page": 1,
  "limit": 10,
  "filtersApplied": false
}
{
  "timestamp": "2025-07-14T19:43:50.435Z",
  "level": "DEBUG",
  "message": "Getting properties list",
  "query": {
    "listingType": "rent"
  },
  "ip": "::1"
}
{
  "timestamp": "2025-07-14T19:43:50.436Z",
  "level": "DEBUG",
  "message": "Query built",
  "query": {
    "status": "available",
    "listingType": "rent"
  },
  "pagination": {
    "page": 1,
    "limit": 10,
    "skip": 0
  },
  "sort": {
    "createdAt": -1
  }
}
{
  "timestamp": "2025-07-14T19:43:50.443Z",
  "level": "INFO",
  "message": "Properties retrieved successfully",
  "total": 18,
  "page": 1,
  "limit": 10,
  "filtersApplied": true
}
{
  "timestamp": "2025-07-14T19:43:52.910Z",
  "level": "DEBUG",
  "message": "Getting properties list",
  "query": {
    "listingType": "sale"
  },
  "ip": "::1"
}
{
  "timestamp": "2025-07-14T19:43:52.911Z",
  "level": "DEBUG",
  "message": "Query built",
  "query": {
    "status": "available",
    "listingType": "sale"
  },
  "pagination": {
    "page": 1,
    "limit": 10,
    "skip": 0
  },
  "sort": {
    "createdAt": -1
  }
}
{
  "timestamp": "2025-07-14T19:43:52.916Z",
  "level": "INFO",
  "message": "Properties retrieved successfully",
  "total": 47,
  "page": 1,
  "limit": 10,
  "filtersApplied": true
}
{
  "timestamp": "2025-07-14T19:43:54.651Z",
  "level": "DEBUG",
  "message": "Getting properties list",
  "query": {
    "listingType": "rent"
  },
  "ip": "::1"
}
{
  "timestamp": "2025-07-14T19:43:54.652Z",
  "level": "DEBUG",
  "message": "Query built",
  "query": {
    "status": "available",
    "listingType": "rent"
  },
  "pagination": {
    "page": 1,
    "limit": 10,
    "skip": 0
  },
  "sort": {
    "createdAt": -1
  }
}
{
  "timestamp": "2025-07-14T19:43:54.657Z",
  "level": "INFO",
  "message": "Properties retrieved successfully",
  "total": 18,
  "page": 1,
  "limit": 10,
  "filtersApplied": true
}
{
  "timestamp": "2025-07-14T19:43:57.050Z",
  "level": "DEBUG",
  "message": "Getting properties list",
  "query": {
    "listingType": "rent"
  },
  "ip": "::1"
}
{
  "timestamp": "2025-07-14T19:43:57.051Z",
  "level": "DEBUG",
  "message": "Query built",
  "query": {
    "status": "available",
    "listingType": "rent"
  },
  "pagination": {
    "page": 1,
    "limit": 10,
    "skip": 0
  },
  "sort": {
    "createdAt": -1
  }
}
{
  "timestamp": "2025-07-14T19:43:57.055Z",
  "level": "INFO",
  "message": "Properties retrieved successfully",
  "total": 18,
  "page": 1,
  "limit": 10,
  "filtersApplied": true
}
{
  "timestamp": "2025-07-14T19:43:57.751Z",
  "level": "DEBUG",
  "message": "Getting properties list",
  "query": {
    "listingType": "sale"
  },
  "ip": "::1"
}
{
  "timestamp": "2025-07-14T19:43:57.752Z",
  "level": "DEBUG",
  "message": "Query built",
  "query": {
    "status": "available",
    "listingType": "sale"
  },
  "pagination": {
    "page": 1,
    "limit": 10,
    "skip": 0
  },
  "sort": {
    "createdAt": -1
  }
}
{
  "timestamp": "2025-07-14T19:43:57.757Z",
  "level": "INFO",
  "message": "Properties retrieved successfully",
  "total": 47,
  "page": 1,
  "limit": 10,
  "filtersApplied": true
}
{
  "timestamp": "2025-07-14T19:44:32.050Z",
  "level": "DEBUG",
  "message": "Getting properties list",
  "query": {},
  "ip": "::1"
}
{
  "timestamp": "2025-07-14T19:44:32.053Z",
  "level": "DEBUG",
  "message": "Query built",
  "query": {
    "status": "available"
  },
  "pagination": {
    "page": 1,
    "limit": 10,
    "skip": 0
  },
  "sort": {
    "createdAt": -1
  }
}
{
  "timestamp": "2025-07-14T19:44:32.059Z",
  "level": "INFO",
  "message": "Properties retrieved successfully",
  "total": 65,
  "page": 1,
  "limit": 10,
  "filtersApplied": false
}
{
  "timestamp": "2025-07-14T19:44:32.065Z",
  "level": "DEBUG",
  "message": "Getting properties list",
  "query": {},
  "ip": "::1"
}
{
  "timestamp": "2025-07-14T19:44:32.067Z",
  "level": "DEBUG",
  "message": "Query built",
  "query": {
    "status": "available"
  },
  "pagination": {
    "page": 1,
    "limit": 10,
    "skip": 0
  },
  "sort": {
    "createdAt": -1
  }
}
{
  "timestamp": "2025-07-14T19:44:32.071Z",
  "level": "INFO",
  "message": "Properties retrieved successfully",
  "total": 65,
  "page": 1,
  "limit": 10,
  "filtersApplied": false
}
{
  "timestamp": "2025-07-14T19:48:46.642Z",
  "level": "INFO",
  "message": "12P Backend API Starting",
  "environment": "development",
  "port": "5001",
  "frontendUrl": "http://localhost:4200"
}
{
  "timestamp": "2025-07-14T19:48:46.646Z",
  "level": "INFO",
  "message": "Attempting to connect to MongoDB",
  "uri": "URI provided"
}
{
  "timestamp": "2025-07-14T19:48:46.670Z",
  "level": "INFO",
  "message": "MongoDB Connected Successfully",
  "host": "localhost",
  "port": 27017,
  "database": "12p"
}
{
  "timestamp": "2025-07-14T19:48:46.690Z",
  "level": "INFO",
  "message": "Properties already exist in database",
  "count": 65
}
{
  "timestamp": "2025-07-14T19:48:46.693Z",
  "level": "INFO",
  "message": "Server started successfully",
  "port": "5001",
  "host": "localhost",
  "environment": "development",
  "healthCheck": "http://localhost:5001/api/health",
  "propertiesEndpoint": "http://localhost:5001/api/properties"
}
{
  "timestamp": "2025-07-14T19:48:57.363Z",
  "level": "INFO",
  "message": "12P Backend API Starting",
  "environment": "development",
  "port": "5001",
  "frontendUrl": "http://localhost:4200"
}
{
  "timestamp": "2025-07-14T19:48:57.367Z",
  "level": "INFO",
  "message": "Attempting to connect to MongoDB",
  "uri": "URI provided"
}
{
  "timestamp": "2025-07-14T19:48:57.396Z",
  "level": "INFO",
  "message": "MongoDB Connected Successfully",
  "host": "localhost",
  "port": 27017,
  "database": "12p"
}
{
  "timestamp": "2025-07-14T19:48:57.415Z",
  "level": "INFO",
  "message": "Properties already exist in database",
  "count": 65
}
{
  "timestamp": "2025-07-14T19:48:57.418Z",
  "level": "INFO",
  "message": "Server started successfully",
  "port": "5001",
  "host": "localhost",
  "environment": "development",
  "healthCheck": "http://localhost:5001/api/health",
  "propertiesEndpoint": "http://localhost:5001/api/properties"
}
{
  "timestamp": "2025-07-14T19:49:50.540Z",
  "level": "INFO",
  "message": "12P Backend API Starting",
  "environment": "development",
  "port": "5001",
  "frontendUrl": "http://localhost:4200"
}
{
  "timestamp": "2025-07-14T19:49:50.544Z",
  "level": "INFO",
  "message": "Attempting to connect to MongoDB",
  "uri": "URI provided"
}
{
  "timestamp": "2025-07-14T19:49:50.570Z",
  "level": "INFO",
  "message": "MongoDB Connected Successfully",
  "host": "localhost",
  "port": 27017,
  "database": "12p"
}
{
  "timestamp": "2025-07-14T19:49:50.591Z",
  "level": "INFO",
  "message": "Properties already exist in database",
  "count": 65
}
{
  "timestamp": "2025-07-14T19:49:50.594Z",
  "level": "INFO",
  "message": "Server started successfully",
  "port": "5001",
  "host": "localhost",
  "environment": "development",
  "healthCheck": "http://localhost:5001/api/health",
  "propertiesEndpoint": "http://localhost:5001/api/properties"
}
{
  "timestamp": "2025-07-14T19:50:09.290Z",
  "level": "INFO",
  "message": "SIGINT received, shutting down gracefully"
}
{
  "timestamp": "2025-07-14T19:50:13.443Z",
  "level": "INFO",
  "message": "12P Backend API Starting",
  "environment": "development",
  "port": "5001",
  "frontendUrl": "http://localhost:4200"
}
{
  "timestamp": "2025-07-14T19:50:13.446Z",
  "level": "INFO",
  "message": "Attempting to connect to MongoDB",
  "uri": "URI provided"
}
{
  "timestamp": "2025-07-14T19:50:13.472Z",
  "level": "INFO",
  "message": "MongoDB Connected Successfully",
  "host": "localhost",
  "port": 27017,
  "database": "12p"
}
{
  "timestamp": "2025-07-14T19:50:13.491Z",
  "level": "INFO",
  "message": "Properties already exist in database",
  "count": 65
}
{
  "timestamp": "2025-07-14T19:50:13.494Z",
  "level": "INFO",
  "message": "Server started successfully",
  "port": "5001",
  "host": "localhost",
  "environment": "development",
  "healthCheck": "http://localhost:5001/api/health",
  "propertiesEndpoint": "http://localhost:5001/api/properties"
}
{
  "timestamp": "2025-07-14T19:50:28.552Z",
  "level": "DEBUG",
  "message": "Getting properties list",
  "query": {},
  "ip": "::1"
}
{
  "timestamp": "2025-07-14T19:50:28.555Z",
  "level": "DEBUG",
  "message": "Query built",
  "query": {
    "status": "available"
  },
  "pagination": {
    "page": 1,
    "limit": 10,
    "skip": 0
  },
  "sort": {
    "createdAt": -1
  }
}
{
  "timestamp": "2025-07-14T19:50:28.570Z",
  "level": "INFO",
  "message": "Properties retrieved successfully",
  "total": 65,
  "page": 1,
  "limit": 10,
  "filtersApplied": false
}
{
  "timestamp": "2025-07-14T19:50:28.583Z",
  "level": "DEBUG",
  "message": "Getting properties list",
  "query": {},
  "ip": "::1"
}
{
  "timestamp": "2025-07-14T19:50:28.587Z",
  "level": "DEBUG",
  "message": "Query built",
  "query": {
    "status": "available"
  },
  "pagination": {
    "page": 1,
    "limit": 10,
    "skip": 0
  },
  "sort": {
    "createdAt": -1
  }
}
{
  "timestamp": "2025-07-14T19:50:28.605Z",
  "level": "INFO",
  "message": "Properties retrieved successfully",
  "total": 65,
  "page": 1,
  "limit": 10,
  "filtersApplied": false
}
{
  "timestamp": "2025-07-14T19:50:38.803Z",
  "level": "DEBUG",
  "message": "Getting properties list",
  "query": {
    "listingType": "rent"
  },
  "ip": "::1"
}
{
  "timestamp": "2025-07-14T19:50:38.804Z",
  "level": "DEBUG",
  "message": "Query built",
  "query": {
    "status": "available",
    "listingType": "rent"
  },
  "pagination": {
    "page": 1,
    "limit": 10,
    "skip": 0
  },
  "sort": {
    "createdAt": -1
  }
}
{
  "timestamp": "2025-07-14T19:50:38.809Z",
  "level": "INFO",
  "message": "Properties retrieved successfully",
  "total": 18,
  "page": 1,
  "limit": 10,
  "filtersApplied": true
}
{
  "timestamp": "2025-07-14T19:50:39.787Z",
  "level": "DEBUG",
  "message": "Getting properties list",
  "query": {
    "listingType": "sale"
  },
  "ip": "::1"
}
{
  "timestamp": "2025-07-14T19:50:39.788Z",
  "level": "DEBUG",
  "message": "Query built",
  "query": {
    "status": "available",
    "listingType": "sale"
  },
  "pagination": {
    "page": 1,
    "limit": 10,
    "skip": 0
  },
  "sort": {
    "createdAt": -1
  }
}
{
  "timestamp": "2025-07-14T19:50:39.794Z",
  "level": "INFO",
  "message": "Properties retrieved successfully",
  "total": 47,
  "page": 1,
  "limit": 10,
  "filtersApplied": true
}
{
  "timestamp": "2025-07-14T19:50:41.625Z",
  "level": "DEBUG",
  "message": "Getting properties list",
  "query": {
    "listingType": "rent"
  },
  "ip": "::1"
}
{
  "timestamp": "2025-07-14T19:50:41.626Z",
  "level": "DEBUG",
  "message": "Query built",
  "query": {
    "status": "available",
    "listingType": "rent"
  },
  "pagination": {
    "page": 1,
    "limit": 10,
    "skip": 0
  },
  "sort": {
    "createdAt": -1
  }
}
{
  "timestamp": "2025-07-14T19:50:41.631Z",
  "level": "INFO",
  "message": "Properties retrieved successfully",
  "total": 18,
  "page": 1,
  "limit": 10,
  "filtersApplied": true
}
{
  "timestamp": "2025-07-14T19:50:42.341Z",
  "level": "DEBUG",
  "message": "Getting properties list",
  "query": {
    "listingType": "rent"
  },
  "ip": "::1"
}
{
  "timestamp": "2025-07-14T19:50:42.342Z",
  "level": "DEBUG",
  "message": "Query built",
  "query": {
    "status": "available",
    "listingType": "rent"
  },
  "pagination": {
    "page": 1,
    "limit": 10,
    "skip": 0
  },
  "sort": {
    "createdAt": -1
  }
}
{
  "timestamp": "2025-07-14T19:50:42.348Z",
  "level": "INFO",
  "message": "Properties retrieved successfully",
  "total": 18,
  "page": 1,
  "limit": 10,
  "filtersApplied": true
}
{
  "timestamp": "2025-07-14T19:50:42.979Z",
  "level": "DEBUG",
  "message": "Getting properties list",
  "query": {
    "listingType": "sale"
  },
  "ip": "::1"
}
{
  "timestamp": "2025-07-14T19:50:42.980Z",
  "level": "DEBUG",
  "message": "Query built",
  "query": {
    "status": "available",
    "listingType": "sale"
  },
  "pagination": {
    "page": 1,
    "limit": 10,
    "skip": 0
  },
  "sort": {
    "createdAt": -1
  }
}
{
  "timestamp": "2025-07-14T19:50:42.985Z",
  "level": "INFO",
  "message": "Properties retrieved successfully",
  "total": 47,
  "page": 1,
  "limit": 10,
  "filtersApplied": true
}
{
  "timestamp": "2025-07-14T19:56:17.806Z",
  "level": "DEBUG",
  "message": "Getting properties list",
  "query": {},
  "ip": "::1"
}
{
  "timestamp": "2025-07-14T19:56:17.807Z",
  "level": "DEBUG",
  "message": "Query built",
  "query": {
    "status": "available"
  },
  "pagination": {
    "page": 1,
    "limit": 10,
    "skip": 0
  },
  "sort": {
    "createdAt": -1
  }
}
{
  "timestamp": "2025-07-14T19:56:17.814Z",
  "level": "INFO",
  "message": "Properties retrieved successfully",
  "total": 65,
  "page": 1,
  "limit": 10,
  "filtersApplied": false
}
{
  "timestamp": "2025-07-14T19:56:17.822Z",
  "level": "DEBUG",
  "message": "Getting properties list",
  "query": {},
  "ip": "::1"
}
{
  "timestamp": "2025-07-14T19:56:17.823Z",
  "level": "DEBUG",
  "message": "Query built",
  "query": {
    "status": "available"
  },
  "pagination": {
    "page": 1,
    "limit": 10,
    "skip": 0
  },
  "sort": {
    "createdAt": -1
  }
}
{
  "timestamp": "2025-07-14T19:56:17.829Z",
  "level": "INFO",
  "message": "Properties retrieved successfully",
  "total": 65,
  "page": 1,
  "limit": 10,
  "filtersApplied": false
}
{
  "timestamp": "2025-07-14T19:56:25.802Z",
  "level": "DEBUG",
  "message": "Getting properties list",
  "query": {
    "listingType": "rent"
  },
  "ip": "::1"
}
{
  "timestamp": "2025-07-14T19:56:25.803Z",
  "level": "DEBUG",
  "message": "Query built",
  "query": {
    "status": "available",
    "listingType": "rent"
  },
  "pagination": {
    "page": 1,
    "limit": 10,
    "skip": 0
  },
  "sort": {
    "createdAt": -1
  }
}
{
  "timestamp": "2025-07-14T19:56:25.808Z",
  "level": "INFO",
  "message": "Properties retrieved successfully",
  "total": 18,
  "page": 1,
  "limit": 10,
  "filtersApplied": true
}
{
  "timestamp": "2025-07-14T19:56:31.005Z",
  "level": "DEBUG",
  "message": "Getting properties list",
  "query": {
    "listingType": "rent"
  },
  "ip": "::1"
}
{
  "timestamp": "2025-07-14T19:56:31.005Z",
  "level": "DEBUG",
  "message": "Query built",
  "query": {
    "status": "available",
    "listingType": "rent"
  },
  "pagination": {
    "page": 1,
    "limit": 10,
    "skip": 0
  },
  "sort": {
    "createdAt": -1
  }
}
{
  "timestamp": "2025-07-14T19:56:31.011Z",
  "level": "INFO",
  "message": "Properties retrieved successfully",
  "total": 18,
  "page": 1,
  "limit": 10,
  "filtersApplied": true
}
{
  "timestamp": "2025-07-14T19:56:33.771Z",
  "level": "DEBUG",
  "message": "Getting properties list",
  "query": {
    "listingType": "sale"
  },
  "ip": "::1"
}
{
  "timestamp": "2025-07-14T19:56:33.772Z",
  "level": "DEBUG",
  "message": "Query built",
  "query": {
    "status": "available",
    "listingType": "sale"
  },
  "pagination": {
    "page": 1,
    "limit": 10,
    "skip": 0
  },
  "sort": {
    "createdAt": -1
  }
}
{
  "timestamp": "2025-07-14T19:56:33.776Z",
  "level": "INFO",
  "message": "Properties retrieved successfully",
  "total": 47,
  "page": 1,
  "limit": 10,
  "filtersApplied": true
}
{
  "timestamp": "2025-07-14T19:57:15.353Z",
  "level": "DEBUG",
  "message": "Getting properties list",
  "query": {
    "listingType": "rent"
  },
  "ip": "::1"
}
{
  "timestamp": "2025-07-14T19:57:15.354Z",
  "level": "DEBUG",
  "message": "Query built",
  "query": {
    "status": "available",
    "listingType": "rent"
  },
  "pagination": {
    "page": 1,
    "limit": 10,
    "skip": 0
  },
  "sort": {
    "createdAt": -1
  }
}
{
  "timestamp": "2025-07-14T19:57:15.357Z",
  "level": "INFO",
  "message": "Properties retrieved successfully",
  "total": 18,
  "page": 1,
  "limit": 10,
  "filtersApplied": true
}
{
  "timestamp": "2025-07-14T19:57:39.039Z",
  "level": "DEBUG",
  "message": "Getting properties list",
  "query": {
    "listingType": "rent"
  },
  "ip": "::1"
}
{
  "timestamp": "2025-07-14T19:57:39.040Z",
  "level": "DEBUG",
  "message": "Query built",
  "query": {
    "status": "available",
    "listingType": "rent"
  },
  "pagination": {
    "page": 1,
    "limit": 10,
    "skip": 0
  },
  "sort": {
    "createdAt": -1
  }
}
{
  "timestamp": "2025-07-14T19:57:39.044Z",
  "level": "INFO",
  "message": "Properties retrieved successfully",
  "total": 18,
  "page": 1,
  "limit": 10,
  "filtersApplied": true
}
{
  "timestamp": "2025-07-14T19:58:27.085Z",
  "level": "DEBUG",
  "message": "Getting properties list",
  "query": {
    "listingType": "rent"
  },
  "ip": "::1"
}
{
  "timestamp": "2025-07-14T19:58:27.086Z",
  "level": "DEBUG",
  "message": "Query built",
  "query": {
    "status": "available",
    "listingType": "rent"
  },
  "pagination": {
    "page": 1,
    "limit": 10,
    "skip": 0
  },
  "sort": {
    "createdAt": -1
  }
}
{
  "timestamp": "2025-07-14T19:58:27.090Z",
  "level": "INFO",
  "message": "Properties retrieved successfully",
  "total": 18,
  "page": 1,
  "limit": 10,
  "filtersApplied": true
}
{
  "timestamp": "2025-07-14T20:01:49.016Z",
  "level": "DEBUG",
  "message": "Getting properties list",
  "query": {
    "listingType": "sale"
  },
  "ip": "::1"
}
{
  "timestamp": "2025-07-14T20:01:49.020Z",
  "level": "DEBUG",
  "message": "Query built",
  "query": {
    "status": "available",
    "listingType": "sale"
  },
  "pagination": {
    "page": 1,
    "limit": 10,
    "skip": 0
  },
  "sort": {
    "createdAt": -1
  }
}
{
  "timestamp": "2025-07-14T20:01:49.029Z",
  "level": "INFO",
  "message": "Properties retrieved successfully",
  "total": 47,
  "page": 1,
  "limit": 10,
  "filtersApplied": true
}
{
  "timestamp": "2025-07-14T20:01:49.040Z",
  "level": "DEBUG",
  "message": "Getting properties list",
  "query": {
    "listingType": "sale"
  },
  "ip": "::1"
}
{
  "timestamp": "2025-07-14T20:01:49.041Z",
  "level": "DEBUG",
  "message": "Query built",
  "query": {
    "status": "available",
    "listingType": "sale"
  },
  "pagination": {
    "page": 1,
    "limit": 10,
    "skip": 0
  },
  "sort": {
    "createdAt": -1
  }
}
{
  "timestamp": "2025-07-14T20:01:49.046Z",
  "level": "INFO",
  "message": "Properties retrieved successfully",
  "total": 47,
  "page": 1,
  "limit": 10,
  "filtersApplied": true
}
{
  "timestamp": "2025-07-14T20:02:01.643Z",
  "level": "DEBUG",
  "message": "Getting properties list",
  "query": {
    "listingType": "rent"
  },
  "ip": "::1"
}
{
  "timestamp": "2025-07-14T20:02:01.643Z",
  "level": "DEBUG",
  "message": "Query built",
  "query": {
    "status": "available",
    "listingType": "rent"
  },
  "pagination": {
    "page": 1,
    "limit": 10,
    "skip": 0
  },
  "sort": {
    "createdAt": -1
  }
}
{
  "timestamp": "2025-07-14T20:02:01.647Z",
  "level": "INFO",
  "message": "Properties retrieved successfully",
  "total": 18,
  "page": 1,
  "limit": 10,
  "filtersApplied": true
}
{
  "timestamp": "2025-07-14T20:02:05.774Z",
  "level": "DEBUG",
  "message": "Getting properties list",
  "query": {
    "listingType": "rent"
  },
  "ip": "::1"
}
{
  "timestamp": "2025-07-14T20:02:05.775Z",
  "level": "DEBUG",
  "message": "Query built",
  "query": {
    "status": "available",
    "listingType": "rent"
  },
  "pagination": {
    "page": 1,
    "limit": 10,
    "skip": 0
  },
  "sort": {
    "createdAt": -1
  }
}
{
  "timestamp": "2025-07-14T20:02:05.778Z",
  "level": "INFO",
  "message": "Properties retrieved successfully",
  "total": 18,
  "page": 1,
  "limit": 10,
  "filtersApplied": true
}
{
  "timestamp": "2025-07-14T20:08:14.801Z",
  "level": "INFO",
  "message": "SIGINT received, shutting down gracefully"
}
{
  "timestamp": "2025-07-14T20:08:14.803Z",
  "level": "INFO",
  "message": "HTTP server closed"
}
{
  "timestamp": "2025-07-14T20:08:24.236Z",
  "level": "INFO",
  "message": "12P Backend API Starting",
  "environment": "development",
  "port": "5001",
  "frontendUrl": "http://localhost:4200"
}
{
  "timestamp": "2025-07-14T20:08:24.239Z",
  "level": "INFO",
  "message": "Attempting to connect to MongoDB",
  "uri": "URI provided"
}
{
  "timestamp": "2025-07-14T20:08:24.262Z",
  "level": "INFO",
  "message": "MongoDB Connected Successfully",
  "host": "localhost",
  "port": 27017,
  "database": "12p"
}
{
  "timestamp": "2025-07-14T20:08:24.280Z",
  "level": "INFO",
  "message": "Properties already exist in database",
  "count": 65
}
{
  "timestamp": "2025-07-14T20:08:24.283Z",
  "level": "INFO",
  "message": "Server started successfully",
  "port": "5001",
  "host": "localhost",
  "environment": "development",
  "healthCheck": "http://localhost:5001/api/health",
  "propertiesEndpoint": "http://localhost:5001/api/properties"
}
{
  "timestamp": "2025-07-14T20:08:26.955Z",
  "level": "DEBUG",
  "message": "Getting properties list",
  "query": {
    "listingType": "sale"
  },
  "ip": "::1"
}
{
  "timestamp": "2025-07-14T20:08:26.957Z",
  "level": "DEBUG",
  "message": "Query built",
  "query": {
    "status": "available",
    "listingType": "sale"
  },
  "pagination": {
    "page": 1,
    "limit": 10,
    "skip": 0
  },
  "sort": {
    "createdAt": -1
  }
}
{
  "timestamp": "2025-07-14T20:08:26.970Z",
  "level": "INFO",
  "message": "Properties retrieved successfully",
  "total": 47,
  "page": 1,
  "limit": 10,
  "filtersApplied": true
}
{
  "timestamp": "2025-07-14T20:08:29.842Z",
  "level": "DEBUG",
  "message": "Getting properties list",
  "query": {
    "listingType": "rent"
  },
  "ip": "::1"
}
{
  "timestamp": "2025-07-14T20:08:29.843Z",
  "level": "DEBUG",
  "message": "Query built",
  "query": {
    "status": "available",
    "listingType": "rent"
  },
  "pagination": {
    "page": 1,
    "limit": 10,
    "skip": 0
  },
  "sort": {
    "createdAt": -1
  }
}
{
  "timestamp": "2025-07-14T20:08:29.848Z",
  "level": "INFO",
  "message": "Properties retrieved successfully",
  "total": 18,
  "page": 1,
  "limit": 10,
  "filtersApplied": true
}
{
  "timestamp": "2025-07-14T20:08:33.760Z",
  "level": "DEBUG",
  "message": "Getting properties list",
  "query": {
    "listingType": "rent"
  },
  "ip": "::1"
}
{
  "timestamp": "2025-07-14T20:08:33.761Z",
  "level": "DEBUG",
  "message": "Query built",
  "query": {
    "status": "available",
    "listingType": "rent"
  },
  "pagination": {
    "page": 1,
    "limit": 10,
    "skip": 0
  },
  "sort": {
    "createdAt": -1
  }
}
{
  "timestamp": "2025-07-14T20:08:33.765Z",
  "level": "INFO",
  "message": "Properties retrieved successfully",
  "total": 18,
  "page": 1,
  "limit": 10,
  "filtersApplied": true
}
{
  "timestamp": "2025-07-14T20:11:44.140Z",
  "level": "INFO",
  "message": "12P Backend API Starting",
  "environment": "development",
  "port": "5001",
  "frontendUrl": "http://localhost:4200"
}
{
  "timestamp": "2025-07-14T20:11:44.144Z",
  "level": "INFO",
  "message": "Attempting to connect to MongoDB",
  "uri": "URI provided"
}
{
  "timestamp": "2025-07-14T20:11:44.168Z",
  "level": "INFO",
  "message": "MongoDB Connected Successfully",
  "host": "localhost",
  "port": 27017,
  "database": "12p"
}
{
  "timestamp": "2025-07-14T20:11:44.188Z",
  "level": "INFO",
  "message": "Properties already exist in database",
  "count": 65
}
{
  "timestamp": "2025-07-14T20:11:44.191Z",
  "level": "INFO",
  "message": "Server started successfully",
  "port": "5001",
  "host": "localhost",
  "environment": "development",
  "healthCheck": "http://localhost:5001/api/health",
  "propertiesEndpoint": "http://localhost:5001/api/properties"
}
{
  "timestamp": "2025-07-14T20:11:50.660Z",
  "level": "DEBUG",
  "message": "Getting properties list",
  "query": {
    "listingType": "rent"
  },
  "ip": "::1"
}
{
  "timestamp": "2025-07-14T20:11:50.661Z",
  "level": "DEBUG",
  "message": "Query built",
  "query": {
    "status": "available",
    "listingType": "rent"
  },
  "pagination": {
    "page": 1,
    "limit": 10,
    "skip": 0
  },
  "sort": {
    "createdAt": -1
  }
}
{
  "timestamp": "2025-07-14T20:11:50.670Z",
  "level": "INFO",
  "message": "Properties retrieved successfully",
  "total": 18,
  "page": 1,
  "limit": 10,
  "filtersApplied": true
}
{
  "timestamp": "2025-07-14T20:11:54.925Z",
  "level": "DEBUG",
  "message": "Getting properties list",
  "query": {
    "listingType": "sale"
  },
  "ip": "::1"
}
{
  "timestamp": "2025-07-14T20:11:54.926Z",
  "level": "DEBUG",
  "message": "Query built",
  "query": {
    "status": "available",
    "listingType": "sale"
  },
  "pagination": {
    "page": 1,
    "limit": 10,
    "skip": 0
  },
  "sort": {
    "createdAt": -1
  }
}
{
  "timestamp": "2025-07-14T20:11:54.931Z",
  "level": "INFO",
  "message": "Properties retrieved successfully",
  "total": 47,
  "page": 1,
  "limit": 10,
  "filtersApplied": true
}
{
  "timestamp": "2025-07-14T20:11:56.472Z",
  "level": "DEBUG",
  "message": "Getting properties list",
  "query": {
    "listingType": "rent"
  },
  "ip": "::1"
}
{
  "timestamp": "2025-07-14T20:11:56.473Z",
  "level": "DEBUG",
  "message": "Query built",
  "query": {
    "status": "available",
    "listingType": "rent"
  },
  "pagination": {
    "page": 1,
    "limit": 10,
    "skip": 0
  },
  "sort": {
    "createdAt": -1
  }
}
{
  "timestamp": "2025-07-14T20:11:56.479Z",
  "level": "INFO",
  "message": "Properties retrieved successfully",
  "total": 18,
  "page": 1,
  "limit": 10,
  "filtersApplied": true
}
{
  "timestamp": "2025-07-14T20:11:57.042Z",
  "level": "DEBUG",
  "message": "Getting properties list",
  "query": {
    "listingType": "rent"
  },
  "ip": "::1"
}
{
  "timestamp": "2025-07-14T20:11:57.043Z",
  "level": "DEBUG",
  "message": "Query built",
  "query": {
    "status": "available",
    "listingType": "rent"
  },
  "pagination": {
    "page": 1,
    "limit": 10,
    "skip": 0
  },
  "sort": {
    "createdAt": -1
  }
}
{
  "timestamp": "2025-07-14T20:11:57.048Z",
  "level": "INFO",
  "message": "Properties retrieved successfully",
  "total": 18,
  "page": 1,
  "limit": 10,
  "filtersApplied": true
}
{
  "timestamp": "2025-07-14T20:11:57.919Z",
  "level": "DEBUG",
  "message": "Getting properties list",
  "query": {
    "listingType": "rent"
  },
  "ip": "::1"
}
{
  "timestamp": "2025-07-14T20:11:57.920Z",
  "level": "DEBUG",
  "message": "Query built",
  "query": {
    "status": "available",
    "listingType": "rent"
  },
  "pagination": {
    "page": 1,
    "limit": 10,
    "skip": 0
  },
  "sort": {
    "createdAt": -1
  }
}
{
  "timestamp": "2025-07-14T20:11:57.929Z",
  "level": "INFO",
  "message": "Properties retrieved successfully",
  "total": 18,
  "page": 1,
  "limit": 10,
  "filtersApplied": true
}
{
  "timestamp": "2025-07-14T20:12:24.571Z",
  "level": "DEBUG",
  "message": "Getting properties list",
  "query": {
    "listingType": "rent"
  },
  "ip": "::1"
}
{
  "timestamp": "2025-07-14T20:12:24.573Z",
  "level": "DEBUG",
  "message": "Query built",
  "query": {
    "status": "available",
    "listingType": "rent"
  },
  "pagination": {
    "page": 1,
    "limit": 10,
    "skip": 0
  },
  "sort": {
    "createdAt": -1
  }
}
{
  "timestamp": "2025-07-14T20:12:24.578Z",
  "level": "INFO",
  "message": "Properties retrieved successfully",
  "total": 18,
  "page": 1,
  "limit": 10,
  "filtersApplied": true
}
{
  "timestamp": "2025-07-14T20:17:44.413Z",
  "level": "INFO",
  "message": "12P Backend API Starting",
  "environment": "development",
  "port": "5001",
  "frontendUrl": "http://localhost:4200"
}
{
  "timestamp": "2025-07-14T20:17:44.420Z",
  "level": "INFO",
  "message": "Attempting to connect to MongoDB",
  "uri": "URI provided"
}
{
  "timestamp": "2025-07-14T20:17:44.458Z",
  "level": "INFO",
  "message": "MongoDB Connected Successfully",
  "host": "localhost",
  "port": 27017,
  "database": "12p"
}
{
  "timestamp": "2025-07-14T20:17:44.485Z",
  "level": "INFO",
  "message": "Properties already exist in database",
  "count": 65
}
{
  "timestamp": "2025-07-14T20:17:44.488Z",
  "level": "INFO",
  "message": "Server started successfully",
  "port": "5001",
  "host": "localhost",
  "environment": "development",
  "healthCheck": "http://localhost:5001/api/health",
  "propertiesEndpoint": "http://localhost:5001/api/properties"
}
{
  "timestamp": "2025-07-14T20:18:17.868Z",
  "level": "INFO",
  "message": "12P Backend API Starting",
  "environment": "development",
  "port": "5001",
  "frontendUrl": "http://localhost:4200"
}
{
  "timestamp": "2025-07-14T20:18:17.872Z",
  "level": "INFO",
  "message": "Attempting to connect to MongoDB",
  "uri": "URI provided"
}
{
  "timestamp": "2025-07-14T20:18:17.902Z",
  "level": "INFO",
  "message": "MongoDB Connected Successfully",
  "host": "localhost",
  "port": 27017,
  "database": "12p"
}
{
  "timestamp": "2025-07-14T20:18:17.923Z",
  "level": "INFO",
  "message": "Properties already exist in database",
  "count": 65
}
{
  "timestamp": "2025-07-14T20:18:17.926Z",
  "level": "INFO",
  "message": "Server started successfully",
  "port": "5001",
  "host": "localhost",
  "environment": "development",
  "healthCheck": "http://localhost:5001/api/health",
  "propertiesEndpoint": "http://localhost:5001/api/properties"
}
{
  "timestamp": "2025-07-14T20:21:13.269Z",
  "level": "INFO",
  "message": "Connected to MongoDB for coliving update"
}
{
  "timestamp": "2025-07-14T20:21:13.287Z",
  "level": "INFO",
  "message": "Found 0 coliving properties to update"
}
{
  "timestamp": "2025-07-14T20:21:13.288Z",
  "level": "INFO",
  "message": "Successfully updated 0 coliving properties"
}
{
  "timestamp": "2025-07-14T20:21:13.294Z",
  "level": "INFO",
  "message": "Total coliving properties in database: 0"
}
{
  "timestamp": "2025-07-14T20:27:34.799Z",
  "level": "DEBUG",
  "message": "Getting properties list",
  "query": {
    "listingType": "rent"
  },
  "ip": "::1"
}
{
  "timestamp": "2025-07-14T20:27:34.801Z",
  "level": "DEBUG",
  "message": "Query built",
  "query": {
    "status": "available",
    "listingType": "rent"
  },
  "pagination": {
    "page": 1,
    "limit": 10,
    "skip": 0
  },
  "sort": {
    "createdAt": -1
  }
}
{
  "timestamp": "2025-07-14T20:27:34.812Z",
  "level": "INFO",
  "message": "Properties retrieved successfully",
  "total": 8,
  "page": 1,
  "limit": 10,
  "filtersApplied": true
}
{
  "timestamp": "2025-07-14T20:27:36.741Z",
  "level": "DEBUG",
  "message": "Getting properties list",
  "query": {
    "listingType": "sale"
  },
  "ip": "::1"
}
{
  "timestamp": "2025-07-14T20:27:36.742Z",
  "level": "DEBUG",
  "message": "Query built",
  "query": {
    "status": "available",
    "listingType": "sale"
  },
  "pagination": {
    "page": 1,
    "limit": 10,
    "skip": 0
  },
  "sort": {
    "createdAt": -1
  }
}
{
  "timestamp": "2025-07-14T20:27:36.748Z",
  "level": "INFO",
  "message": "Properties retrieved successfully",
  "total": 47,
  "page": 1,
  "limit": 10,
  "filtersApplied": true
}
{
  "timestamp": "2025-07-14T20:27:38.203Z",
  "level": "DEBUG",
  "message": "Getting properties list",
  "query": {
    "listingType": "rent"
  },
  "ip": "::1"
}
{
  "timestamp": "2025-07-14T20:27:38.204Z",
  "level": "DEBUG",
  "message": "Query built",
  "query": {
    "status": "available",
    "listingType": "rent"
  },
  "pagination": {
    "page": 1,
    "limit": 10,
    "skip": 0
  },
  "sort": {
    "createdAt": -1
  }
}
{
  "timestamp": "2025-07-14T20:27:38.210Z",
  "level": "INFO",
  "message": "Properties retrieved successfully",
  "total": 8,
  "page": 1,
  "limit": 10,
  "filtersApplied": true
}
{
  "timestamp": "2025-07-14T20:27:39.470Z",
  "level": "DEBUG",
  "message": "Getting properties list",
  "query": {
    "listingType": "rent"
  },
  "ip": "::1"
}
{
  "timestamp": "2025-07-14T20:27:39.470Z",
  "level": "DEBUG",
  "message": "Query built",
  "query": {
    "status": "available",
    "listingType": "rent"
  },
  "pagination": {
    "page": 1,
    "limit": 10,
    "skip": 0
  },
  "sort": {
    "createdAt": -1
  }
}
{
  "timestamp": "2025-07-14T20:27:39.476Z",
  "level": "INFO",
  "message": "Properties retrieved successfully",
  "total": 8,
  "page": 1,
  "limit": 10,
  "filtersApplied": true
}
{
  "timestamp": "2025-07-14T20:27:40.633Z",
  "level": "DEBUG",
  "message": "Getting properties list",
  "query": {
    "listingType": "sale"
  },
  "ip": "::1"
}
{
  "timestamp": "2025-07-14T20:27:40.634Z",
  "level": "DEBUG",
  "message": "Query built",
  "query": {
    "status": "available",
    "listingType": "sale"
  },
  "pagination": {
    "page": 1,
    "limit": 10,
    "skip": 0
  },
  "sort": {
    "createdAt": -1
  }
}
{
  "timestamp": "2025-07-14T20:27:40.639Z",
  "level": "INFO",
  "message": "Properties retrieved successfully",
  "total": 47,
  "page": 1,
  "limit": 10,
  "filtersApplied": true
}
{
  "timestamp": "2025-07-14T20:27:41.607Z",
  "level": "DEBUG",
  "message": "Getting properties list",
  "query": {
    "listingType": "rent"
  },
  "ip": "::1"
}
{
  "timestamp": "2025-07-14T20:27:41.608Z",
  "level": "DEBUG",
  "message": "Query built",
  "query": {
    "status": "available",
    "listingType": "rent"
  },
  "pagination": {
    "page": 1,
    "limit": 10,
    "skip": 0
  },
  "sort": {
    "createdAt": -1
  }
}
{
  "timestamp": "2025-07-14T20:27:41.612Z",
  "level": "INFO",
  "message": "Properties retrieved successfully",
  "total": 8,
  "page": 1,
  "limit": 10,
  "filtersApplied": true
}
{
  "timestamp": "2025-07-14T20:27:42.278Z",
  "level": "DEBUG",
  "message": "Getting properties list",
  "query": {
    "listingType": "rent"
  },
  "ip": "::1"
}
{
  "timestamp": "2025-07-14T20:27:42.279Z",
  "level": "DEBUG",
  "message": "Query built",
  "query": {
    "status": "available",
    "listingType": "rent"
  },
  "pagination": {
    "page": 1,
    "limit": 10,
    "skip": 0
  },
  "sort": {
    "createdAt": -1
  }
}
{
  "timestamp": "2025-07-14T20:27:42.284Z",
  "level": "INFO",
  "message": "Properties retrieved successfully",
  "total": 8,
  "page": 1,
  "limit": 10,
  "filtersApplied": true
}
{
  "timestamp": "2025-07-14T20:30:33.974Z",
  "level": "DEBUG",
  "message": "Getting properties list",
  "query": {
    "listingType": "rent"
  },
  "ip": "::1"
}
{
  "timestamp": "2025-07-14T20:30:33.975Z",
  "level": "DEBUG",
  "message": "Query built",
  "query": {
    "status": "available",
    "listingType": "rent"
  },
  "pagination": {
    "page": 1,
    "limit": 10,
    "skip": 0
  },
  "sort": {
    "createdAt": -1
  }
}
{
  "timestamp": "2025-07-14T20:30:33.980Z",
  "level": "INFO",
  "message": "Properties retrieved successfully",
  "total": 8,
  "page": 1,
  "limit": 10,
  "filtersApplied": true
}
{
  "timestamp": "2025-07-14T20:30:34.673Z",
  "level": "DEBUG",
  "message": "Getting properties list",
  "query": {
    "listingType": "sale"
  },
  "ip": "::1"
}
{
  "timestamp": "2025-07-14T20:30:34.674Z",
  "level": "DEBUG",
  "message": "Query built",
  "query": {
    "status": "available",
    "listingType": "sale"
  },
  "pagination": {
    "page": 1,
    "limit": 10,
    "skip": 0
  },
  "sort": {
    "createdAt": -1
  }
}
{
  "timestamp": "2025-07-14T20:30:34.678Z",
  "level": "INFO",
  "message": "Properties retrieved successfully",
  "total": 47,
  "page": 1,
  "limit": 10,
  "filtersApplied": true
}
{
  "timestamp": "2025-07-14T20:30:35.786Z",
  "level": "DEBUG",
  "message": "Getting properties list",
  "query": {
    "listingType": "rent"
  },
  "ip": "::1"
}
{
  "timestamp": "2025-07-14T20:30:35.786Z",
  "level": "DEBUG",
  "message": "Query built",
  "query": {
    "status": "available",
    "listingType": "rent"
  },
  "pagination": {
    "page": 1,
    "limit": 10,
    "skip": 0
  },
  "sort": {
    "createdAt": -1
  }
}
{
  "timestamp": "2025-07-14T20:30:35.790Z",
  "level": "INFO",
  "message": "Properties retrieved successfully",
  "total": 8,
  "page": 1,
  "limit": 10,
  "filtersApplied": true
}
{
  "timestamp": "2025-07-14T20:30:36.494Z",
  "level": "DEBUG",
  "message": "Getting properties list",
  "query": {
    "listingType": "rent"
  },
  "ip": "::1"
}
{
  "timestamp": "2025-07-14T20:30:36.494Z",
  "level": "DEBUG",
  "message": "Query built",
  "query": {
    "status": "available",
    "listingType": "rent"
  },
  "pagination": {
    "page": 1,
    "limit": 10,
    "skip": 0
  },
  "sort": {
    "createdAt": -1
  }
}
{
  "timestamp": "2025-07-14T20:30:36.498Z",
  "level": "INFO",
  "message": "Properties retrieved successfully",
  "total": 8,
  "page": 1,
  "limit": 10,
  "filtersApplied": true
}
{
  "timestamp": "2025-07-14T20:31:26.671Z",
  "level": "INFO",
  "message": "12P Backend API Starting",
  "environment": "development",
  "port": "5001",
  "frontendUrl": "http://localhost:4200"
}
{
  "timestamp": "2025-07-14T20:31:26.674Z",
  "level": "INFO",
  "message": "Attempting to connect to MongoDB",
  "uri": "URI provided"
}
{
  "timestamp": "2025-07-14T20:31:26.698Z",
  "level": "INFO",
  "message": "MongoDB Connected Successfully",
  "host": "localhost",
  "port": 27017,
  "database": "12p"
}
{
  "timestamp": "2025-07-14T20:31:26.716Z",
  "level": "INFO",
  "message": "Properties already exist in database",
  "count": 65
}
{
  "timestamp": "2025-07-14T20:31:26.719Z",
  "level": "INFO",
  "message": "Server started successfully",
  "port": "5001",
  "host": "localhost",
  "environment": "development",
  "healthCheck": "http://localhost:5001/api/health",
  "propertiesEndpoint": "http://localhost:5001/api/properties"
}
{
  "timestamp": "2025-07-14T20:31:30.794Z",
  "level": "DEBUG",
  "message": "Getting properties list",
  "query": {
    "listingType": "rent"
  },
  "ip": "::1"
}
{
  "timestamp": "2025-07-14T20:31:30.795Z",
  "level": "DEBUG",
  "message": "Query built",
  "query": {
    "status": "available",
    "listingType": "rent"
  },
  "pagination": {
    "page": 1,
    "limit": 10,
    "skip": 0
  },
  "sort": {
    "createdAt": -1
  }
}
{
  "timestamp": "2025-07-14T20:31:30.804Z",
  "level": "INFO",
  "message": "Properties retrieved successfully",
  "total": 8,
  "page": 1,
  "limit": 10,
  "filtersApplied": true
}
{
  "timestamp": "2025-07-14T20:31:32.161Z",
  "level": "DEBUG",
  "message": "Getting properties list",
  "query": {
    "listingType": "rent"
  },
  "ip": "::1"
}
{
  "timestamp": "2025-07-14T20:31:32.162Z",
  "level": "DEBUG",
  "message": "Query built",
  "query": {
    "status": "available",
    "listingType": "rent"
  },
  "pagination": {
    "page": 1,
    "limit": 10,
    "skip": 0
  },
  "sort": {
    "createdAt": -1
  }
}
{
  "timestamp": "2025-07-14T20:31:32.167Z",
  "level": "INFO",
  "message": "Properties retrieved successfully",
  "total": 8,
  "page": 1,
  "limit": 10,
  "filtersApplied": true
}
{
  "timestamp": "2025-07-14T20:31:48.129Z",
  "level": "INFO",
  "message": "12P Backend API Starting",
  "environment": "development",
  "port": "5001",
  "frontendUrl": "http://localhost:4200"
}
{
  "timestamp": "2025-07-14T20:31:48.133Z",
  "level": "INFO",
  "message": "Attempting to connect to MongoDB",
  "uri": "URI provided"
}
{
  "timestamp": "2025-07-14T20:31:48.168Z",
  "level": "INFO",
  "message": "MongoDB Connected Successfully",
  "host": "localhost",
  "port": 27017,
  "database": "12p"
}
{
  "timestamp": "2025-07-14T20:31:48.197Z",
  "level": "INFO",
  "message": "Properties already exist in database",
  "count": 65
}
{
  "timestamp": "2025-07-14T20:31:48.200Z",
  "level": "INFO",
  "message": "Server started successfully",
  "port": "5001",
  "host": "localhost",
  "environment": "development",
  "healthCheck": "http://localhost:5001/api/health",
  "propertiesEndpoint": "http://localhost:5001/api/properties"
}
{
  "timestamp": "2025-07-14T20:31:50.836Z",
  "level": "DEBUG",
  "message": "Getting properties list",
  "query": {
    "listingType": "rent"
  },
  "ip": "::1"
}
{
  "timestamp": "2025-07-14T20:31:50.838Z",
  "level": "DEBUG",
  "message": "Query built",
  "query": {
    "status": "available",
    "listingType": "rent"
  },
  "pagination": {
    "page": 1,
    "limit": 10,
    "skip": 0
  },
  "sort": {
    "createdAt": -1
  }
}
{
  "timestamp": "2025-07-14T20:31:50.848Z",
  "level": "INFO",
  "message": "Properties retrieved successfully",
  "total": 8,
  "page": 1,
  "limit": 10,
  "filtersApplied": true
}
{
  "timestamp": "2025-07-14T20:31:53.361Z",
  "level": "DEBUG",
  "message": "Getting properties list",
  "query": {
    "listingType": "sale"
  },
  "ip": "::1"
}
{
  "timestamp": "2025-07-14T20:31:53.362Z",
  "level": "DEBUG",
  "message": "Query built",
  "query": {
    "status": "available",
    "listingType": "sale"
  },
  "pagination": {
    "page": 1,
    "limit": 10,
    "skip": 0
  },
  "sort": {
    "createdAt": -1
  }
}
{
  "timestamp": "2025-07-14T20:31:53.367Z",
  "level": "INFO",
  "message": "Properties retrieved successfully",
  "total": 47,
  "page": 1,
  "limit": 10,
  "filtersApplied": true
}
{
  "timestamp": "2025-07-14T20:31:56.040Z",
  "level": "DEBUG",
  "message": "Getting properties list",
  "query": {
    "listingType": "rent"
  },
  "ip": "::1"
}
{
  "timestamp": "2025-07-14T20:31:56.041Z",
  "level": "DEBUG",
  "message": "Query built",
  "query": {
    "status": "available",
    "listingType": "rent"
  },
  "pagination": {
    "page": 1,
    "limit": 10,
    "skip": 0
  },
  "sort": {
    "createdAt": -1
  }
}
{
  "timestamp": "2025-07-14T20:31:56.046Z",
  "level": "INFO",
  "message": "Properties retrieved successfully",
  "total": 8,
  "page": 1,
  "limit": 10,
  "filtersApplied": true
}
{
  "timestamp": "2025-07-14T20:34:04.973Z",
  "level": "DEBUG",
  "message": "Getting properties list",
  "query": {
    "listingType": "sale"
  },
  "ip": "::1"
}
{
  "timestamp": "2025-07-14T20:34:04.975Z",
  "level": "DEBUG",
  "message": "Query built",
  "query": {
    "status": "available",
    "listingType": "sale"
  },
  "pagination": {
    "page": 1,
    "limit": 10,
    "skip": 0
  },
  "sort": {
    "createdAt": -1
  }
}
{
  "timestamp": "2025-07-14T20:34:04.984Z",
  "level": "INFO",
  "message": "Properties retrieved successfully",
  "total": 47,
  "page": 1,
  "limit": 10,
  "filtersApplied": true
}
{
  "timestamp": "2025-07-14T20:34:04.990Z",
  "level": "DEBUG",
  "message": "Getting properties list",
  "query": {
    "listingType": "sale"
  },
  "ip": "::1"
}
{
  "timestamp": "2025-07-14T20:34:04.992Z",
  "level": "DEBUG",
  "message": "Query built",
  "query": {
    "status": "available",
    "listingType": "sale"
  },
  "pagination": {
    "page": 1,
    "limit": 10,
    "skip": 0
  },
  "sort": {
    "createdAt": -1
  }
}
{
  "timestamp": "2025-07-14T20:34:05.000Z",
  "level": "INFO",
  "message": "Properties retrieved successfully",
  "total": 47,
  "page": 1,
  "limit": 10,
  "filtersApplied": true
}
{
  "timestamp": "2025-07-14T20:34:11.666Z",
  "level": "DEBUG",
  "message": "Getting properties list",
  "query": {
    "listingType": "rent"
  },
  "ip": "::1"
}
{
  "timestamp": "2025-07-14T20:34:11.666Z",
  "level": "DEBUG",
  "message": "Query built",
  "query": {
    "status": "available",
    "listingType": "rent"
  },
  "pagination": {
    "page": 1,
    "limit": 10,
    "skip": 0
  },
  "sort": {
    "createdAt": -1
  }
}
{
  "timestamp": "2025-07-14T20:34:11.671Z",
  "level": "INFO",
  "message": "Properties retrieved successfully",
  "total": 8,
  "page": 1,
  "limit": 10,
  "filtersApplied": true
}
{
  "timestamp": "2025-07-14T20:34:12.961Z",
  "level": "DEBUG",
  "message": "Getting properties list",
  "query": {
    "listingType": "coliving"
  },
  "ip": "::1"
}
{
  "timestamp": "2025-07-14T20:34:12.961Z",
  "level": "DEBUG",
  "message": "Query built",
  "query": {
    "status": "available",
    "listingType": "coliving"
  },
  "pagination": {
    "page": 1,
    "limit": 10,
    "skip": 0
  },
  "sort": {
    "createdAt": -1
  }
}
{
  "timestamp": "2025-07-14T20:34:12.966Z",
  "level": "INFO",
  "message": "Properties retrieved successfully",
  "total": 10,
  "page": 1,
  "limit": 10,
  "filtersApplied": true
}
