{
  "timestamp": "2025-07-15T18:46:33.783Z",
  "level": "INFO",
  "message": "12P Backend API Starting",
  "environment": "development",
  "port": "5001",
  "frontendUrl": "http://localhost:4200"
}
{
  "timestamp": "2025-07-15T18:46:33.789Z",
  "level": "INFO",
  "message": "Attempting to connect to MongoDB",
  "uri": "URI provided"
}
{
  "timestamp": "2025-07-15T18:46:33.838Z",
  "level": "INFO",
  "message": "MongoDB Connected Successfully",
  "host": "localhost",
  "port": 27017,
  "database": "12p"
}
{
  "timestamp": "2025-07-15T18:46:33.921Z",
  "level": "INFO",
  "message": "Properties already exist in database",
  "count": 65
}
{
  "timestamp": "2025-07-15T18:46:33.925Z",
  "level": "INFO",
  "message": "Server started successfully",
  "port": "5001",
  "host": "localhost",
  "environment": "development",
  "healthCheck": "http://localhost:5001/api/health",
  "propertiesEndpoint": "http://localhost:5001/api/properties"
}
{
  "timestamp": "2025-07-15T18:46:48.993Z",
  "level": "DEBUG",
  "message": "Getting properties list",
  "query": {
    "listingType": "sale"
  },
  "ip": "::1"
}
{
  "timestamp": "2025-07-15T18:46:48.995Z",
  "level": "DEBUG",
  "message": "Query built",
  "query": {
    "status": "available",
    "listingType": "sale"
  },
  "pagination": {
    "page": 1,
    "limit": 10,
    "skip": 0
  },
  "sort": {
    "createdAt": -1
  }
}
{
  "timestamp": "2025-07-15T18:46:49.011Z",
  "level": "INFO",
  "message": "Properties retrieved successfully",
  "total": 47,
  "page": 1,
  "limit": 10,
  "filtersApplied": true
}
{
  "timestamp": "2025-07-15T18:46:49.022Z",
  "level": "DEBUG",
  "message": "Getting properties list",
  "query": {
    "listingType": "sale"
  },
  "ip": "::1"
}
{
  "timestamp": "2025-07-15T18:46:49.024Z",
  "level": "DEBUG",
  "message": "Query built",
  "query": {
    "status": "available",
    "listingType": "sale"
  },
  "pagination": {
    "page": 1,
    "limit": 10,
    "skip": 0
  },
  "sort": {
    "createdAt": -1
  }
}
{
  "timestamp": "2025-07-15T18:46:49.034Z",
  "level": "INFO",
  "message": "Properties retrieved successfully",
  "total": 47,
  "page": 1,
  "limit": 10,
  "filtersApplied": true
}
{
  "timestamp": "2025-07-15T18:49:31.450Z",
  "level": "DEBUG",
  "message": "Getting properties list",
  "query": {
    "listingType": "sale"
  },
  "ip": "::1"
}
{
  "timestamp": "2025-07-15T18:49:31.451Z",
  "level": "DEBUG",
  "message": "Query built",
  "query": {
    "status": "available",
    "listingType": "sale"
  },
  "pagination": {
    "page": 1,
    "limit": 10,
    "skip": 0
  },
  "sort": {
    "createdAt": -1
  }
}
{
  "timestamp": "2025-07-15T18:49:31.459Z",
  "level": "INFO",
  "message": "Properties retrieved successfully",
  "total": 47,
  "page": 1,
  "limit": 10,
  "filtersApplied": true
}
{
  "timestamp": "2025-07-15T18:49:31.463Z",
  "level": "DEBUG",
  "message": "Getting properties list",
  "query": {
    "listingType": "sale"
  },
  "ip": "::1"
}
{
  "timestamp": "2025-07-15T18:49:31.464Z",
  "level": "DEBUG",
  "message": "Query built",
  "query": {
    "status": "available",
    "listingType": "sale"
  },
  "pagination": {
    "page": 1,
    "limit": 10,
    "skip": 0
  },
  "sort": {
    "createdAt": -1
  }
}
{
  "timestamp": "2025-07-15T18:49:31.471Z",
  "level": "INFO",
  "message": "Properties retrieved successfully",
  "total": 47,
  "page": 1,
  "limit": 10,
  "filtersApplied": true
}
{
  "timestamp": "2025-07-15T18:56:45.423Z",
  "level": "DEBUG",
  "message": "Getting properties list",
  "query": {
    "listingType": "sale"
  },
  "ip": "::1"
}
{
  "timestamp": "2025-07-15T18:56:45.424Z",
  "level": "DEBUG",
  "message": "Query built",
  "query": {
    "status": "available",
    "listingType": "sale"
  },
  "pagination": {
    "page": 1,
    "limit": 10,
    "skip": 0
  },
  "sort": {
    "createdAt": -1
  }
}
{
  "timestamp": "2025-07-15T18:56:45.430Z",
  "level": "INFO",
  "message": "Properties retrieved successfully",
  "total": 47,
  "page": 1,
  "limit": 10,
  "filtersApplied": true
}
{
  "timestamp": "2025-07-15T18:56:45.438Z",
  "level": "DEBUG",
  "message": "Getting properties list",
  "query": {
    "listingType": "sale"
  },
  "ip": "::1"
}
{
  "timestamp": "2025-07-15T18:56:45.439Z",
  "level": "DEBUG",
  "message": "Query built",
  "query": {
    "status": "available",
    "listingType": "sale"
  },
  "pagination": {
    "page": 1,
    "limit": 10,
    "skip": 0
  },
  "sort": {
    "createdAt": -1
  }
}
{
  "timestamp": "2025-07-15T18:56:45.447Z",
  "level": "INFO",
  "message": "Properties retrieved successfully",
  "total": 47,
  "page": 1,
  "limit": 10,
  "filtersApplied": true
}
{
  "timestamp": "2025-07-15T19:03:37.471Z",
  "level": "DEBUG",
  "message": "Getting properties list",
  "query": {
    "listingType": "sale"
  },
  "ip": "::1"
}
{
  "timestamp": "2025-07-15T19:03:37.472Z",
  "level": "DEBUG",
  "message": "Query built",
  "query": {
    "status": "available",
    "listingType": "sale"
  },
  "pagination": {
    "page": 1,
    "limit": 10,
    "skip": 0
  },
  "sort": {
    "createdAt": -1
  }
}
{
  "timestamp": "2025-07-15T19:03:37.479Z",
  "level": "INFO",
  "message": "Properties retrieved successfully",
  "total": 47,
  "page": 1,
  "limit": 10,
  "filtersApplied": true
}
{
  "timestamp": "2025-07-15T19:03:37.485Z",
  "level": "DEBUG",
  "message": "Getting properties list",
  "query": {
    "listingType": "sale"
  },
  "ip": "::1"
}
{
  "timestamp": "2025-07-15T19:03:37.486Z",
  "level": "DEBUG",
  "message": "Query built",
  "query": {
    "status": "available",
    "listingType": "sale"
  },
  "pagination": {
    "page": 1,
    "limit": 10,
    "skip": 0
  },
  "sort": {
    "createdAt": -1
  }
}
{
  "timestamp": "2025-07-15T19:03:37.492Z",
  "level": "INFO",
  "message": "Properties retrieved successfully",
  "total": 47,
  "page": 1,
  "limit": 10,
  "filtersApplied": true
}
{
  "timestamp": "2025-07-15T19:14:29.879Z",
  "level": "DEBUG",
  "message": "Getting properties list",
  "query": {
    "listingType": "sale"
  },
  "ip": "::1"
}
{
  "timestamp": "2025-07-15T19:14:29.880Z",
  "level": "DEBUG",
  "message": "Query built",
  "query": {
    "status": "available",
    "listingType": "sale"
  },
  "pagination": {
    "page": 1,
    "limit": 10,
    "skip": 0
  },
  "sort": {
    "createdAt": -1
  }
}
{
  "timestamp": "2025-07-15T19:14:29.886Z",
  "level": "INFO",
  "message": "Properties retrieved successfully",
  "total": 47,
  "page": 1,
  "limit": 10,
  "filtersApplied": true
}
{
  "timestamp": "2025-07-15T19:14:29.890Z",
  "level": "DEBUG",
  "message": "Getting properties list",
  "query": {
    "listingType": "sale"
  },
  "ip": "::1"
}
{
  "timestamp": "2025-07-15T19:14:29.890Z",
  "level": "DEBUG",
  "message": "Query built",
  "query": {
    "status": "available",
    "listingType": "sale"
  },
  "pagination": {
    "page": 1,
    "limit": 10,
    "skip": 0
  },
  "sort": {
    "createdAt": -1
  }
}
{
  "timestamp": "2025-07-15T19:14:29.894Z",
  "level": "INFO",
  "message": "Properties retrieved successfully",
  "total": 47,
  "page": 1,
  "limit": 10,
  "filtersApplied": true
}
{
  "timestamp": "2025-07-15T19:16:36.770Z",
  "level": "DEBUG",
  "message": "Getting properties list",
  "query": {
    "listingType": "sale"
  },
  "ip": "::1"
}
{
  "timestamp": "2025-07-15T19:16:36.775Z",
  "level": "DEBUG",
  "message": "Query built",
  "query": {
    "status": "available",
    "listingType": "sale"
  },
  "pagination": {
    "page": 1,
    "limit": 10,
    "skip": 0
  },
  "sort": {
    "createdAt": -1
  }
}
{
  "timestamp": "2025-07-15T19:16:36.781Z",
  "level": "INFO",
  "message": "Properties retrieved successfully",
  "total": 47,
  "page": 1,
  "limit": 10,
  "filtersApplied": true
}
{
  "timestamp": "2025-07-15T19:16:36.787Z",
  "level": "DEBUG",
  "message": "Getting properties list",
  "query": {
    "listingType": "sale"
  },
  "ip": "::1"
}
{
  "timestamp": "2025-07-15T19:16:36.788Z",
  "level": "DEBUG",
  "message": "Query built",
  "query": {
    "status": "available",
    "listingType": "sale"
  },
  "pagination": {
    "page": 1,
    "limit": 10,
    "skip": 0
  },
  "sort": {
    "createdAt": -1
  }
}
{
  "timestamp": "2025-07-15T19:16:36.794Z",
  "level": "INFO",
  "message": "Properties retrieved successfully",
  "total": 47,
  "page": 1,
  "limit": 10,
  "filtersApplied": true
}
{
  "timestamp": "2025-07-15T19:16:38.225Z",
  "level": "DEBUG",
  "message": "Getting properties list",
  "query": {
    "listingType": "sale"
  },
  "ip": "::1"
}
{
  "timestamp": "2025-07-15T19:16:38.228Z",
  "level": "DEBUG",
  "message": "Query built",
  "query": {
    "status": "available",
    "listingType": "sale"
  },
  "pagination": {
    "page": 1,
    "limit": 10,
    "skip": 0
  },
  "sort": {
    "createdAt": -1
  }
}
{
  "timestamp": "2025-07-15T19:16:38.234Z",
  "level": "INFO",
  "message": "Properties retrieved successfully",
  "total": 47,
  "page": 1,
  "limit": 10,
  "filtersApplied": true
}
{
  "timestamp": "2025-07-15T19:16:38.238Z",
  "level": "DEBUG",
  "message": "Getting properties list",
  "query": {
    "listingType": "sale"
  },
  "ip": "::1"
}
{
  "timestamp": "2025-07-15T19:16:38.240Z",
  "level": "DEBUG",
  "message": "Query built",
  "query": {
    "status": "available",
    "listingType": "sale"
  },
  "pagination": {
    "page": 1,
    "limit": 10,
    "skip": 0
  },
  "sort": {
    "createdAt": -1
  }
}
{
  "timestamp": "2025-07-15T19:16:38.247Z",
  "level": "INFO",
  "message": "Properties retrieved successfully",
  "total": 47,
  "page": 1,
  "limit": 10,
  "filtersApplied": true
}
{
  "timestamp": "2025-07-15T19:19:44.139Z",
  "level": "DEBUG",
  "message": "Getting properties list",
  "query": {
    "listingType": "sale"
  },
  "ip": "::1"
}
{
  "timestamp": "2025-07-15T19:19:44.140Z",
  "level": "DEBUG",
  "message": "Query built",
  "query": {
    "status": "available",
    "listingType": "sale"
  },
  "pagination": {
    "page": 1,
    "limit": 10,
    "skip": 0
  },
  "sort": {
    "createdAt": -1
  }
}
{
  "timestamp": "2025-07-15T19:19:44.146Z",
  "level": "INFO",
  "message": "Properties retrieved successfully",
  "total": 47,
  "page": 1,
  "limit": 10,
  "filtersApplied": true
}
{
  "timestamp": "2025-07-15T19:19:44.151Z",
  "level": "DEBUG",
  "message": "Getting properties list",
  "query": {
    "listingType": "sale"
  },
  "ip": "::1"
}
{
  "timestamp": "2025-07-15T19:19:44.151Z",
  "level": "DEBUG",
  "message": "Query built",
  "query": {
    "status": "available",
    "listingType": "sale"
  },
  "pagination": {
    "page": 1,
    "limit": 10,
    "skip": 0
  },
  "sort": {
    "createdAt": -1
  }
}
{
  "timestamp": "2025-07-15T19:19:44.157Z",
  "level": "INFO",
  "message": "Properties retrieved successfully",
  "total": 47,
  "page": 1,
  "limit": 10,
  "filtersApplied": true
}
{
  "timestamp": "2025-07-15T19:19:54.157Z",
  "level": "DEBUG",
  "message": "Getting properties list",
  "query": {
    "listingType": "sale"
  },
  "ip": "::1"
}
{
  "timestamp": "2025-07-15T19:19:54.158Z",
  "level": "DEBUG",
  "message": "Query built",
  "query": {
    "status": "available",
    "listingType": "sale"
  },
  "pagination": {
    "page": 1,
    "limit": 10,
    "skip": 0
  },
  "sort": {
    "createdAt": -1
  }
}
{
  "timestamp": "2025-07-15T19:19:54.164Z",
  "level": "INFO",
  "message": "Properties retrieved successfully",
  "total": 47,
  "page": 1,
  "limit": 10,
  "filtersApplied": true
}
{
  "timestamp": "2025-07-15T19:19:54.170Z",
  "level": "DEBUG",
  "message": "Getting properties list",
  "query": {
    "listingType": "sale"
  },
  "ip": "::1"
}
{
  "timestamp": "2025-07-15T19:19:54.171Z",
  "level": "DEBUG",
  "message": "Query built",
  "query": {
    "status": "available",
    "listingType": "sale"
  },
  "pagination": {
    "page": 1,
    "limit": 10,
    "skip": 0
  },
  "sort": {
    "createdAt": -1
  }
}
{
  "timestamp": "2025-07-15T19:19:54.178Z",
  "level": "INFO",
  "message": "Properties retrieved successfully",
  "total": 47,
  "page": 1,
  "limit": 10,
  "filtersApplied": true
}
{
  "timestamp": "2025-07-15T19:19:54.954Z",
  "level": "DEBUG",
  "message": "Getting properties list",
  "query": {},
  "ip": "::1"
}
{
  "timestamp": "2025-07-15T19:19:54.958Z",
  "level": "DEBUG",
  "message": "Query built",
  "query": {
    "status": "available"
  },
  "pagination": {
    "page": 1,
    "limit": 10,
    "skip": 0
  },
  "sort": {
    "createdAt": -1
  }
}
{
  "timestamp": "2025-07-15T19:19:54.976Z",
  "level": "INFO",
  "message": "Properties retrieved successfully",
  "total": 65,
  "page": 1,
  "limit": 10,
  "filtersApplied": false
}
{
  "timestamp": "2025-07-15T19:19:54.980Z",
  "level": "DEBUG",
  "message": "Getting properties list",
  "query": {},
  "ip": "::1"
}
{
  "timestamp": "2025-07-15T19:19:54.981Z",
  "level": "DEBUG",
  "message": "Query built",
  "query": {
    "status": "available"
  },
  "pagination": {
    "page": 1,
    "limit": 10,
    "skip": 0
  },
  "sort": {
    "createdAt": -1
  }
}
{
  "timestamp": "2025-07-15T19:19:54.985Z",
  "level": "INFO",
  "message": "Properties retrieved successfully",
  "total": 65,
  "page": 1,
  "limit": 10,
  "filtersApplied": false
}
{
  "timestamp": "2025-07-15T19:20:02.216Z",
  "level": "DEBUG",
  "message": "Getting properties list",
  "query": {
    "listingType": "sale"
  },
  "ip": "::1"
}
{
  "timestamp": "2025-07-15T19:20:02.217Z",
  "level": "DEBUG",
  "message": "Query built",
  "query": {
    "status": "available",
    "listingType": "sale"
  },
  "pagination": {
    "page": 1,
    "limit": 10,
    "skip": 0
  },
  "sort": {
    "createdAt": -1
  }
}
{
  "timestamp": "2025-07-15T19:20:02.225Z",
  "level": "INFO",
  "message": "Properties retrieved successfully",
  "total": 47,
  "page": 1,
  "limit": 10,
  "filtersApplied": true
}
{
  "timestamp": "2025-07-15T19:20:02.229Z",
  "level": "DEBUG",
  "message": "Getting properties list",
  "query": {
    "listingType": "sale"
  },
  "ip": "::1"
}
{
  "timestamp": "2025-07-15T19:20:02.230Z",
  "level": "DEBUG",
  "message": "Query built",
  "query": {
    "status": "available",
    "listingType": "sale"
  },
  "pagination": {
    "page": 1,
    "limit": 10,
    "skip": 0
  },
  "sort": {
    "createdAt": -1
  }
}
{
  "timestamp": "2025-07-15T19:20:02.237Z",
  "level": "INFO",
  "message": "Properties retrieved successfully",
  "total": 47,
  "page": 1,
  "limit": 10,
  "filtersApplied": true
}
{
  "timestamp": "2025-07-15T19:24:41.878Z",
  "level": "DEBUG",
  "message": "Getting properties list",
  "query": {},
  "ip": "::1"
}
{
  "timestamp": "2025-07-15T19:24:41.879Z",
  "level": "DEBUG",
  "message": "Query built",
  "query": {
    "status": "available"
  },
  "pagination": {
    "page": 1,
    "limit": 10,
    "skip": 0
  },
  "sort": {
    "createdAt": -1
  }
}
{
  "timestamp": "2025-07-15T19:24:41.884Z",
  "level": "INFO",
  "message": "Properties retrieved successfully",
  "total": 65,
  "page": 1,
  "limit": 10,
  "filtersApplied": false
}
{
  "timestamp": "2025-07-15T19:24:41.889Z",
  "level": "DEBUG",
  "message": "Getting properties list",
  "query": {},
  "ip": "::1"
}
{
  "timestamp": "2025-07-15T19:24:41.890Z",
  "level": "DEBUG",
  "message": "Query built",
  "query": {
    "status": "available"
  },
  "pagination": {
    "page": 1,
    "limit": 10,
    "skip": 0
  },
  "sort": {
    "createdAt": -1
  }
}
{
  "timestamp": "2025-07-15T19:24:41.894Z",
  "level": "INFO",
  "message": "Properties retrieved successfully",
  "total": 65,
  "page": 1,
  "limit": 10,
  "filtersApplied": false
}
{
  "timestamp": "2025-07-15T19:24:44.590Z",
  "level": "DEBUG",
  "message": "Getting properties list",
  "query": {
    "listingType": "sale"
  },
  "ip": "::1"
}
{
  "timestamp": "2025-07-15T19:24:44.591Z",
  "level": "DEBUG",
  "message": "Query built",
  "query": {
    "status": "available",
    "listingType": "sale"
  },
  "pagination": {
    "page": 1,
    "limit": 10,
    "skip": 0
  },
  "sort": {
    "createdAt": -1
  }
}
{
  "timestamp": "2025-07-15T19:24:44.596Z",
  "level": "INFO",
  "message": "Properties retrieved successfully",
  "total": 47,
  "page": 1,
  "limit": 10,
  "filtersApplied": true
}
{
  "timestamp": "2025-07-15T19:24:44.599Z",
  "level": "DEBUG",
  "message": "Getting properties list",
  "query": {
    "listingType": "sale"
  },
  "ip": "::1"
}
{
  "timestamp": "2025-07-15T19:24:44.600Z",
  "level": "DEBUG",
  "message": "Query built",
  "query": {
    "status": "available",
    "listingType": "sale"
  },
  "pagination": {
    "page": 1,
    "limit": 10,
    "skip": 0
  },
  "sort": {
    "createdAt": -1
  }
}
{
  "timestamp": "2025-07-15T19:24:44.610Z",
  "level": "INFO",
  "message": "Properties retrieved successfully",
  "total": 47,
  "page": 1,
  "limit": 10,
  "filtersApplied": true
}
{
  "timestamp": "2025-07-15T20:35:53.138Z",
  "level": "INFO",
  "message": "12P Backend API Starting",
  "environment": "development",
  "port": "5001",
  "frontendUrl": "http://localhost:4200"
}
{
  "timestamp": "2025-07-15T20:35:53.141Z",
  "level": "INFO",
  "message": "Attempting to connect to MongoDB",
  "uri": "URI provided"
}
{
  "timestamp": "2025-07-15T20:35:53.164Z",
  "level": "INFO",
  "message": "MongoDB Connected Successfully",
  "host": "localhost",
  "port": 27017,
  "database": "12p"
}
{
  "timestamp": "2025-07-15T20:35:53.184Z",
  "level": "INFO",
  "message": "Properties already exist in database",
  "count": 65
}
{
  "timestamp": "2025-07-15T20:35:53.186Z",
  "level": "INFO",
  "message": "Server started successfully",
  "port": "5001",
  "host": "localhost",
  "environment": "development",
  "healthCheck": "http://localhost:5001/api/health",
  "propertiesEndpoint": "http://localhost:5001/api/properties"
}
