{
  "timestamp": "2025-07-22T19:03:27.050Z",
  "level": "INFO",
  "message": "12P Backend API Starting",
  "environment": "development",
  "port": "5001",
  "frontendUrl": "http://localhost:4200"
}
{
  "timestamp": "2025-07-22T19:03:27.056Z",
  "level": "INFO",
  "message": "Attempting to connect to MongoDB",
  "uri": "URI provided"
}
{
  "timestamp": "2025-07-22T19:03:27.107Z",
  "level": "INFO",
  "message": "MongoDB Connected Successfully",
  "host": "localhost",
  "port": 27017,
  "database": "12p"
}
{
  "timestamp": "2025-07-22T19:03:27.196Z",
  "level": "INFO",
  "message": "Properties already exist in database",
  "count": 65
}
{
  "timestamp": "2025-07-22T19:03:27.199Z",
  "level": "INFO",
  "message": "Server started successfully",
  "port": "5001",
  "host": "localhost",
  "environment": "development",
  "healthCheck": "http://localhost:5001/api/health",
  "propertiesEndpoint": "http://localhost:5001/api/properties"
}
{
  "timestamp": "2025-07-22T19:07:58.789Z",
  "level": "DEBUG",
  "message": "Getting properties list",
  "query": {
    "listingType": "sale"
  },
  "ip": "::1"
}
{
  "timestamp": "2025-07-22T19:07:58.791Z",
  "level": "DEBUG",
  "message": "Query built",
  "query": {
    "status": "available",
    "listingType": "sale"
  },
  "pagination": {
    "page": 1,
    "limit": 10,
    "skip": 0
  },
  "sort": {
    "createdAt": -1
  }
}
{
  "timestamp": "2025-07-22T19:07:58.809Z",
  "level": "INFO",
  "message": "Properties retrieved successfully",
  "total": 47,
  "page": 1,
  "limit": 10,
  "filtersApplied": true
}
{
  "timestamp": "2025-07-22T19:07:58.821Z",
  "level": "DEBUG",
  "message": "Getting properties list",
  "query": {
    "listingType": "sale"
  },
  "ip": "::1"
}
{
  "timestamp": "2025-07-22T19:07:58.823Z",
  "level": "DEBUG",
  "message": "Query built",
  "query": {
    "status": "available",
    "listingType": "sale"
  },
  "pagination": {
    "page": 1,
    "limit": 10,
    "skip": 0
  },
  "sort": {
    "createdAt": -1
  }
}
{
  "timestamp": "2025-07-22T19:07:58.831Z",
  "level": "INFO",
  "message": "Properties retrieved successfully",
  "total": 47,
  "page": 1,
  "limit": 10,
  "filtersApplied": true
}
{
  "timestamp": "2025-07-22T19:08:06.702Z",
  "level": "DEBUG",
  "message": "Getting properties list",
  "query": {},
  "ip": "::1"
}
{
  "timestamp": "2025-07-22T19:08:06.703Z",
  "level": "DEBUG",
  "message": "Query built",
  "query": {
    "status": "available"
  },
  "pagination": {
    "page": 1,
    "limit": 10,
    "skip": 0
  },
  "sort": {
    "createdAt": -1
  }
}
{
  "timestamp": "2025-07-22T19:08:06.710Z",
  "level": "INFO",
  "message": "Properties retrieved successfully",
  "total": 65,
  "page": 1,
  "limit": 10,
  "filtersApplied": false
}
{
  "timestamp": "2025-07-22T19:08:06.715Z",
  "level": "DEBUG",
  "message": "Getting properties list",
  "query": {},
  "ip": "::1"
}
{
  "timestamp": "2025-07-22T19:08:06.719Z",
  "level": "DEBUG",
  "message": "Query built",
  "query": {
    "status": "available"
  },
  "pagination": {
    "page": 1,
    "limit": 10,
    "skip": 0
  },
  "sort": {
    "createdAt": -1
  }
}
{
  "timestamp": "2025-07-22T19:08:06.727Z",
  "level": "INFO",
  "message": "Properties retrieved successfully",
  "total": 65,
  "page": 1,
  "limit": 10,
  "filtersApplied": false
}
{
  "timestamp": "2025-07-22T19:08:10.932Z",
  "level": "DEBUG",
  "message": "Getting properties list",
  "query": {
    "listingType": "sale"
  },
  "ip": "::1"
}
{
  "timestamp": "2025-07-22T19:08:10.933Z",
  "level": "DEBUG",
  "message": "Query built",
  "query": {
    "status": "available",
    "listingType": "sale"
  },
  "pagination": {
    "page": 1,
    "limit": 10,
    "skip": 0
  },
  "sort": {
    "createdAt": -1
  }
}
{
  "timestamp": "2025-07-22T19:08:10.946Z",
  "level": "INFO",
  "message": "Properties retrieved successfully",
  "total": 47,
  "page": 1,
  "limit": 10,
  "filtersApplied": true
}
{
  "timestamp": "2025-07-22T19:08:10.952Z",
  "level": "DEBUG",
  "message": "Getting properties list",
  "query": {
    "listingType": "sale"
  },
  "ip": "::1"
}
{
  "timestamp": "2025-07-22T19:08:10.954Z",
  "level": "DEBUG",
  "message": "Query built",
  "query": {
    "status": "available",
    "listingType": "sale"
  },
  "pagination": {
    "page": 1,
    "limit": 10,
    "skip": 0
  },
  "sort": {
    "createdAt": -1
  }
}
{
  "timestamp": "2025-07-22T19:08:10.964Z",
  "level": "INFO",
  "message": "Properties retrieved successfully",
  "total": 47,
  "page": 1,
  "limit": 10,
  "filtersApplied": true
}
{
  "timestamp": "2025-07-22T19:09:04.313Z",
  "level": "DEBUG",
  "message": "Getting properties list",
  "query": {
    "listingType": "sale",
    "search": "test"
  },
  "ip": "::1"
}
{
  "timestamp": "2025-07-22T19:09:04.315Z",
  "level": "DEBUG",
  "message": "Query built",
  "query": {
    "status": "available",
    "listingType": "sale",
    "$or": [
      {
        "title": {
          "$regex": "test",
          "$options": "i"
        }
      },
      {
        "description": {
          "$regex": "test",
          "$options": "i"
        }
      },
      {
        "location.address": {
          "$regex": "test",
          "$options": "i"
        }
      }
    ]
  },
  "pagination": {
    "page": 1,
    "limit": 10,
    "skip": 0
  },
  "sort": {
    "createdAt": -1
  }
}
{
  "timestamp": "2025-07-22T19:09:04.328Z",
  "level": "INFO",
  "message": "Properties retrieved successfully",
  "total": 0,
  "page": 1,
  "limit": 10,
  "filtersApplied": true
}
{
  "timestamp": "2025-07-22T19:17:06.273Z",
  "level": "INFO",
  "message": "User login attempt",
  "email": "test@example.com",
  "ip": "::1",
  "userAgent": "Mozilla/5.0 (Windows NT 10.0; Win64; x64) AppleWebKit/537.36 (KHTML, like Gecko) Chrome/138.0.0.0 Safari/537.36 Edg/138.0.0.0"
}
{
  "timestamp": "2025-07-22T19:17:06.279Z",
  "level": "WARN",
  "message": "Login attempt with non-existent email",
  "email": "test@example.com"
}
{
  "timestamp": "2025-07-22T19:17:33.726Z",
  "level": "DEBUG",
  "message": "Getting properties list",
  "query": {
    "listingType": "sale"
  },
  "ip": "::1"
}
{
  "timestamp": "2025-07-22T19:17:33.726Z",
  "level": "DEBUG",
  "message": "Query built",
  "query": {
    "status": "available",
    "listingType": "sale"
  },
  "pagination": {
    "page": 1,
    "limit": 10,
    "skip": 0
  },
  "sort": {
    "createdAt": -1
  }
}
{
  "timestamp": "2025-07-22T19:17:33.733Z",
  "level": "INFO",
  "message": "Properties retrieved successfully",
  "total": 47,
  "page": 1,
  "limit": 10,
  "filtersApplied": true
}
{
  "timestamp": "2025-07-22T19:17:33.738Z",
  "level": "DEBUG",
  "message": "Getting properties list",
  "query": {
    "listingType": "sale"
  },
  "ip": "::1"
}
{
  "timestamp": "2025-07-22T19:17:33.739Z",
  "level": "DEBUG",
  "message": "Query built",
  "query": {
    "status": "available",
    "listingType": "sale"
  },
  "pagination": {
    "page": 1,
    "limit": 10,
    "skip": 0
  },
  "sort": {
    "createdAt": -1
  }
}
{
  "timestamp": "2025-07-22T19:17:33.746Z",
  "level": "INFO",
  "message": "Properties retrieved successfully",
  "total": 47,
  "page": 1,
  "limit": 10,
  "filtersApplied": true
}
{
  "timestamp": "2025-07-22T19:22:14.086Z",
  "level": "INFO",
  "message": "User login attempt",
  "email": "test.user2@example.com",
  "ip": "::1",
  "userAgent": "Mozilla/5.0 (Windows NT 10.0; Win64; x64) AppleWebKit/537.36 (KHTML, like Gecko) Chrome/138.0.0.0 Safari/537.36 Edg/138.0.0.0"
}
{
  "timestamp": "2025-07-22T19:22:14.349Z",
  "level": "WARN",
  "message": "Login attempt with invalid password",
  "userId": "686d752e8de09a4f48df03ac",
  "email": "test.user2@example.com"
}
{
  "timestamp": "2025-07-22T19:22:38.446Z",
  "level": "INFO",
  "message": "User login attempt",
  "email": "test.user2@example.com",
  "ip": "::1",
  "userAgent": "Mozilla/5.0 (Windows NT 10.0; Win64; x64) AppleWebKit/537.36 (KHTML, like Gecko) Chrome/138.0.0.0 Safari/537.36 Edg/138.0.0.0"
}
{
  "timestamp": "2025-07-22T19:22:38.709Z",
  "level": "INFO",
  "message": "User login successful",
  "userId": "686d752e8de09a4f48df03ac",
  "email": "test.user2@example.com",
  "role": "client",
  "lastLogin": "2025-07-22T19:22:38.692Z"
}
{
  "timestamp": "2025-07-22T19:22:38.724Z",
  "level": "DEBUG",
  "message": "Getting properties list",
  "query": {
    "listingType": "sale"
  },
  "ip": "::1"
}
{
  "timestamp": "2025-07-22T19:22:38.725Z",
  "level": "DEBUG",
  "message": "Query built",
  "query": {
    "status": "available",
    "listingType": "sale"
  },
  "pagination": {
    "page": 1,
    "limit": 10,
    "skip": 0
  },
  "sort": {
    "createdAt": -1
  }
}
{
  "timestamp": "2025-07-22T19:22:38.743Z",
  "level": "INFO",
  "message": "Properties retrieved successfully",
  "total": 47,
  "page": 1,
  "limit": 10,
  "filtersApplied": true
}
{
  "timestamp": "2025-07-22T19:22:38.752Z",
  "level": "DEBUG",
  "message": "Getting properties list",
  "query": {
    "listingType": "sale"
  },
  "ip": "::1"
}
{
  "timestamp": "2025-07-22T19:22:38.762Z",
  "level": "DEBUG",
  "message": "Query built",
  "query": {
    "status": "available",
    "listingType": "sale"
  },
  "pagination": {
    "page": 1,
    "limit": 10,
    "skip": 0
  },
  "sort": {
    "createdAt": -1
  }
}
{
  "timestamp": "2025-07-22T19:22:38.768Z",
  "level": "INFO",
  "message": "Properties retrieved successfully",
  "total": 47,
  "page": 1,
  "limit": 10,
  "filtersApplied": true
}
{
  "timestamp": "2025-07-22T19:50:32.888Z",
  "level": "INFO",
  "message": "12P Backend API Starting",
  "environment": "development",
  "port": "5001",
  "frontendUrl": "http://localhost:4200"
}
{
  "timestamp": "2025-07-22T19:50:32.895Z",
  "level": "INFO",
  "message": "Attempting to connect to MongoDB",
  "uri": "URI provided"
}
{
  "timestamp": "2025-07-22T19:50:32.928Z",
  "level": "INFO",
  "message": "MongoDB Connected Successfully",
  "host": "localhost",
  "port": 27017,
  "database": "12p"
}
{
  "timestamp": "2025-07-22T19:50:32.950Z",
  "level": "INFO",
  "message": "Properties already exist in database",
  "count": 65
}
{
  "timestamp": "2025-07-22T19:50:32.953Z",
  "level": "INFO",
  "message": "Server started successfully",
  "port": "5001",
  "host": "localhost",
  "environment": "development",
  "healthCheck": "http://localhost:5001/api/health",
  "propertiesEndpoint": "http://localhost:5001/api/properties"
}
{
  "timestamp": "2025-07-22T19:51:21.119Z",
  "level": "INFO",
  "message": "12P Backend API Starting",
  "environment": "development",
  "port": "5001",
  "frontendUrl": "http://localhost:4200"
}
{
  "timestamp": "2025-07-22T19:51:21.124Z",
  "level": "INFO",
  "message": "Attempting to connect to MongoDB",
  "uri": "URI provided"
}
{
  "timestamp": "2025-07-22T19:51:21.157Z",
  "level": "INFO",
  "message": "MongoDB Connected Successfully",
  "host": "localhost",
  "port": 27017,
  "database": "12p"
}
{
  "timestamp": "2025-07-22T19:51:21.191Z",
  "level": "INFO",
  "message": "Properties already exist in database",
  "count": 65
}
{
  "timestamp": "2025-07-22T19:51:21.194Z",
  "level": "INFO",
  "message": "Server started successfully",
  "port": "5001",
  "host": "localhost",
  "environment": "development",
  "healthCheck": "http://localhost:5001/api/health",
  "propertiesEndpoint": "http://localhost:5001/api/properties"
}
{
  "timestamp": "2025-07-22T19:51:27.339Z",
  "level": "DEBUG",
  "message": "Getting properties list",
  "query": {
    "listingType": "sale"
  },
  "ip": "::1"
}
{
  "timestamp": "2025-07-22T19:51:27.341Z",
  "level": "DEBUG",
  "message": "Query built",
  "query": {
    "status": "available",
    "listingType": "sale"
  },
  "pagination": {
    "page": 1,
    "limit": 10,
    "skip": 0
  },
  "sort": {
    "createdAt": -1
  }
}
{
  "timestamp": "2025-07-22T19:51:27.355Z",
  "level": "INFO",
  "message": "Properties retrieved successfully",
  "total": 47,
  "page": 1,
  "limit": 10,
  "filtersApplied": true
}
{
  "timestamp": "2025-07-22T19:51:27.366Z",
  "level": "DEBUG",
  "message": "Getting properties list",
  "query": {
    "listingType": "sale"
  },
  "ip": "::1"
}
{
  "timestamp": "2025-07-22T19:51:27.368Z",
  "level": "DEBUG",
  "message": "Query built",
  "query": {
    "status": "available",
    "listingType": "sale"
  },
  "pagination": {
    "page": 1,
    "limit": 10,
    "skip": 0
  },
  "sort": {
    "createdAt": -1
  }
}
{
  "timestamp": "2025-07-22T19:51:27.376Z",
  "level": "INFO",
  "message": "Properties retrieved successfully",
  "total": 47,
  "page": 1,
  "limit": 10,
  "filtersApplied": true
}
{
  "timestamp": "2025-07-22T19:55:39.433Z",
  "level": "INFO",
  "message": "User login attempt",
  "email": "agent@test.com",
  "ip": "::1",
  "userAgent": "PostmanRuntime/7.44.1"
}
{
  "timestamp": "2025-07-22T19:55:39.734Z",
  "level": "INFO",
  "message": "User login successful",
  "userId": "686d7dc38de09a4f48df03af",
  "email": "agent@test.com",
  "role": "agent",
  "lastLogin": "2025-07-22T19:55:39.717Z"
}
{
  "timestamp": "2025-07-22T19:58:16.940Z",
  "level": "INFO",
  "message": "New property created successfully",
  "propertyId": "687fed58cdd74fbba56d3b88",
  "createdBy": "686d7dc38de09a4f48df03af",
  "userRole": "agent",
  "title": "Beautiful Test Property",
  "price": 500000
}
{
  "timestamp": "2025-07-22T20:00:20.179Z",
  "level": "INFO",
  "message": "User login attempt",
  "email": "john.doe@example.com",
  "ip": "::1",
  "userAgent": "PostmanRuntime/7.44.1"
}
{
  "timestamp": "2025-07-22T20:00:20.440Z",
  "level": "INFO",
  "message": "User login successful",
  "userId": "686d59cc74e0bd046e2a8d93",
  "email": "john.doe@example.com",
  "role": "client",
  "lastLogin": "2025-07-22T20:00:20.436Z"
}
{
  "timestamp": "2025-07-22T20:01:13.809Z",
  "level": "WARN",
  "message": "Authorization failed - insufficient permissions",
  "userId": "686d59cc74e0bd046e2a8d93",
  "userRole": "client",
  "requiredRoles": [
    "agent",
    "admin"
  ]
}
{
  "timestamp": "2025-07-22T20:05:16.210Z",
  "level": "INFO",
  "message": "12P Backend API Starting",
  "environment": "development",
  "port": "5001",
  "frontendUrl": "http://localhost:4200"
}
{
  "timestamp": "2025-07-22T20:05:16.215Z",
  "level": "INFO",
  "message": "Attempting to connect to MongoDB",
  "uri": "URI provided"
}
{
  "timestamp": "2025-07-22T20:05:16.245Z",
  "level": "INFO",
  "message": "MongoDB Connected Successfully",
  "host": "localhost",
  "port": 27017,
  "database": "12p"
}
{
  "timestamp": "2025-07-22T20:05:16.276Z",
  "level": "INFO",
  "message": "Properties already exist in database",
  "count": 66
}
{
  "timestamp": "2025-07-22T20:05:16.279Z",
  "level": "INFO",
  "message": "Server started successfully",
  "port": "5001",
  "host": "localhost",
  "environment": "development",
  "healthCheck": "http://localhost:5001/api/health",
  "propertiesEndpoint": "http://localhost:5001/api/properties"
}
{
  "timestamp": "2025-07-22T20:06:43.077Z",
  "level": "INFO",
  "message": "12P Backend API Starting",
  "environment": "development",
  "port": "5001",
  "frontendUrl": "http://localhost:4200"
}
{
  "timestamp": "2025-07-22T20:06:43.083Z",
  "level": "INFO",
  "message": "Attempting to connect to MongoDB",
  "uri": "URI provided"
}
{
  "timestamp": "2025-07-22T20:06:43.124Z",
  "level": "INFO",
  "message": "MongoDB Connected Successfully",
  "host": "localhost",
  "port": 27017,
  "database": "12p"
}
{
  "timestamp": "2025-07-22T20:06:43.156Z",
  "level": "INFO",
  "message": "Properties already exist in database",
  "count": 66
}
{
  "timestamp": "2025-07-22T20:06:43.160Z",
  "level": "INFO",
  "message": "Server started successfully",
  "port": "5001",
  "host": "localhost",
  "environment": "development",
  "healthCheck": "http://localhost:5001/api/health",
  "propertiesEndpoint": "http://localhost:5001/api/properties"
}
{
  "timestamp": "2025-07-22T20:07:09.732Z",
  "level": "WARN",
  "message": "Authorization failed - insufficient permissions",
  "userId": "686d59cc74e0bd046e2a8d93",
  "userRole": "client",
  "requiredRoles": [
    "agent",
    "admin"
  ]
}
