{
  "timestamp": "2025-09-09T14:14:20.628Z",
  "level": "INFO",
  "message": "Attempting to connect to MongoDB",
  "uri": "URI provided"
}
{
  "timestamp": "2025-09-09T14:14:20.647Z",
  "level": "INFO",
  "message": "Attempting to connect to MongoDB",
  "uri": "URI provided"
}
{
  "timestamp": "2025-09-09T14:14:20.648Z",
  "level": "INFO",
  "message": "MongoDB Connected Successfully"
}
{
  "timestamp": "2025-09-09T14:14:20.663Z",
  "level": "INFO",
  "message": "MongoDB Connected Successfully",
  "host": "localhost",
  "port": 27017,
  "database": "12p"
}
{
  "timestamp": "2025-09-09T14:14:20.722Z",
  "level": "INFO",
  "message": "Properties already exist in database",
  "count": 122
}
{
  "timestamp": "2025-09-09T14:14:20.725Z",
  "level": "INFO",
  "message": "Server started successfully",
  "port": "5001",
  "host": "localhost",
  "environment": "development",
  "healthCheck": "http://localhost:5001/api/health",
  "propertiesEndpoint": "http://localhost:5001/api/properties"
}
{
  "timestamp": "2025-09-09T14:14:40.620Z",
  "level": "DEBUG",
  "message": "Getting properties list",
  "query": {
    "page": "1",
    "limit": "12",
    "sortBy": "price"
  },
  "ip": "::1"
}
{
  "timestamp": "2025-09-09T14:14:40.621Z",
  "level": "DEBUG",
  "message": "Query built",
  "query": {
    "status": "available",
    "isDeleted": false
  },
  "pagination": {
    "page": 1,
    "limit": 12,
    "skip": 0
  },
  "sort": {
    "price": -1
  }
}
{
  "timestamp": "2025-09-09T14:14:40.640Z",
  "level": "INFO",
  "message": "Properties retrieved successfully",
  "total": 51,
  "page": 1,
  "limit": 12,
  "filtersApplied": true
}
{
  "timestamp": "2025-09-09T14:14:40.651Z",
  "level": "DEBUG",
  "message": "Getting properties list",
  "query": {
    "page": "1",
    "limit": "12",
    "sortBy": "price"
  },
  "ip": "::1"
}
{
  "timestamp": "2025-09-09T14:14:40.653Z",
  "level": "DEBUG",
  "message": "Query built",
  "query": {
    "status": "available",
    "isDeleted": false
  },
  "pagination": {
    "page": 1,
    "limit": 12,
    "skip": 0
  },
  "sort": {
    "price": -1
  }
}
{
  "timestamp": "2025-09-09T14:14:40.659Z",
  "level": "INFO",
  "message": "Properties retrieved successfully",
  "total": 51,
  "page": 1,
  "limit": 12,
  "filtersApplied": true
}
{
  "timestamp": "2025-09-09T14:14:40.690Z",
  "level": "WARN",
  "message": "Public profile requested for non-existent user",
  "userId": "507f1f77bcf86cd799439011"
}
{
  "timestamp": "2025-09-09T14:14:40.696Z",
  "level": "WARN",
  "message": "Public profile requested for non-existent user",
  "userId": "507f1f77bcf86cd799439011"
}
{
  "timestamp": "2025-09-09T14:14:40.702Z",
  "level": "WARN",
  "message": "Public profile requested for non-existent user",
  "userId": "507f1f77bcf86cd799439011"
}
{
  "timestamp": "2025-09-09T14:14:40.710Z",
  "level": "WARN",
  "message": "Public profile requested for non-existent user",
  "userId": "507f1f77bcf86cd799439011"
}
{
  "timestamp": "2025-09-09T14:14:40.716Z",
  "level": "WARN",
  "message": "Public profile requested for non-existent user",
  "userId": "507f1f77bcf86cd799439011"
}
{
  "timestamp": "2025-09-09T14:14:40.722Z",
  "level": "WARN",
  "message": "Public profile requested for non-existent user",
  "userId": "507f1f77bcf86cd799439011"
}
{
  "timestamp": "2025-09-09T14:14:40.730Z",
  "level": "WARN",
  "message": "Public profile requested for non-existent user",
  "userId": "507f1f77bcf86cd799439011"
}
{
  "timestamp": "2025-09-09T14:14:40.735Z",
  "level": "WARN",
  "message": "Public profile requested for non-existent user",
  "userId": "507f1f77bcf86cd799439011"
}
{
  "timestamp": "2025-09-09T14:14:40.743Z",
  "level": "WARN",
  "message": "Public profile requested for non-existent user",
  "userId": "507f1f77bcf86cd799439011"
}
{
  "timestamp": "2025-09-09T14:14:40.748Z",
  "level": "WARN",
  "message": "Public profile requested for non-existent user",
  "userId": "507f1f77bcf86cd799439011"
}
{
  "timestamp": "2025-09-09T14:14:40.754Z",
  "level": "WARN",
  "message": "Public profile requested for non-existent user",
  "userId": "507f1f77bcf86cd799439011"
}
{
  "timestamp": "2025-09-09T14:14:40.761Z",
  "level": "WARN",
  "message": "Public profile requested for non-existent user",
  "userId": "507f1f77bcf86cd799439011"
}
{
  "timestamp": "2025-09-09T14:14:49.314Z",
  "level": "INFO",
  "message": "User login attempt",
  "email": "test@example.com",
  "ip": "::1",
  "userAgent": "Mozilla/5.0 (Windows NT 10.0; Win64; x64) AppleWebKit/537.36 (KHTML, like Gecko) Chrome/140.0.0.0 Safari/537.36 Edg/140.0.0.0"
}
{
  "timestamp": "2025-09-09T14:14:49.393Z",
  "level": "WARN",
  "message": "Login attempt with invalid password",
  "userId": "6893a682763cd93e0cd133a4",
  "email": "test@example.com"
}
{
  "timestamp": "2025-09-09T14:15:41.405Z",
  "level": "INFO",
  "message": "User login attempt",
  "email": "agent@test.com",
  "ip": "::1",
  "userAgent": "Mozilla/5.0 (Windows NT 10.0; Win64; x64) AppleWebKit/537.36 (KHTML, like Gecko) Chrome/140.0.0.0 Safari/537.36 Edg/140.0.0.0"
}
{
  "timestamp": "2025-09-09T14:15:41.656Z",
  "level": "WARN",
  "message": "Login attempt with invalid password",
  "userId": "686d7dc38de09a4f48df03af",
  "email": "agent@test.com"
}
{
  "timestamp": "2025-09-09T14:16:23.622Z",
  "level": "INFO",
  "message": "Google login attempt",
  "hasToken": true,
  "ip": "::1"
}
{
  "timestamp": "2025-09-09T14:16:23.935Z",
  "level": "INFO",
  "message": "Google token verified",
  "email": "pdmckinster@gmail.com",
  "name": "Pat D"
}
{
  "timestamp": "2025-09-09T14:16:23.963Z",
  "level": "INFO",
  "message": "Google login successful",
  "userId": "68939c61763cd93e0cd13304",
  "email": "pdmckinster@gmail.com",
  "role": "client",
  "isNewUser": false
}
{
  "timestamp": "2025-09-09T14:16:23.992Z",
  "level": "DEBUG",
  "message": "Getting properties list",
  "query": {
    "page": "1",
    "limit": "12",
    "sortBy": "price"
  },
  "ip": "::1"
}
{
  "timestamp": "2025-09-09T14:16:23.996Z",
  "level": "DEBUG",
  "message": "Query built",
  "query": {
    "status": "available",
    "isDeleted": false
  },
  "pagination": {
    "page": 1,
    "limit": 12,
    "skip": 0
  },
  "sort": {
    "price": -1
  }
}
{
  "timestamp": "2025-09-09T14:16:24.008Z",
  "level": "INFO",
  "message": "Properties retrieved successfully",
  "total": 51,
  "page": 1,
  "limit": 12,
  "filtersApplied": true
}
{
  "timestamp": "2025-09-09T14:16:24.017Z",
  "level": "DEBUG",
  "message": "Getting properties list",
  "query": {
    "page": "1",
    "limit": "12",
    "sortBy": "price"
  },
  "ip": "::1"
}
{
  "timestamp": "2025-09-09T14:16:24.019Z",
  "level": "DEBUG",
  "message": "Query built",
  "query": {
    "status": "available",
    "isDeleted": false
  },
  "pagination": {
    "page": 1,
    "limit": 12,
    "skip": 0
  },
  "sort": {
    "price": -1
  }
}
{
  "timestamp": "2025-09-09T14:16:24.033Z",
  "level": "INFO",
  "message": "Properties retrieved successfully",
  "total": 51,
  "page": 1,
  "limit": 12,
  "filtersApplied": true
}
{
  "timestamp": "2025-09-09T14:16:24.040Z",
  "level": "WARN",
  "message": "Public profile requested for non-existent user",
  "userId": "507f1f77bcf86cd799439011"
}
{
  "timestamp": "2025-09-09T14:16:24.046Z",
  "level": "WARN",
  "message": "Public profile requested for non-existent user",
  "userId": "507f1f77bcf86cd799439011"
}
{
  "timestamp": "2025-09-09T14:16:24.051Z",
  "level": "WARN",
  "message": "Public profile requested for non-existent user",
  "userId": "507f1f77bcf86cd799439011"
}
{
  "timestamp": "2025-09-09T14:16:24.056Z",
  "level": "WARN",
  "message": "Public profile requested for non-existent user",
  "userId": "507f1f77bcf86cd799439011"
}
{
  "timestamp": "2025-09-09T14:16:24.061Z",
  "level": "WARN",
  "message": "Public profile requested for non-existent user",
  "userId": "507f1f77bcf86cd799439011"
}
{
  "timestamp": "2025-09-09T14:16:24.066Z",
  "level": "WARN",
  "message": "Public profile requested for non-existent user",
  "userId": "507f1f77bcf86cd799439011"
}
{
  "timestamp": "2025-09-09T14:16:24.072Z",
  "level": "WARN",
  "message": "Public profile requested for non-existent user",
  "userId": "507f1f77bcf86cd799439011"
}
{
  "timestamp": "2025-09-09T14:16:24.076Z",
  "level": "WARN",
  "message": "Public profile requested for non-existent user",
  "userId": "507f1f77bcf86cd799439011"
}
{
  "timestamp": "2025-09-09T14:16:24.080Z",
  "level": "WARN",
  "message": "Public profile requested for non-existent user",
  "userId": "507f1f77bcf86cd799439011"
}
{
  "timestamp": "2025-09-09T14:16:24.084Z",
  "level": "WARN",
  "message": "Public profile requested for non-existent user",
  "userId": "507f1f77bcf86cd799439011"
}
{
  "timestamp": "2025-09-09T14:16:24.089Z",
  "level": "WARN",
  "message": "Public profile requested for non-existent user",
  "userId": "507f1f77bcf86cd799439011"
}
{
  "timestamp": "2025-09-09T14:16:24.094Z",
  "level": "WARN",
  "message": "Public profile requested for non-existent user",
  "userId": "507f1f77bcf86cd799439011"
}
{
  "timestamp": "2025-09-09T14:16:31.028Z",
  "level": "DEBUG",
  "message": "Getting properties list",
  "query": {
    "page": "1",
    "limit": "12",
    "sortBy": "price"
  },
  "ip": "::1"
}
{
  "timestamp": "2025-09-09T14:16:31.030Z",
  "level": "DEBUG",
  "message": "Query built",
  "query": {
    "status": "available",
    "isDeleted": false
  },
  "pagination": {
    "page": 1,
    "limit": 12,
    "skip": 0
  },
  "sort": {
    "price": -1
  }
}
{
  "timestamp": "2025-09-09T14:16:31.037Z",
  "level": "INFO",
  "message": "Properties retrieved successfully",
  "total": 51,
  "page": 1,
  "limit": 12,
  "filtersApplied": true
}
{
  "timestamp": "2025-09-09T14:16:31.042Z",
  "level": "DEBUG",
  "message": "Getting properties list",
  "query": {
    "page": "1",
    "limit": "12",
    "sortBy": "price"
  },
  "ip": "::1"
}
{
  "timestamp": "2025-09-09T14:16:31.043Z",
  "level": "DEBUG",
  "message": "Query built",
  "query": {
    "status": "available",
    "isDeleted": false
  },
  "pagination": {
    "page": 1,
    "limit": 12,
    "skip": 0
  },
  "sort": {
    "price": -1
  }
}
{
  "timestamp": "2025-09-09T14:16:31.050Z",
  "level": "INFO",
  "message": "Properties retrieved successfully",
  "total": 51,
  "page": 1,
  "limit": 12,
  "filtersApplied": true
}
{
  "timestamp": "2025-09-09T14:16:31.054Z",
  "level": "WARN",
  "message": "Public profile requested for non-existent user",
  "userId": "507f1f77bcf86cd799439011"
}
{
  "timestamp": "2025-09-09T14:16:31.060Z",
  "level": "WARN",
  "message": "Public profile requested for non-existent user",
  "userId": "507f1f77bcf86cd799439011"
}
{
  "timestamp": "2025-09-09T14:16:31.064Z",
  "level": "WARN",
  "message": "Public profile requested for non-existent user",
  "userId": "507f1f77bcf86cd799439011"
}
{
  "timestamp": "2025-09-09T14:16:31.068Z",
  "level": "WARN",
  "message": "Public profile requested for non-existent user",
  "userId": "507f1f77bcf86cd799439011"
}
{
  "timestamp": "2025-09-09T14:16:31.072Z",
  "level": "WARN",
  "message": "Public profile requested for non-existent user",
  "userId": "507f1f77bcf86cd799439011"
}
{
  "timestamp": "2025-09-09T14:16:31.077Z",
  "level": "WARN",
  "message": "Public profile requested for non-existent user",
  "userId": "507f1f77bcf86cd799439011"
}
{
  "timestamp": "2025-09-09T14:16:31.082Z",
  "level": "WARN",
  "message": "Public profile requested for non-existent user",
  "userId": "507f1f77bcf86cd799439011"
}
{
  "timestamp": "2025-09-09T14:16:31.087Z",
  "level": "WARN",
  "message": "Public profile requested for non-existent user",
  "userId": "507f1f77bcf86cd799439011"
}
{
  "timestamp": "2025-09-09T14:16:31.092Z",
  "level": "WARN",
  "message": "Public profile requested for non-existent user",
  "userId": "507f1f77bcf86cd799439011"
}
{
  "timestamp": "2025-09-09T14:16:31.096Z",
  "level": "WARN",
  "message": "Public profile requested for non-existent user",
  "userId": "507f1f77bcf86cd799439011"
}
{
  "timestamp": "2025-09-09T14:16:31.101Z",
  "level": "WARN",
  "message": "Public profile requested for non-existent user",
  "userId": "507f1f77bcf86cd799439011"
}
{
  "timestamp": "2025-09-09T14:16:31.106Z",
  "level": "WARN",
  "message": "Public profile requested for non-existent user",
  "userId": "507f1f77bcf86cd799439011"
}
{
  "timestamp": "2025-09-09T14:16:54.389Z",
  "level": "DEBUG",
  "message": "Getting properties list",
  "query": {
    "page": "1",
    "limit": "12",
    "sortBy": "price"
  },
  "ip": "::1"
}
{
  "timestamp": "2025-09-09T14:16:54.390Z",
  "level": "DEBUG",
  "message": "Query built",
  "query": {
    "status": "available",
    "isDeleted": false
  },
  "pagination": {
    "page": 1,
    "limit": 12,
    "skip": 0
  },
  "sort": {
    "price": -1
  }
}
{
  "timestamp": "2025-09-09T14:16:54.397Z",
  "level": "INFO",
  "message": "Properties retrieved successfully",
  "total": 51,
  "page": 1,
  "limit": 12,
  "filtersApplied": true
}
{
  "timestamp": "2025-09-09T14:16:54.404Z",
  "level": "DEBUG",
  "message": "Getting properties list",
  "query": {
    "page": "1",
    "limit": "12",
    "sortBy": "price"
  },
  "ip": "::1"
}
{
  "timestamp": "2025-09-09T14:16:54.406Z",
  "level": "DEBUG",
  "message": "Query built",
  "query": {
    "status": "available",
    "isDeleted": false
  },
  "pagination": {
    "page": 1,
    "limit": 12,
    "skip": 0
  },
  "sort": {
    "price": -1
  }
}
{
  "timestamp": "2025-09-09T14:16:54.414Z",
  "level": "INFO",
  "message": "Properties retrieved successfully",
  "total": 51,
  "page": 1,
  "limit": 12,
  "filtersApplied": true
}
{
  "timestamp": "2025-09-09T14:16:54.419Z",
  "level": "WARN",
  "message": "Public profile requested for non-existent user",
  "userId": "507f1f77bcf86cd799439011"
}
{
  "timestamp": "2025-09-09T14:16:54.425Z",
  "level": "WARN",
  "message": "Public profile requested for non-existent user",
  "userId": "507f1f77bcf86cd799439011"
}
{
  "timestamp": "2025-09-09T14:16:54.431Z",
  "level": "WARN",
  "message": "Public profile requested for non-existent user",
  "userId": "507f1f77bcf86cd799439011"
}
{
  "timestamp": "2025-09-09T14:16:54.435Z",
  "level": "WARN",
  "message": "Public profile requested for non-existent user",
  "userId": "507f1f77bcf86cd799439011"
}
{
  "timestamp": "2025-09-09T14:16:54.439Z",
  "level": "WARN",
  "message": "Public profile requested for non-existent user",
  "userId": "507f1f77bcf86cd799439011"
}
{
  "timestamp": "2025-09-09T14:16:54.443Z",
  "level": "WARN",
  "message": "Public profile requested for non-existent user",
  "userId": "507f1f77bcf86cd799439011"
}
{
  "timestamp": "2025-09-09T14:16:54.448Z",
  "level": "WARN",
  "message": "Public profile requested for non-existent user",
  "userId": "507f1f77bcf86cd799439011"
}
{
  "timestamp": "2025-09-09T14:16:54.453Z",
  "level": "WARN",
  "message": "Public profile requested for non-existent user",
  "userId": "507f1f77bcf86cd799439011"
}
{
  "timestamp": "2025-09-09T14:16:54.457Z",
  "level": "WARN",
  "message": "Public profile requested for non-existent user",
  "userId": "507f1f77bcf86cd799439011"
}
{
  "timestamp": "2025-09-09T14:16:54.461Z",
  "level": "WARN",
  "message": "Public profile requested for non-existent user",
  "userId": "507f1f77bcf86cd799439011"
}
{
  "timestamp": "2025-09-09T14:16:54.466Z",
  "level": "WARN",
  "message": "Public profile requested for non-existent user",
  "userId": "507f1f77bcf86cd799439011"
}
{
  "timestamp": "2025-09-09T14:16:54.472Z",
  "level": "WARN",
  "message": "Public profile requested for non-existent user",
  "userId": "507f1f77bcf86cd799439011"
}
{
  "timestamp": "2025-09-09T14:17:02.350Z",
  "level": "DEBUG",
  "message": "Getting properties list",
  "query": {
    "page": "1",
    "limit": "12",
    "sortBy": "price"
  },
  "ip": "::1"
}
{
  "timestamp": "2025-09-09T14:17:02.351Z",
  "level": "DEBUG",
  "message": "Query built",
  "query": {
    "status": "available",
    "isDeleted": false
  },
  "pagination": {
    "page": 1,
    "limit": 12,
    "skip": 0
  },
  "sort": {
    "price": -1
  }
}
{
  "timestamp": "2025-09-09T14:17:02.359Z",
  "level": "INFO",
  "message": "Properties retrieved successfully",
  "total": 51,
  "page": 1,
  "limit": 12,
  "filtersApplied": true
}
{
  "timestamp": "2025-09-09T14:17:02.363Z",
  "level": "DEBUG",
  "message": "Getting properties list",
  "query": {
    "page": "1",
    "limit": "12",
    "sortBy": "price"
  },
  "ip": "::1"
}
{
  "timestamp": "2025-09-09T14:17:02.365Z",
  "level": "DEBUG",
  "message": "Query built",
  "query": {
    "status": "available",
    "isDeleted": false
  },
  "pagination": {
    "page": 1,
    "limit": 12,
    "skip": 0
  },
  "sort": {
    "price": -1
  }
}
{
  "timestamp": "2025-09-09T14:17:02.381Z",
  "level": "INFO",
  "message": "Properties retrieved successfully",
  "total": 51,
  "page": 1,
  "limit": 12,
  "filtersApplied": true
}
{
  "timestamp": "2025-09-09T14:17:02.390Z",
  "level": "WARN",
  "message": "Public profile requested for non-existent user",
  "userId": "507f1f77bcf86cd799439011"
}
{
  "timestamp": "2025-09-09T14:17:02.398Z",
  "level": "WARN",
  "message": "Public profile requested for non-existent user",
  "userId": "507f1f77bcf86cd799439011"
}
{
  "timestamp": "2025-09-09T14:17:02.404Z",
  "level": "WARN",
  "message": "Public profile requested for non-existent user",
  "userId": "507f1f77bcf86cd799439011"
}
{
  "timestamp": "2025-09-09T14:17:02.410Z",
  "level": "WARN",
  "message": "Public profile requested for non-existent user",
  "userId": "507f1f77bcf86cd799439011"
}
{
  "timestamp": "2025-09-09T14:17:02.417Z",
  "level": "WARN",
  "message": "Public profile requested for non-existent user",
  "userId": "507f1f77bcf86cd799439011"
}
{
  "timestamp": "2025-09-09T14:17:02.422Z",
  "level": "WARN",
  "message": "Public profile requested for non-existent user",
  "userId": "507f1f77bcf86cd799439011"
}
{
  "timestamp": "2025-09-09T14:17:02.427Z",
  "level": "WARN",
  "message": "Public profile requested for non-existent user",
  "userId": "507f1f77bcf86cd799439011"
}
{
  "timestamp": "2025-09-09T14:17:02.431Z",
  "level": "WARN",
  "message": "Public profile requested for non-existent user",
  "userId": "507f1f77bcf86cd799439011"
}
{
  "timestamp": "2025-09-09T14:17:02.436Z",
  "level": "WARN",
  "message": "Public profile requested for non-existent user",
  "userId": "507f1f77bcf86cd799439011"
}
{
  "timestamp": "2025-09-09T14:17:02.441Z",
  "level": "WARN",
  "message": "Public profile requested for non-existent user",
  "userId": "507f1f77bcf86cd799439011"
}
{
  "timestamp": "2025-09-09T14:17:02.446Z",
  "level": "WARN",
  "message": "Public profile requested for non-existent user",
  "userId": "507f1f77bcf86cd799439011"
}
{
  "timestamp": "2025-09-09T14:17:02.451Z",
  "level": "WARN",
  "message": "Public profile requested for non-existent user",
  "userId": "507f1f77bcf86cd799439011"
}
{
  "timestamp": "2025-09-09T14:21:51.665Z",
  "level": "INFO",
  "message": "Public user profile retrieved",
  "userId": "686d4fc45d85566fff88ef9f",
  "requestedBy": "::1"
}
{
  "timestamp": "2025-09-09T14:22:27.067Z",
  "level": "INFO",
  "message": "User login attempt",
  "email": "john.doe@example.com",
  "ip": "::1",
  "userAgent": "PostmanRuntime/7.45.0"
}
{
  "timestamp": "2025-09-09T14:22:27.350Z",
  "level": "INFO",
  "message": "User login successful",
  "userId": "686d59cc74e0bd046e2a8d93",
  "email": "john.doe@example.com",
  "role": "client",
  "lastLogin": "2025-09-09T14:22:27.332Z"
}
{
  "timestamp": "2025-09-09T14:23:00.376Z",
  "level": "INFO",
  "message": "User login attempt",
  "email": "john.doe@example.com",
  "ip": "::1",
  "userAgent": "Mozilla/5.0 (Windows NT 10.0; Win64; x64) AppleWebKit/537.36 (KHTML, like Gecko) Chrome/140.0.0.0 Safari/537.36 Edg/140.0.0.0"
}
{
  "timestamp": "2025-09-09T14:23:00.633Z",
  "level": "INFO",
  "message": "User login successful",
  "userId": "686d59cc74e0bd046e2a8d93",
  "email": "john.doe@example.com",
  "role": "client",
  "lastLogin": "2025-09-09T14:23:00.622Z"
}
{
  "timestamp": "2025-09-09T14:23:00.668Z",
  "level": "DEBUG",
  "message": "Getting properties list",
  "query": {
    "page": "1",
    "limit": "12",
    "sortBy": "price"
  },
  "ip": "::1"
}
{
  "timestamp": "2025-09-09T14:23:00.670Z",
  "level": "DEBUG",
  "message": "Query built",
  "query": {
    "status": "available",
    "isDeleted": false
  },
  "pagination": {
    "page": 1,
    "limit": 12,
    "skip": 0
  },
  "sort": {
    "price": -1
  }
}
{
  "timestamp": "2025-09-09T14:23:00.680Z",
  "level": "INFO",
  "message": "Properties retrieved successfully",
  "total": 51,
  "page": 1,
  "limit": 12,
  "filtersApplied": true
}
{
  "timestamp": "2025-09-09T14:23:00.687Z",
  "level": "DEBUG",
  "message": "Getting properties list",
  "query": {
    "page": "1",
    "limit": "12",
    "sortBy": "price"
  },
  "ip": "::1"
}
{
  "timestamp": "2025-09-09T14:23:00.688Z",
  "level": "DEBUG",
  "message": "Query built",
  "query": {
    "status": "available",
    "isDeleted": false
  },
  "pagination": {
    "page": 1,
    "limit": 12,
    "skip": 0
  },
  "sort": {
    "price": -1
  }
}
{
  "timestamp": "2025-09-09T14:23:00.695Z",
  "level": "INFO",
  "message": "Properties retrieved successfully",
  "total": 51,
  "page": 1,
  "limit": 12,
  "filtersApplied": true
}
{
  "timestamp": "2025-09-09T14:23:00.709Z",
  "level": "WARN",
  "message": "Public profile requested for non-existent user",
  "userId": "507f1f77bcf86cd799439011"
}
{
  "timestamp": "2025-09-09T14:23:00.714Z",
  "level": "WARN",
  "message": "Public profile requested for non-existent user",
  "userId": "507f1f77bcf86cd799439011"
}
{
  "timestamp": "2025-09-09T14:23:00.718Z",
  "level": "WARN",
  "message": "Public profile requested for non-existent user",
  "userId": "507f1f77bcf86cd799439011"
}
{
  "timestamp": "2025-09-09T14:23:00.722Z",
  "level": "WARN",
  "message": "Public profile requested for non-existent user",
  "userId": "507f1f77bcf86cd799439011"
}
{
  "timestamp": "2025-09-09T14:23:00.726Z",
  "level": "WARN",
  "message": "Public profile requested for non-existent user",
  "userId": "507f1f77bcf86cd799439011"
}
{
  "timestamp": "2025-09-09T14:23:00.730Z",
  "level": "WARN",
  "message": "Public profile requested for non-existent user",
  "userId": "507f1f77bcf86cd799439011"
}
{
  "timestamp": "2025-09-09T14:23:00.735Z",
  "level": "WARN",
  "message": "Public profile requested for non-existent user",
  "userId": "507f1f77bcf86cd799439011"
}
{
  "timestamp": "2025-09-09T14:23:00.740Z",
  "level": "WARN",
  "message": "Public profile requested for non-existent user",
  "userId": "507f1f77bcf86cd799439011"
}
{
  "timestamp": "2025-09-09T14:23:00.744Z",
  "level": "WARN",
  "message": "Public profile requested for non-existent user",
  "userId": "507f1f77bcf86cd799439011"
}
{
  "timestamp": "2025-09-09T14:23:00.749Z",
  "level": "WARN",
  "message": "Public profile requested for non-existent user",
  "userId": "507f1f77bcf86cd799439011"
}
{
  "timestamp": "2025-09-09T14:23:00.753Z",
  "level": "WARN",
  "message": "Public profile requested for non-existent user",
  "userId": "507f1f77bcf86cd799439011"
}
{
  "timestamp": "2025-09-09T14:23:00.759Z",
  "level": "WARN",
  "message": "Public profile requested for non-existent user",
  "userId": "507f1f77bcf86cd799439011"
}
{
  "timestamp": "2025-09-09T14:23:27.697Z",
  "level": "INFO",
  "message": "User login attempt",
  "email": "agent@test.com",
  "ip": "::1",
  "userAgent": "PostmanRuntime/7.45.0"
}
{
  "timestamp": "2025-09-09T14:23:27.973Z",
  "level": "WARN",
  "message": "Login attempt with invalid password",
  "userId": "686d7dc38de09a4f48df03af",
  "email": "agent@test.com"
}
{
  "timestamp": "2025-09-09T14:23:35.701Z",
  "level": "INFO",
  "message": "User login attempt",
  "email": "agent@test.com",
  "ip": "::1",
  "userAgent": "PostmanRuntime/7.45.0"
}
{
  "timestamp": "2025-09-09T14:23:36.014Z",
  "level": "INFO",
  "message": "User login successful",
  "userId": "686d7dc38de09a4f48df03af",
  "email": "agent@test.com",
  "role": "agent",
  "lastLogin": "2025-09-09T14:23:36.007Z"
}
{
  "timestamp": "2025-09-09T14:24:06.403Z",
  "level": "INFO",
  "message": "User login attempt",
  "email": "agent@test.com",
  "ip": "::1",
  "userAgent": "Mozilla/5.0 (Windows NT 10.0; Win64; x64) AppleWebKit/537.36 (KHTML, like Gecko) Chrome/140.0.0.0 Safari/537.36 Edg/140.0.0.0"
}
{
  "timestamp": "2025-09-09T14:24:06.656Z",
  "level": "INFO",
  "message": "User login successful",
  "userId": "686d7dc38de09a4f48df03af",
  "email": "agent@test.com",
  "role": "agent",
  "lastLogin": "2025-09-09T14:24:06.648Z"
}
{
  "timestamp": "2025-09-09T14:24:06.761Z",
  "level": "DEBUG",
  "message": "Getting agent's properties",
  "agentId": "686d7dc38de09a4f48df03af",
  "query": {}
}
{
  "timestamp": "2025-09-09T14:24:06.762Z",
  "level": "DEBUG",
  "message": "Agent properties query built",
  "query": {
    "agent": "686d7dc38de09a4f48df03af",
    "isDeleted": false
  },
  "pagination": {
    "page": 1,
    "limit": 12,
    "skip": 0
  },
  "sort": {
    "createdAt": -1
  }
}
{
  "timestamp": "2025-09-09T14:24:06.769Z",
  "level": "INFO",
  "message": "Agent properties retrieved successfully",
  "agentId": "686d7dc38de09a4f48df03af",
  "total": 0,
  "page": 1,
  "limit": 12,
  "filtersApplied": false
}
{
  "timestamp": "2025-09-09T14:24:14.867Z",
  "level": "DEBUG",
  "message": "Getting agent's properties",
  "agentId": "686d7dc38de09a4f48df03af",
  "query": {}
}
{
  "timestamp": "2025-09-09T14:24:14.868Z",
  "level": "DEBUG",
  "message": "Agent properties query built",
  "query": {
    "agent": "686d7dc38de09a4f48df03af",
    "isDeleted": false
  },
  "pagination": {
    "page": 1,
    "limit": 12,
    "skip": 0
  },
  "sort": {
    "createdAt": -1
  }
}
{
  "timestamp": "2025-09-09T14:24:14.870Z",
  "level": "INFO",
  "message": "Agent properties retrieved successfully",
  "agentId": "686d7dc38de09a4f48df03af",
  "total": 0,
  "page": 1,
  "limit": 12,
  "filtersApplied": false
}
{
  "timestamp": "2025-09-09T14:24:18.076Z",
  "level": "DEBUG",
  "message": "Getting properties list",
  "query": {
    "page": "1",
    "limit": "12",
    "sortBy": "price"
  },
  "ip": "::1"
}
{
  "timestamp": "2025-09-09T14:24:18.078Z",
  "level": "DEBUG",
  "message": "Query built",
  "query": {
    "status": "available",
    "isDeleted": false
  },
  "pagination": {
    "page": 1,
    "limit": 12,
    "skip": 0
  },
  "sort": {
    "price": -1
  }
}
{
  "timestamp": "2025-09-09T14:24:18.084Z",
  "level": "INFO",
  "message": "Properties retrieved successfully",
  "total": 51,
  "page": 1,
  "limit": 12,
  "filtersApplied": true
}
{
  "timestamp": "2025-09-09T14:24:18.088Z",
  "level": "DEBUG",
  "message": "Getting properties list",
  "query": {
    "page": "1",
    "limit": "12",
    "sortBy": "price"
  },
  "ip": "::1"
}
{
  "timestamp": "2025-09-09T14:24:18.088Z",
  "level": "DEBUG",
  "message": "Query built",
  "query": {
    "status": "available",
    "isDeleted": false
  },
  "pagination": {
    "page": 1,
    "limit": 12,
    "skip": 0
  },
  "sort": {
    "price": -1
  }
}
{
  "timestamp": "2025-09-09T14:24:18.094Z",
  "level": "INFO",
  "message": "Properties retrieved successfully",
  "total": 51,
  "page": 1,
  "limit": 12,
  "filtersApplied": true
}
{
  "timestamp": "2025-09-09T14:24:18.107Z",
  "level": "WARN",
  "message": "Public profile requested for non-existent user",
  "userId": "507f1f77bcf86cd799439011"
}
{
  "timestamp": "2025-09-09T14:24:18.115Z",
  "level": "WARN",
  "message": "Public profile requested for non-existent user",
  "userId": "507f1f77bcf86cd799439011"
}
{
  "timestamp": "2025-09-09T14:24:18.121Z",
  "level": "WARN",
  "message": "Public profile requested for non-existent user",
  "userId": "507f1f77bcf86cd799439011"
}
{
  "timestamp": "2025-09-09T14:24:18.127Z",
  "level": "WARN",
  "message": "Public profile requested for non-existent user",
  "userId": "507f1f77bcf86cd799439011"
}
{
  "timestamp": "2025-09-09T14:24:18.131Z",
  "level": "WARN",
  "message": "Public profile requested for non-existent user",
  "userId": "507f1f77bcf86cd799439011"
}
{
  "timestamp": "2025-09-09T14:24:18.136Z",
  "level": "WARN",
  "message": "Public profile requested for non-existent user",
  "userId": "507f1f77bcf86cd799439011"
}
{
  "timestamp": "2025-09-09T14:24:18.141Z",
  "level": "WARN",
  "message": "Public profile requested for non-existent user",
  "userId": "507f1f77bcf86cd799439011"
}
{
  "timestamp": "2025-09-09T14:24:18.146Z",
  "level": "WARN",
  "message": "Public profile requested for non-existent user",
  "userId": "507f1f77bcf86cd799439011"
}
{
  "timestamp": "2025-09-09T14:24:18.151Z",
  "level": "WARN",
  "message": "Public profile requested for non-existent user",
  "userId": "507f1f77bcf86cd799439011"
}
{
  "timestamp": "2025-09-09T14:24:18.156Z",
  "level": "WARN",
  "message": "Public profile requested for non-existent user",
  "userId": "507f1f77bcf86cd799439011"
}
{
  "timestamp": "2025-09-09T14:24:18.161Z",
  "level": "WARN",
  "message": "Public profile requested for non-existent user",
  "userId": "507f1f77bcf86cd799439011"
}
{
  "timestamp": "2025-09-09T14:24:18.166Z",
  "level": "WARN",
  "message": "Public profile requested for non-existent user",
  "userId": "507f1f77bcf86cd799439011"
}
{
  "timestamp": "2025-09-09T14:24:25.237Z",
  "level": "DEBUG",
  "message": "Getting properties list",
  "query": {
    "page": "1",
    "limit": "12",
    "sortBy": "price"
  },
  "ip": "::1"
}
{
  "timestamp": "2025-09-09T14:24:25.238Z",
  "level": "DEBUG",
  "message": "Query built",
  "query": {
    "status": "available",
    "isDeleted": false
  },
  "pagination": {
    "page": 1,
    "limit": 12,
    "skip": 0
  },
  "sort": {
    "price": -1
  }
}
{
  "timestamp": "2025-09-09T14:24:25.243Z",
  "level": "INFO",
  "message": "Properties retrieved successfully",
  "total": 51,
  "page": 1,
  "limit": 12,
  "filtersApplied": true
}
{
  "timestamp": "2025-09-09T14:24:25.248Z",
  "level": "DEBUG",
  "message": "Getting properties list",
  "query": {
    "page": "1",
    "limit": "12",
    "sortBy": "price"
  },
  "ip": "::1"
}
{
  "timestamp": "2025-09-09T14:24:25.249Z",
  "level": "DEBUG",
  "message": "Query built",
  "query": {
    "status": "available",
    "isDeleted": false
  },
  "pagination": {
    "page": 1,
    "limit": 12,
    "skip": 0
  },
  "sort": {
    "price": -1
  }
}
{
  "timestamp": "2025-09-09T14:24:25.254Z",
  "level": "INFO",
  "message": "Properties retrieved successfully",
  "total": 51,
  "page": 1,
  "limit": 12,
  "filtersApplied": true
}
{
  "timestamp": "2025-09-09T14:24:25.267Z",
  "level": "WARN",
  "message": "Public profile requested for non-existent user",
  "userId": "507f1f77bcf86cd799439011"
}
{
  "timestamp": "2025-09-09T14:24:25.275Z",
  "level": "WARN",
  "message": "Public profile requested for non-existent user",
  "userId": "507f1f77bcf86cd799439011"
}
{
  "timestamp": "2025-09-09T14:24:25.279Z",
  "level": "WARN",
  "message": "Public profile requested for non-existent user",
  "userId": "507f1f77bcf86cd799439011"
}
{
  "timestamp": "2025-09-09T14:24:25.284Z",
  "level": "WARN",
  "message": "Public profile requested for non-existent user",
  "userId": "507f1f77bcf86cd799439011"
}
{
  "timestamp": "2025-09-09T14:24:25.289Z",
  "level": "WARN",
  "message": "Public profile requested for non-existent user",
  "userId": "507f1f77bcf86cd799439011"
}
{
  "timestamp": "2025-09-09T14:24:25.293Z",
  "level": "WARN",
  "message": "Public profile requested for non-existent user",
  "userId": "507f1f77bcf86cd799439011"
}
{
  "timestamp": "2025-09-09T14:24:25.298Z",
  "level": "WARN",
  "message": "Public profile requested for non-existent user",
  "userId": "507f1f77bcf86cd799439011"
}
{
  "timestamp": "2025-09-09T14:24:25.302Z",
  "level": "WARN",
  "message": "Public profile requested for non-existent user",
  "userId": "507f1f77bcf86cd799439011"
}
{
  "timestamp": "2025-09-09T14:24:25.307Z",
  "level": "WARN",
  "message": "Public profile requested for non-existent user",
  "userId": "507f1f77bcf86cd799439011"
}
{
  "timestamp": "2025-09-09T14:24:25.311Z",
  "level": "WARN",
  "message": "Public profile requested for non-existent user",
  "userId": "507f1f77bcf86cd799439011"
}
{
  "timestamp": "2025-09-09T14:24:25.315Z",
  "level": "WARN",
  "message": "Public profile requested for non-existent user",
  "userId": "507f1f77bcf86cd799439011"
}
{
  "timestamp": "2025-09-09T14:24:25.321Z",
  "level": "WARN",
  "message": "Public profile requested for non-existent user",
  "userId": "507f1f77bcf86cd799439011"
}
{
  "timestamp": "2025-09-09T17:05:26.647Z",
  "level": "INFO",
  "message": "Attempting to connect to MongoDB",
  "uri": "URI provided"
}
{
  "timestamp": "2025-09-09T17:05:26.672Z",
  "level": "INFO",
  "message": "Attempting to connect to MongoDB",
  "uri": "URI provided"
}
{
  "timestamp": "2025-09-09T17:05:26.673Z",
  "level": "INFO",
  "message": "MongoDB Connected Successfully"
}
{
  "timestamp": "2025-09-09T17:05:26.694Z",
  "level": "INFO",
  "message": "MongoDB Connected Successfully",
  "host": "localhost",
  "port": 27017,
  "database": "12p"
}
{
  "timestamp": "2025-09-09T17:05:26.710Z",
  "level": "INFO",
  "message": "Properties already exist in database",
  "count": 122
}
{
  "timestamp": "2025-09-09T17:05:26.713Z",
  "level": "INFO",
  "message": "Server started successfully",
  "port": "5001",
  "host": "localhost",
  "environment": "development",
  "healthCheck": "http://localhost:5001/api/health",
  "propertiesEndpoint": "http://localhost:5001/api/properties"
}
