{
  "timestamp": "2025-08-26T13:37:17.914Z",
  "level": "INFO",
  "message": "Attempting to connect to MongoDB",
  "uri": "URI provided"
}
{
  "timestamp": "2025-08-26T13:37:17.952Z",
  "level": "INFO",
  "message": "Attempting to connect to MongoDB",
  "uri": "URI provided"
}
{
  "timestamp": "2025-08-26T13:37:17.954Z",
  "level": "INFO",
  "message": "MongoDB Connected Successfully"
}
{
  "timestamp": "2025-08-26T13:37:17.996Z",
  "level": "INFO",
  "message": "MongoDB Connected Successfully",
  "host": "localhost",
  "port": 27017,
  "database": "12p"
}
{
  "timestamp": "2025-08-26T13:37:18.068Z",
  "level": "INFO",
  "message": "Properties already exist in database",
  "count": 68
}
{
  "timestamp": "2025-08-26T13:37:18.073Z",
  "level": "INFO",
  "message": "Server started successfully",
  "port": "5001",
  "host": "localhost",
  "environment": "development",
  "healthCheck": "http://localhost:5001/api/health",
  "propertiesEndpoint": "http://localhost:5001/api/properties"
}
{
  "timestamp": "2025-08-26T13:37:40.464Z",
  "level": "DEBUG",
  "message": "Getting properties list",
  "query": {
    "page": "1",
    "limit": "12",
    "sortBy": "price"
  },
  "ip": "::1"
}
{
  "timestamp": "2025-08-26T13:37:40.465Z",
  "level": "DEBUG",
  "message": "Query built",
  "query": {
    "status": "available"
  },
  "pagination": {
    "page": 1,
    "limit": 12,
    "skip": 0
  },
  "sort": {
    "price": -1
  }
}
{
  "timestamp": "2025-08-26T13:37:40.479Z",
  "level": "INFO",
  "message": "Properties retrieved successfully",
  "total": 68,
  "page": 1,
  "limit": 12,
  "filtersApplied": true
}
{
  "timestamp": "2025-08-26T13:37:40.488Z",
  "level": "DEBUG",
  "message": "Getting properties list",
  "query": {
    "page": "1",
    "limit": "12",
    "sortBy": "price"
  },
  "ip": "::1"
}
{
  "timestamp": "2025-08-26T13:37:40.489Z",
  "level": "DEBUG",
  "message": "Query built",
  "query": {
    "status": "available"
  },
  "pagination": {
    "page": 1,
    "limit": 12,
    "skip": 0
  },
  "sort": {
    "price": -1
  }
}
{
  "timestamp": "2025-08-26T13:37:40.495Z",
  "level": "INFO",
  "message": "Properties retrieved successfully",
  "total": 68,
  "page": 1,
  "limit": 12,
  "filtersApplied": true
}
{
  "timestamp": "2025-08-26T13:37:40.519Z",
  "level": "WARN",
  "message": "Public profile requested for non-existent user",
  "userId": "507f1f77bcf86cd799439011"
}
{
  "timestamp": "2025-08-26T13:37:40.525Z",
  "level": "WARN",
  "message": "Public profile requested for non-existent user",
  "userId": "507f1f77bcf86cd799439011"
}
{
  "timestamp": "2025-08-26T13:37:40.530Z",
  "level": "WARN",
  "message": "Public profile requested for non-existent user",
  "userId": "507f1f77bcf86cd799439011"
}
{
  "timestamp": "2025-08-26T13:37:40.536Z",
  "level": "WARN",
  "message": "Public profile requested for non-existent user",
  "userId": "507f1f77bcf86cd799439011"
}
{
  "timestamp": "2025-08-26T13:37:40.540Z",
  "level": "WARN",
  "message": "Public profile requested for non-existent user",
  "userId": "507f1f77bcf86cd799439011"
}
{
  "timestamp": "2025-08-26T13:37:40.545Z",
  "level": "WARN",
  "message": "Public profile requested for non-existent user",
  "userId": "507f1f77bcf86cd799439011"
}
{
  "timestamp": "2025-08-26T13:37:40.551Z",
  "level": "WARN",
  "message": "Public profile requested for non-existent user",
  "userId": "507f1f77bcf86cd799439011"
}
{
  "timestamp": "2025-08-26T13:37:40.557Z",
  "level": "WARN",
  "message": "Public profile requested for non-existent user",
  "userId": "507f1f77bcf86cd799439011"
}
{
  "timestamp": "2025-08-26T13:37:40.562Z",
  "level": "WARN",
  "message": "Public profile requested for non-existent user",
  "userId": "507f1f77bcf86cd799439011"
}
{
  "timestamp": "2025-08-26T13:37:40.567Z",
  "level": "WARN",
  "message": "Public profile requested for non-existent user",
  "userId": "507f1f77bcf86cd799439011"
}
{
  "timestamp": "2025-08-26T13:37:40.571Z",
  "level": "WARN",
  "message": "Public profile requested for non-existent user",
  "userId": "507f1f77bcf86cd799439011"
}
{
  "timestamp": "2025-08-26T13:37:40.577Z",
  "level": "WARN",
  "message": "Public profile requested for non-existent user",
  "userId": "507f1f77bcf86cd799439011"
}
{
  "timestamp": "2025-08-26T17:53:10.566Z",
  "level": "DEBUG",
  "message": "Getting properties list",
  "query": {
    "page": "1",
    "limit": "12",
    "sortBy": "price"
  },
  "ip": "::1"
}
{
  "timestamp": "2025-08-26T17:53:10.569Z",
  "level": "DEBUG",
  "message": "Query built",
  "query": {
    "status": "available"
  },
  "pagination": {
    "page": 1,
    "limit": 12,
    "skip": 0
  },
  "sort": {
    "price": -1
  }
}
{
  "timestamp": "2025-08-26T17:53:10.596Z",
  "level": "INFO",
  "message": "Properties retrieved successfully",
  "total": 68,
  "page": 1,
  "limit": 12,
  "filtersApplied": true
}
{
  "timestamp": "2025-08-26T17:53:10.603Z",
  "level": "DEBUG",
  "message": "Getting properties list",
  "query": {
    "page": "1",
    "limit": "12",
    "sortBy": "price"
  },
  "ip": "::1"
}
{
  "timestamp": "2025-08-26T17:53:10.604Z",
  "level": "DEBUG",
  "message": "Query built",
  "query": {
    "status": "available"
  },
  "pagination": {
    "page": 1,
    "limit": 12,
    "skip": 0
  },
  "sort": {
    "price": -1
  }
}
{
  "timestamp": "2025-08-26T17:53:10.611Z",
  "level": "INFO",
  "message": "Properties retrieved successfully",
  "total": 68,
  "page": 1,
  "limit": 12,
  "filtersApplied": true
}
{
  "timestamp": "2025-08-26T17:53:10.623Z",
  "level": "WARN",
  "message": "Public profile requested for non-existent user",
  "userId": "507f1f77bcf86cd799439011"
}
{
  "timestamp": "2025-08-26T17:53:10.629Z",
  "level": "WARN",
  "message": "Public profile requested for non-existent user",
  "userId": "507f1f77bcf86cd799439011"
}
{
  "timestamp": "2025-08-26T17:53:10.636Z",
  "level": "WARN",
  "message": "Public profile requested for non-existent user",
  "userId": "507f1f77bcf86cd799439011"
}
{
  "timestamp": "2025-08-26T17:53:10.644Z",
  "level": "WARN",
  "message": "Public profile requested for non-existent user",
  "userId": "507f1f77bcf86cd799439011"
}
{
  "timestamp": "2025-08-26T17:53:10.651Z",
  "level": "WARN",
  "message": "Public profile requested for non-existent user",
  "userId": "507f1f77bcf86cd799439011"
}
{
  "timestamp": "2025-08-26T17:53:10.657Z",
  "level": "WARN",
  "message": "Public profile requested for non-existent user",
  "userId": "507f1f77bcf86cd799439011"
}
{
  "timestamp": "2025-08-26T17:53:10.668Z",
  "level": "WARN",
  "message": "Public profile requested for non-existent user",
  "userId": "507f1f77bcf86cd799439011"
}
{
  "timestamp": "2025-08-26T17:53:10.675Z",
  "level": "WARN",
  "message": "Public profile requested for non-existent user",
  "userId": "507f1f77bcf86cd799439011"
}
{
  "timestamp": "2025-08-26T17:53:10.682Z",
  "level": "WARN",
  "message": "Public profile requested for non-existent user",
  "userId": "507f1f77bcf86cd799439011"
}
{
  "timestamp": "2025-08-26T17:53:10.689Z",
  "level": "WARN",
  "message": "Public profile requested for non-existent user",
  "userId": "507f1f77bcf86cd799439011"
}
{
  "timestamp": "2025-08-26T17:53:10.695Z",
  "level": "WARN",
  "message": "Public profile requested for non-existent user",
  "userId": "507f1f77bcf86cd799439011"
}
{
  "timestamp": "2025-08-26T17:53:10.702Z",
  "level": "WARN",
  "message": "Public profile requested for non-existent user",
  "userId": "507f1f77bcf86cd799439011"
}
