{
  "timestamp": "2025-08-21T12:53:54.212Z",
  "level": "INFO",
  "message": "Attempting to connect to MongoDB",
  "uri": "URI provided"
}
{
  "timestamp": "2025-08-21T12:53:54.232Z",
  "level": "INFO",
  "message": "Attempting to connect to MongoDB",
  "uri": "URI provided"
}
{
  "timestamp": "2025-08-21T12:53:54.234Z",
  "level": "INFO",
  "message": "MongoDB Connected Successfully"
}
{
  "timestamp": "2025-08-21T12:53:54.249Z",
  "level": "INFO",
  "message": "MongoDB Connected Successfully",
  "host": "localhost",
  "port": 27017,
  "database": "12p"
}
{
  "timestamp": "2025-08-21T12:53:54.272Z",
  "level": "INFO",
  "message": "Properties already exist in database",
  "count": 68
}
{
  "timestamp": "2025-08-21T12:53:54.275Z",
  "level": "INFO",
  "message": "Server started successfully",
  "port": "5001",
  "host": "localhost",
  "environment": "development",
  "healthCheck": "http://localhost:5001/api/health",
  "propertiesEndpoint": "http://localhost:5001/api/properties"
}
{
  "timestamp": "2025-08-21T12:57:06.852Z",
  "level": "DEBUG",
  "message": "Getting properties list",
  "query": {
    "page": "1",
    "limit": "12",
    "sortBy": "price"
  },
  "ip": "::1"
}
{
  "timestamp": "2025-08-21T12:57:06.856Z",
  "level": "DEBUG",
  "message": "Query built",
  "query": {
    "status": "available"
  },
  "pagination": {
    "page": 1,
    "limit": 12,
    "skip": 0
  },
  "sort": {
    "price": -1
  }
}
{
  "timestamp": "2025-08-21T12:57:06.870Z",
  "level": "INFO",
  "message": "Properties retrieved successfully",
  "total": 68,
  "page": 1,
  "limit": 12,
  "filtersApplied": true
}
{
  "timestamp": "2025-08-21T12:57:06.881Z",
  "level": "DEBUG",
  "message": "Getting properties list",
  "query": {
    "page": "1",
    "limit": "12",
    "sortBy": "price"
  },
  "ip": "::1"
}
{
  "timestamp": "2025-08-21T12:57:06.882Z",
  "level": "DEBUG",
  "message": "Query built",
  "query": {
    "status": "available"
  },
  "pagination": {
    "page": 1,
    "limit": 12,
    "skip": 0
  },
  "sort": {
    "price": -1
  }
}
{
  "timestamp": "2025-08-21T12:57:06.890Z",
  "level": "INFO",
  "message": "Properties retrieved successfully",
  "total": 68,
  "page": 1,
  "limit": 12,
  "filtersApplied": true
}
{
  "timestamp": "2025-08-21T12:57:06.915Z",
  "level": "WARN",
  "message": "Public profile requested for non-existent user",
  "userId": "507f1f77bcf86cd799439011"
}
{
  "timestamp": "2025-08-21T12:57:06.920Z",
  "level": "WARN",
  "message": "Public profile requested for non-existent user",
  "userId": "507f1f77bcf86cd799439011"
}
{
  "timestamp": "2025-08-21T12:57:06.925Z",
  "level": "WARN",
  "message": "Public profile requested for non-existent user",
  "userId": "507f1f77bcf86cd799439011"
}
{
  "timestamp": "2025-08-21T12:57:06.930Z",
  "level": "WARN",
  "message": "Public profile requested for non-existent user",
  "userId": "507f1f77bcf86cd799439011"
}
{
  "timestamp": "2025-08-21T12:57:06.936Z",
  "level": "WARN",
  "message": "Public profile requested for non-existent user",
  "userId": "507f1f77bcf86cd799439011"
}
{
  "timestamp": "2025-08-21T12:57:06.945Z",
  "level": "WARN",
  "message": "Public profile requested for non-existent user",
  "userId": "507f1f77bcf86cd799439011"
}
{
  "timestamp": "2025-08-21T12:57:06.956Z",
  "level": "WARN",
  "message": "Public profile requested for non-existent user",
  "userId": "507f1f77bcf86cd799439011"
}
{
  "timestamp": "2025-08-21T12:57:06.964Z",
  "level": "WARN",
  "message": "Public profile requested for non-existent user",
  "userId": "507f1f77bcf86cd799439011"
}
{
  "timestamp": "2025-08-21T12:57:06.979Z",
  "level": "WARN",
  "message": "Public profile requested for non-existent user",
  "userId": "507f1f77bcf86cd799439011"
}
{
  "timestamp": "2025-08-21T12:57:06.988Z",
  "level": "WARN",
  "message": "Public profile requested for non-existent user",
  "userId": "507f1f77bcf86cd799439011"
}
{
  "timestamp": "2025-08-21T12:57:06.993Z",
  "level": "WARN",
  "message": "Public profile requested for non-existent user",
  "userId": "507f1f77bcf86cd799439011"
}
{
  "timestamp": "2025-08-21T12:57:06.998Z",
  "level": "WARN",
  "message": "Public profile requested for non-existent user",
  "userId": "507f1f77bcf86cd799439011"
}
{
  "timestamp": "2025-08-21T13:00:46.092Z",
  "level": "WARN",
  "message": "Public profile requested for non-existent user",
  "userId": "507f1f77bcf86cd799439011"
}
{
  "timestamp": "2025-08-21T13:00:46.097Z",
  "level": "WARN",
  "message": "Public profile requested for non-existent user",
  "userId": "507f1f77bcf86cd799439011"
}
{
  "timestamp": "2025-08-21T13:00:46.101Z",
  "level": "WARN",
  "message": "Public profile requested for non-existent user",
  "userId": "507f1f77bcf86cd799439011"
}
{
  "timestamp": "2025-08-21T13:00:46.105Z",
  "level": "WARN",
  "message": "Public profile requested for non-existent user",
  "userId": "507f1f77bcf86cd799439011"
}
{
  "timestamp": "2025-08-21T13:00:46.109Z",
  "level": "WARN",
  "message": "Public profile requested for non-existent user",
  "userId": "507f1f77bcf86cd799439011"
}
{
  "timestamp": "2025-08-21T13:00:46.114Z",
  "level": "WARN",
  "message": "Public profile requested for non-existent user",
  "userId": "507f1f77bcf86cd799439011"
}
{
  "timestamp": "2025-08-21T13:00:46.119Z",
  "level": "WARN",
  "message": "Public profile requested for non-existent user",
  "userId": "507f1f77bcf86cd799439011"
}
{
  "timestamp": "2025-08-21T13:00:46.124Z",
  "level": "WARN",
  "message": "Public profile requested for non-existent user",
  "userId": "507f1f77bcf86cd799439011"
}
{
  "timestamp": "2025-08-21T13:00:46.128Z",
  "level": "WARN",
  "message": "Public profile requested for non-existent user",
  "userId": "507f1f77bcf86cd799439011"
}
{
  "timestamp": "2025-08-21T13:00:46.133Z",
  "level": "WARN",
  "message": "Public profile requested for non-existent user",
  "userId": "507f1f77bcf86cd799439011"
}
{
  "timestamp": "2025-08-21T13:00:46.138Z",
  "level": "WARN",
  "message": "Public profile requested for non-existent user",
  "userId": "507f1f77bcf86cd799439011"
}
{
  "timestamp": "2025-08-21T13:00:46.144Z",
  "level": "WARN",
  "message": "Public profile requested for non-existent user",
  "userId": "507f1f77bcf86cd799439011"
}
{
  "timestamp": "2025-08-21T14:09:32.854Z",
  "level": "DEBUG",
  "message": "Getting properties list",
  "query": {
    "page": "1",
    "limit": "12",
    "sortBy": "price"
  },
  "ip": "::1"
}
{
  "timestamp": "2025-08-21T14:09:32.856Z",
  "level": "DEBUG",
  "message": "Query built",
  "query": {
    "status": "available"
  },
  "pagination": {
    "page": 1,
    "limit": 12,
    "skip": 0
  },
  "sort": {
    "price": -1
  }
}
{
  "timestamp": "2025-08-21T14:09:32.863Z",
  "level": "INFO",
  "message": "Properties retrieved successfully",
  "total": 68,
  "page": 1,
  "limit": 12,
  "filtersApplied": true
}
{
  "timestamp": "2025-08-21T14:09:32.869Z",
  "level": "DEBUG",
  "message": "Getting properties list",
  "query": {
    "page": "1",
    "limit": "12",
    "sortBy": "price"
  },
  "ip": "::1"
}
{
  "timestamp": "2025-08-21T14:09:32.870Z",
  "level": "DEBUG",
  "message": "Query built",
  "query": {
    "status": "available"
  },
  "pagination": {
    "page": 1,
    "limit": 12,
    "skip": 0
  },
  "sort": {
    "price": -1
  }
}
{
  "timestamp": "2025-08-21T14:09:32.877Z",
  "level": "INFO",
  "message": "Properties retrieved successfully",
  "total": 68,
  "page": 1,
  "limit": 12,
  "filtersApplied": true
}
{
  "timestamp": "2025-08-21T14:09:32.925Z",
  "level": "WARN",
  "message": "Public profile requested for non-existent user",
  "userId": "507f1f77bcf86cd799439011"
}
{
  "timestamp": "2025-08-21T14:09:32.930Z",
  "level": "WARN",
  "message": "Public profile requested for non-existent user",
  "userId": "507f1f77bcf86cd799439011"
}
{
  "timestamp": "2025-08-21T14:09:32.936Z",
  "level": "WARN",
  "message": "Public profile requested for non-existent user",
  "userId": "507f1f77bcf86cd799439011"
}
{
  "timestamp": "2025-08-21T14:09:32.942Z",
  "level": "WARN",
  "message": "Public profile requested for non-existent user",
  "userId": "507f1f77bcf86cd799439011"
}
{
  "timestamp": "2025-08-21T14:09:32.947Z",
  "level": "WARN",
  "message": "Public profile requested for non-existent user",
  "userId": "507f1f77bcf86cd799439011"
}
{
  "timestamp": "2025-08-21T14:09:32.952Z",
  "level": "WARN",
  "message": "Public profile requested for non-existent user",
  "userId": "507f1f77bcf86cd799439011"
}
{
  "timestamp": "2025-08-21T14:09:32.957Z",
  "level": "WARN",
  "message": "Public profile requested for non-existent user",
  "userId": "507f1f77bcf86cd799439011"
}
{
  "timestamp": "2025-08-21T14:09:32.962Z",
  "level": "WARN",
  "message": "Public profile requested for non-existent user",
  "userId": "507f1f77bcf86cd799439011"
}
{
  "timestamp": "2025-08-21T14:09:32.968Z",
  "level": "WARN",
  "message": "Public profile requested for non-existent user",
  "userId": "507f1f77bcf86cd799439011"
}
{
  "timestamp": "2025-08-21T14:09:32.973Z",
  "level": "WARN",
  "message": "Public profile requested for non-existent user",
  "userId": "507f1f77bcf86cd799439011"
}
{
  "timestamp": "2025-08-21T14:09:32.977Z",
  "level": "WARN",
  "message": "Public profile requested for non-existent user",
  "userId": "507f1f77bcf86cd799439011"
}
{
  "timestamp": "2025-08-21T14:09:32.981Z",
  "level": "WARN",
  "message": "Public profile requested for non-existent user",
  "userId": "507f1f77bcf86cd799439011"
}
{
  "timestamp": "2025-08-21T14:10:03.622Z",
  "level": "DEBUG",
  "message": "Getting properties list",
  "query": {
    "page": "1",
    "limit": "12",
    "sortBy": "price"
  },
  "ip": "::1"
}
{
  "timestamp": "2025-08-21T14:10:03.622Z",
  "level": "DEBUG",
  "message": "Query built",
  "query": {
    "status": "available"
  },
  "pagination": {
    "page": 1,
    "limit": 12,
    "skip": 0
  },
  "sort": {
    "price": -1
  }
}
{
  "timestamp": "2025-08-21T14:10:03.628Z",
  "level": "INFO",
  "message": "Properties retrieved successfully",
  "total": 68,
  "page": 1,
  "limit": 12,
  "filtersApplied": true
}
{
  "timestamp": "2025-08-21T14:10:03.634Z",
  "level": "DEBUG",
  "message": "Getting properties list",
  "query": {
    "page": "1",
    "limit": "12",
    "sortBy": "price"
  },
  "ip": "::1"
}
{
  "timestamp": "2025-08-21T14:10:03.637Z",
  "level": "DEBUG",
  "message": "Query built",
  "query": {
    "status": "available"
  },
  "pagination": {
    "page": 1,
    "limit": 12,
    "skip": 0
  },
  "sort": {
    "price": -1
  }
}
{
  "timestamp": "2025-08-21T14:10:03.642Z",
  "level": "INFO",
  "message": "Properties retrieved successfully",
  "total": 68,
  "page": 1,
  "limit": 12,
  "filtersApplied": true
}
{
  "timestamp": "2025-08-21T14:10:03.688Z",
  "level": "WARN",
  "message": "Public profile requested for non-existent user",
  "userId": "507f1f77bcf86cd799439011"
}
{
  "timestamp": "2025-08-21T14:10:03.693Z",
  "level": "WARN",
  "message": "Public profile requested for non-existent user",
  "userId": "507f1f77bcf86cd799439011"
}
{
  "timestamp": "2025-08-21T14:10:03.699Z",
  "level": "WARN",
  "message": "Public profile requested for non-existent user",
  "userId": "507f1f77bcf86cd799439011"
}
{
  "timestamp": "2025-08-21T14:10:03.704Z",
  "level": "WARN",
  "message": "Public profile requested for non-existent user",
  "userId": "507f1f77bcf86cd799439011"
}
{
  "timestamp": "2025-08-21T14:10:03.710Z",
  "level": "WARN",
  "message": "Public profile requested for non-existent user",
  "userId": "507f1f77bcf86cd799439011"
}
{
  "timestamp": "2025-08-21T14:10:03.717Z",
  "level": "WARN",
  "message": "Public profile requested for non-existent user",
  "userId": "507f1f77bcf86cd799439011"
}
{
  "timestamp": "2025-08-21T14:10:03.722Z",
  "level": "WARN",
  "message": "Public profile requested for non-existent user",
  "userId": "507f1f77bcf86cd799439011"
}
{
  "timestamp": "2025-08-21T14:10:03.727Z",
  "level": "WARN",
  "message": "Public profile requested for non-existent user",
  "userId": "507f1f77bcf86cd799439011"
}
{
  "timestamp": "2025-08-21T14:10:03.733Z",
  "level": "WARN",
  "message": "Public profile requested for non-existent user",
  "userId": "507f1f77bcf86cd799439011"
}
{
  "timestamp": "2025-08-21T14:10:03.741Z",
  "level": "WARN",
  "message": "Public profile requested for non-existent user",
  "userId": "507f1f77bcf86cd799439011"
}
{
  "timestamp": "2025-08-21T14:10:03.746Z",
  "level": "WARN",
  "message": "Public profile requested for non-existent user",
  "userId": "507f1f77bcf86cd799439011"
}
{
  "timestamp": "2025-08-21T14:10:03.751Z",
  "level": "WARN",
  "message": "Public profile requested for non-existent user",
  "userId": "507f1f77bcf86cd799439011"
}
{
  "timestamp": "2025-08-21T14:42:06.679Z",
  "level": "DEBUG",
  "message": "Getting properties list",
  "query": {
    "page": "1",
    "limit": "12",
    "sortBy": "price"
  },
  "ip": "::1"
}
{
  "timestamp": "2025-08-21T14:42:06.680Z",
  "level": "DEBUG",
  "message": "Query built",
  "query": {
    "status": "available"
  },
  "pagination": {
    "page": 1,
    "limit": 12,
    "skip": 0
  },
  "sort": {
    "price": -1
  }
}
{
  "timestamp": "2025-08-21T14:42:06.685Z",
  "level": "INFO",
  "message": "Properties retrieved successfully",
  "total": 68,
  "page": 1,
  "limit": 12,
  "filtersApplied": true
}
{
  "timestamp": "2025-08-21T14:42:06.691Z",
  "level": "DEBUG",
  "message": "Getting properties list",
  "query": {
    "page": "1",
    "limit": "12",
    "sortBy": "price"
  },
  "ip": "::1"
}
{
  "timestamp": "2025-08-21T14:42:06.694Z",
  "level": "DEBUG",
  "message": "Query built",
  "query": {
    "status": "available"
  },
  "pagination": {
    "page": 1,
    "limit": 12,
    "skip": 0
  },
  "sort": {
    "price": -1
  }
}
{
  "timestamp": "2025-08-21T14:42:06.700Z",
  "level": "INFO",
  "message": "Properties retrieved successfully",
  "total": 68,
  "page": 1,
  "limit": 12,
  "filtersApplied": true
}
{
  "timestamp": "2025-08-21T14:42:06.762Z",
  "level": "WARN",
  "message": "Public profile requested for non-existent user",
  "userId": "507f1f77bcf86cd799439011"
}
{
  "timestamp": "2025-08-21T14:42:06.769Z",
  "level": "WARN",
  "message": "Public profile requested for non-existent user",
  "userId": "507f1f77bcf86cd799439011"
}
{
  "timestamp": "2025-08-21T14:42:06.775Z",
  "level": "WARN",
  "message": "Public profile requested for non-existent user",
  "userId": "507f1f77bcf86cd799439011"
}
{
  "timestamp": "2025-08-21T14:42:06.782Z",
  "level": "WARN",
  "message": "Public profile requested for non-existent user",
  "userId": "507f1f77bcf86cd799439011"
}
{
  "timestamp": "2025-08-21T14:42:06.789Z",
  "level": "WARN",
  "message": "Public profile requested for non-existent user",
  "userId": "507f1f77bcf86cd799439011"
}
{
  "timestamp": "2025-08-21T14:42:06.796Z",
  "level": "WARN",
  "message": "Public profile requested for non-existent user",
  "userId": "507f1f77bcf86cd799439011"
}
{
  "timestamp": "2025-08-21T14:42:06.804Z",
  "level": "WARN",
  "message": "Public profile requested for non-existent user",
  "userId": "507f1f77bcf86cd799439011"
}
{
  "timestamp": "2025-08-21T14:42:06.812Z",
  "level": "WARN",
  "message": "Public profile requested for non-existent user",
  "userId": "507f1f77bcf86cd799439011"
}
{
  "timestamp": "2025-08-21T14:42:06.820Z",
  "level": "WARN",
  "message": "Public profile requested for non-existent user",
  "userId": "507f1f77bcf86cd799439011"
}
{
  "timestamp": "2025-08-21T14:42:06.827Z",
  "level": "WARN",
  "message": "Public profile requested for non-existent user",
  "userId": "507f1f77bcf86cd799439011"
}
{
  "timestamp": "2025-08-21T14:42:06.834Z",
  "level": "WARN",
  "message": "Public profile requested for non-existent user",
  "userId": "507f1f77bcf86cd799439011"
}
{
  "timestamp": "2025-08-21T14:42:06.839Z",
  "level": "WARN",
  "message": "Public profile requested for non-existent user",
  "userId": "507f1f77bcf86cd799439011"
}
{
  "timestamp": "2025-08-21T14:53:59.940Z",
  "level": "WARN",
  "message": "Public profile requested for non-existent user",
  "userId": "507f1f77bcf86cd799439011"
}
{
  "timestamp": "2025-08-21T14:53:59.946Z",
  "level": "WARN",
  "message": "Public profile requested for non-existent user",
  "userId": "507f1f77bcf86cd799439011"
}
{
  "timestamp": "2025-08-21T14:53:59.951Z",
  "level": "WARN",
  "message": "Public profile requested for non-existent user",
  "userId": "507f1f77bcf86cd799439011"
}
{
  "timestamp": "2025-08-21T14:53:59.956Z",
  "level": "WARN",
  "message": "Public profile requested for non-existent user",
  "userId": "507f1f77bcf86cd799439011"
}
{
  "timestamp": "2025-08-21T14:53:59.960Z",
  "level": "WARN",
  "message": "Public profile requested for non-existent user",
  "userId": "507f1f77bcf86cd799439011"
}
{
  "timestamp": "2025-08-21T14:53:59.965Z",
  "level": "WARN",
  "message": "Public profile requested for non-existent user",
  "userId": "507f1f77bcf86cd799439011"
}
{
  "timestamp": "2025-08-21T14:53:59.972Z",
  "level": "WARN",
  "message": "Public profile requested for non-existent user",
  "userId": "507f1f77bcf86cd799439011"
}
{
  "timestamp": "2025-08-21T14:53:59.978Z",
  "level": "WARN",
  "message": "Public profile requested for non-existent user",
  "userId": "507f1f77bcf86cd799439011"
}
{
  "timestamp": "2025-08-21T14:53:59.985Z",
  "level": "WARN",
  "message": "Public profile requested for non-existent user",
  "userId": "507f1f77bcf86cd799439011"
}
{
  "timestamp": "2025-08-21T14:53:59.990Z",
  "level": "WARN",
  "message": "Public profile requested for non-existent user",
  "userId": "507f1f77bcf86cd799439011"
}
{
  "timestamp": "2025-08-21T14:53:59.996Z",
  "level": "WARN",
  "message": "Public profile requested for non-existent user",
  "userId": "507f1f77bcf86cd799439011"
}
{
  "timestamp": "2025-08-21T14:54:00.003Z",
  "level": "WARN",
  "message": "Public profile requested for non-existent user",
  "userId": "507f1f77bcf86cd799439011"
}
{
  "timestamp": "2025-08-21T15:19:39.648Z",
  "level": "DEBUG",
  "message": "Getting properties list",
  "query": {
    "page": "1",
    "limit": "12",
    "sortBy": "price"
  },
  "ip": "::1"
}
{
  "timestamp": "2025-08-21T15:19:39.649Z",
  "level": "DEBUG",
  "message": "Query built",
  "query": {
    "status": "available"
  },
  "pagination": {
    "page": 1,
    "limit": 12,
    "skip": 0
  },
  "sort": {
    "price": -1
  }
}
{
  "timestamp": "2025-08-21T15:19:39.655Z",
  "level": "INFO",
  "message": "Properties retrieved successfully",
  "total": 68,
  "page": 1,
  "limit": 12,
  "filtersApplied": true
}
{
  "timestamp": "2025-08-21T15:19:39.662Z",
  "level": "DEBUG",
  "message": "Getting properties list",
  "query": {
    "page": "1",
    "limit": "12",
    "sortBy": "price"
  },
  "ip": "::1"
}
{
  "timestamp": "2025-08-21T15:19:39.663Z",
  "level": "DEBUG",
  "message": "Query built",
  "query": {
    "status": "available"
  },
  "pagination": {
    "page": 1,
    "limit": 12,
    "skip": 0
  },
  "sort": {
    "price": -1
  }
}
{
  "timestamp": "2025-08-21T15:19:39.668Z",
  "level": "INFO",
  "message": "Properties retrieved successfully",
  "total": 68,
  "page": 1,
  "limit": 12,
  "filtersApplied": true
}
{
  "timestamp": "2025-08-21T15:19:39.705Z",
  "level": "WARN",
  "message": "Public profile requested for non-existent user",
  "userId": "507f1f77bcf86cd799439011"
}
{
  "timestamp": "2025-08-21T15:19:39.710Z",
  "level": "WARN",
  "message": "Public profile requested for non-existent user",
  "userId": "507f1f77bcf86cd799439011"
}
{
  "timestamp": "2025-08-21T15:19:39.715Z",
  "level": "WARN",
  "message": "Public profile requested for non-existent user",
  "userId": "507f1f77bcf86cd799439011"
}
{
  "timestamp": "2025-08-21T15:19:39.719Z",
  "level": "WARN",
  "message": "Public profile requested for non-existent user",
  "userId": "507f1f77bcf86cd799439011"
}
{
  "timestamp": "2025-08-21T15:19:39.727Z",
  "level": "WARN",
  "message": "Public profile requested for non-existent user",
  "userId": "507f1f77bcf86cd799439011"
}
{
  "timestamp": "2025-08-21T15:19:39.733Z",
  "level": "WARN",
  "message": "Public profile requested for non-existent user",
  "userId": "507f1f77bcf86cd799439011"
}
{
  "timestamp": "2025-08-21T15:19:39.738Z",
  "level": "WARN",
  "message": "Public profile requested for non-existent user",
  "userId": "507f1f77bcf86cd799439011"
}
{
  "timestamp": "2025-08-21T15:19:39.744Z",
  "level": "WARN",
  "message": "Public profile requested for non-existent user",
  "userId": "507f1f77bcf86cd799439011"
}
{
  "timestamp": "2025-08-21T15:19:39.749Z",
  "level": "WARN",
  "message": "Public profile requested for non-existent user",
  "userId": "507f1f77bcf86cd799439011"
}
{
  "timestamp": "2025-08-21T15:19:39.753Z",
  "level": "WARN",
  "message": "Public profile requested for non-existent user",
  "userId": "507f1f77bcf86cd799439011"
}
{
  "timestamp": "2025-08-21T15:19:39.757Z",
  "level": "WARN",
  "message": "Public profile requested for non-existent user",
  "userId": "507f1f77bcf86cd799439011"
}
{
  "timestamp": "2025-08-21T15:19:39.762Z",
  "level": "WARN",
  "message": "Public profile requested for non-existent user",
  "userId": "507f1f77bcf86cd799439011"
}
{
  "timestamp": "2025-08-21T15:30:40.661Z",
  "level": "DEBUG",
  "message": "Getting properties list",
  "query": {
    "page": "1",
    "limit": "12",
    "sortBy": "price"
  },
  "ip": "::1"
}
{
  "timestamp": "2025-08-21T15:30:40.662Z",
  "level": "DEBUG",
  "message": "Query built",
  "query": {
    "status": "available"
  },
  "pagination": {
    "page": 1,
    "limit": 12,
    "skip": 0
  },
  "sort": {
    "price": -1
  }
}
{
  "timestamp": "2025-08-21T15:30:40.666Z",
  "level": "INFO",
  "message": "Properties retrieved successfully",
  "total": 68,
  "page": 1,
  "limit": 12,
  "filtersApplied": true
}
{
  "timestamp": "2025-08-21T15:30:40.672Z",
  "level": "DEBUG",
  "message": "Getting properties list",
  "query": {
    "page": "1",
    "limit": "12",
    "sortBy": "price"
  },
  "ip": "::1"
}
{
  "timestamp": "2025-08-21T15:30:40.673Z",
  "level": "DEBUG",
  "message": "Query built",
  "query": {
    "status": "available"
  },
  "pagination": {
    "page": 1,
    "limit": 12,
    "skip": 0
  },
  "sort": {
    "price": -1
  }
}
{
  "timestamp": "2025-08-21T15:30:40.678Z",
  "level": "INFO",
  "message": "Properties retrieved successfully",
  "total": 68,
  "page": 1,
  "limit": 12,
  "filtersApplied": true
}
{
  "timestamp": "2025-08-21T15:30:40.707Z",
  "level": "WARN",
  "message": "Public profile requested for non-existent user",
  "userId": "507f1f77bcf86cd799439011"
}
{
  "timestamp": "2025-08-21T15:30:40.714Z",
  "level": "WARN",
  "message": "Public profile requested for non-existent user",
  "userId": "507f1f77bcf86cd799439011"
}
{
  "timestamp": "2025-08-21T15:30:40.719Z",
  "level": "WARN",
  "message": "Public profile requested for non-existent user",
  "userId": "507f1f77bcf86cd799439011"
}
{
  "timestamp": "2025-08-21T15:30:40.724Z",
  "level": "WARN",
  "message": "Public profile requested for non-existent user",
  "userId": "507f1f77bcf86cd799439011"
}
{
  "timestamp": "2025-08-21T15:30:40.729Z",
  "level": "WARN",
  "message": "Public profile requested for non-existent user",
  "userId": "507f1f77bcf86cd799439011"
}
{
  "timestamp": "2025-08-21T15:30:40.735Z",
  "level": "WARN",
  "message": "Public profile requested for non-existent user",
  "userId": "507f1f77bcf86cd799439011"
}
{
  "timestamp": "2025-08-21T15:30:40.742Z",
  "level": "WARN",
  "message": "Public profile requested for non-existent user",
  "userId": "507f1f77bcf86cd799439011"
}
{
  "timestamp": "2025-08-21T15:30:40.746Z",
  "level": "WARN",
  "message": "Public profile requested for non-existent user",
  "userId": "507f1f77bcf86cd799439011"
}
{
  "timestamp": "2025-08-21T15:30:40.752Z",
  "level": "WARN",
  "message": "Public profile requested for non-existent user",
  "userId": "507f1f77bcf86cd799439011"
}
{
  "timestamp": "2025-08-21T15:30:40.758Z",
  "level": "WARN",
  "message": "Public profile requested for non-existent user",
  "userId": "507f1f77bcf86cd799439011"
}
{
  "timestamp": "2025-08-21T15:30:40.763Z",
  "level": "WARN",
  "message": "Public profile requested for non-existent user",
  "userId": "507f1f77bcf86cd799439011"
}
{
  "timestamp": "2025-08-21T15:30:40.769Z",
  "level": "WARN",
  "message": "Public profile requested for non-existent user",
  "userId": "507f1f77bcf86cd799439011"
}
{
  "timestamp": "2025-08-21T15:31:48.399Z",
  "level": "WARN",
  "message": "Public profile requested for non-existent user",
  "userId": "507f1f77bcf86cd799439011"
}
{
  "timestamp": "2025-08-21T15:31:48.407Z",
  "level": "WARN",
  "message": "Public profile requested for non-existent user",
  "userId": "507f1f77bcf86cd799439011"
}
{
  "timestamp": "2025-08-21T15:31:48.412Z",
  "level": "WARN",
  "message": "Public profile requested for non-existent user",
  "userId": "507f1f77bcf86cd799439011"
}
{
  "timestamp": "2025-08-21T15:31:48.416Z",
  "level": "WARN",
  "message": "Public profile requested for non-existent user",
  "userId": "507f1f77bcf86cd799439011"
}
{
  "timestamp": "2025-08-21T15:31:48.421Z",
  "level": "WARN",
  "message": "Public profile requested for non-existent user",
  "userId": "507f1f77bcf86cd799439011"
}
{
  "timestamp": "2025-08-21T15:31:48.426Z",
  "level": "WARN",
  "message": "Public profile requested for non-existent user",
  "userId": "507f1f77bcf86cd799439011"
}
{
  "timestamp": "2025-08-21T15:31:48.431Z",
  "level": "WARN",
  "message": "Public profile requested for non-existent user",
  "userId": "507f1f77bcf86cd799439011"
}
{
  "timestamp": "2025-08-21T15:31:48.435Z",
  "level": "WARN",
  "message": "Public profile requested for non-existent user",
  "userId": "507f1f77bcf86cd799439011"
}
{
  "timestamp": "2025-08-21T15:31:48.440Z",
  "level": "WARN",
  "message": "Public profile requested for non-existent user",
  "userId": "507f1f77bcf86cd799439011"
}
{
  "timestamp": "2025-08-21T15:31:48.444Z",
  "level": "WARN",
  "message": "Public profile requested for non-existent user",
  "userId": "507f1f77bcf86cd799439011"
}
{
  "timestamp": "2025-08-21T15:31:48.450Z",
  "level": "WARN",
  "message": "Public profile requested for non-existent user",
  "userId": "507f1f77bcf86cd799439011"
}
{
  "timestamp": "2025-08-21T15:31:48.454Z",
  "level": "WARN",
  "message": "Public profile requested for non-existent user",
  "userId": "507f1f77bcf86cd799439011"
}
{
  "timestamp": "2025-08-21T17:43:23.015Z",
  "level": "DEBUG",
  "message": "Getting properties list",
  "query": {
    "page": "1",
    "limit": "12",
    "sortBy": "price"
  },
  "ip": "::1"
}
{
  "timestamp": "2025-08-21T17:43:23.017Z",
  "level": "DEBUG",
  "message": "Query built",
  "query": {
    "status": "available"
  },
  "pagination": {
    "page": 1,
    "limit": 12,
    "skip": 0
  },
  "sort": {
    "price": -1
  }
}
{
  "timestamp": "2025-08-21T17:43:23.026Z",
  "level": "INFO",
  "message": "Properties retrieved successfully",
  "total": 68,
  "page": 1,
  "limit": 12,
  "filtersApplied": true
}
{
  "timestamp": "2025-08-21T17:43:23.032Z",
  "level": "DEBUG",
  "message": "Getting properties list",
  "query": {
    "page": "1",
    "limit": "12",
    "sortBy": "price"
  },
  "ip": "::1"
}
{
  "timestamp": "2025-08-21T17:43:23.033Z",
  "level": "DEBUG",
  "message": "Query built",
  "query": {
    "status": "available"
  },
  "pagination": {
    "page": 1,
    "limit": 12,
    "skip": 0
  },
  "sort": {
    "price": -1
  }
}
{
  "timestamp": "2025-08-21T17:43:23.039Z",
  "level": "INFO",
  "message": "Properties retrieved successfully",
  "total": 68,
  "page": 1,
  "limit": 12,
  "filtersApplied": true
}
{
  "timestamp": "2025-08-21T17:43:23.061Z",
  "level": "WARN",
  "message": "Public profile requested for non-existent user",
  "userId": "507f1f77bcf86cd799439011"
}
{
  "timestamp": "2025-08-21T17:43:23.066Z",
  "level": "WARN",
  "message": "Public profile requested for non-existent user",
  "userId": "507f1f77bcf86cd799439011"
}
{
  "timestamp": "2025-08-21T17:43:23.072Z",
  "level": "WARN",
  "message": "Public profile requested for non-existent user",
  "userId": "507f1f77bcf86cd799439011"
}
{
  "timestamp": "2025-08-21T17:43:23.078Z",
  "level": "WARN",
  "message": "Public profile requested for non-existent user",
  "userId": "507f1f77bcf86cd799439011"
}
{
  "timestamp": "2025-08-21T17:43:23.083Z",
  "level": "WARN",
  "message": "Public profile requested for non-existent user",
  "userId": "507f1f77bcf86cd799439011"
}
{
  "timestamp": "2025-08-21T17:43:23.090Z",
  "level": "WARN",
  "message": "Public profile requested for non-existent user",
  "userId": "507f1f77bcf86cd799439011"
}
{
  "timestamp": "2025-08-21T17:43:23.096Z",
  "level": "WARN",
  "message": "Public profile requested for non-existent user",
  "userId": "507f1f77bcf86cd799439011"
}
{
  "timestamp": "2025-08-21T17:43:23.100Z",
  "level": "WARN",
  "message": "Public profile requested for non-existent user",
  "userId": "507f1f77bcf86cd799439011"
}
{
  "timestamp": "2025-08-21T17:43:23.105Z",
  "level": "WARN",
  "message": "Public profile requested for non-existent user",
  "userId": "507f1f77bcf86cd799439011"
}
{
  "timestamp": "2025-08-21T17:43:23.110Z",
  "level": "WARN",
  "message": "Public profile requested for non-existent user",
  "userId": "507f1f77bcf86cd799439011"
}
{
  "timestamp": "2025-08-21T17:43:23.115Z",
  "level": "WARN",
  "message": "Public profile requested for non-existent user",
  "userId": "507f1f77bcf86cd799439011"
}
{
  "timestamp": "2025-08-21T17:43:23.123Z",
  "level": "WARN",
  "message": "Public profile requested for non-existent user",
  "userId": "507f1f77bcf86cd799439011"
}
{
  "timestamp": "2025-08-21T17:53:06.983Z",
  "level": "DEBUG",
  "message": "Getting properties list",
  "query": {
    "page": "1",
    "limit": "12",
    "sortBy": "price"
  },
  "ip": "::1"
}
{
  "timestamp": "2025-08-21T17:53:06.987Z",
  "level": "DEBUG",
  "message": "Query built",
  "query": {
    "status": "available"
  },
  "pagination": {
    "page": 1,
    "limit": 12,
    "skip": 0
  },
  "sort": {
    "price": -1
  }
}
{
  "timestamp": "2025-08-21T17:53:06.993Z",
  "level": "INFO",
  "message": "Properties retrieved successfully",
  "total": 68,
  "page": 1,
  "limit": 12,
  "filtersApplied": true
}
{
  "timestamp": "2025-08-21T17:53:06.998Z",
  "level": "DEBUG",
  "message": "Getting properties list",
  "query": {
    "page": "1",
    "limit": "12",
    "sortBy": "price"
  },
  "ip": "::1"
}
{
  "timestamp": "2025-08-21T17:53:06.998Z",
  "level": "DEBUG",
  "message": "Query built",
  "query": {
    "status": "available"
  },
  "pagination": {
    "page": 1,
    "limit": 12,
    "skip": 0
  },
  "sort": {
    "price": -1
  }
}
{
  "timestamp": "2025-08-21T17:53:07.004Z",
  "level": "INFO",
  "message": "Properties retrieved successfully",
  "total": 68,
  "page": 1,
  "limit": 12,
  "filtersApplied": true
}
{
  "timestamp": "2025-08-21T17:53:07.040Z",
  "level": "WARN",
  "message": "Public profile requested for non-existent user",
  "userId": "507f1f77bcf86cd799439011"
}
{
  "timestamp": "2025-08-21T17:53:07.046Z",
  "level": "WARN",
  "message": "Public profile requested for non-existent user",
  "userId": "507f1f77bcf86cd799439011"
}
{
  "timestamp": "2025-08-21T17:53:07.051Z",
  "level": "WARN",
  "message": "Public profile requested for non-existent user",
  "userId": "507f1f77bcf86cd799439011"
}
{
  "timestamp": "2025-08-21T17:53:07.058Z",
  "level": "WARN",
  "message": "Public profile requested for non-existent user",
  "userId": "507f1f77bcf86cd799439011"
}
{
  "timestamp": "2025-08-21T17:53:07.063Z",
  "level": "WARN",
  "message": "Public profile requested for non-existent user",
  "userId": "507f1f77bcf86cd799439011"
}
{
  "timestamp": "2025-08-21T17:53:07.068Z",
  "level": "WARN",
  "message": "Public profile requested for non-existent user",
  "userId": "507f1f77bcf86cd799439011"
}
{
  "timestamp": "2025-08-21T17:53:07.074Z",
  "level": "WARN",
  "message": "Public profile requested for non-existent user",
  "userId": "507f1f77bcf86cd799439011"
}
{
  "timestamp": "2025-08-21T17:53:07.079Z",
  "level": "WARN",
  "message": "Public profile requested for non-existent user",
  "userId": "507f1f77bcf86cd799439011"
}
{
  "timestamp": "2025-08-21T17:53:07.088Z",
  "level": "WARN",
  "message": "Public profile requested for non-existent user",
  "userId": "507f1f77bcf86cd799439011"
}
{
  "timestamp": "2025-08-21T17:53:07.093Z",
  "level": "WARN",
  "message": "Public profile requested for non-existent user",
  "userId": "507f1f77bcf86cd799439011"
}
{
  "timestamp": "2025-08-21T17:53:07.099Z",
  "level": "WARN",
  "message": "Public profile requested for non-existent user",
  "userId": "507f1f77bcf86cd799439011"
}
{
  "timestamp": "2025-08-21T17:53:07.104Z",
  "level": "WARN",
  "message": "Public profile requested for non-existent user",
  "userId": "507f1f77bcf86cd799439011"
}
{
  "timestamp": "2025-08-21T18:02:14.053Z",
  "level": "DEBUG",
  "message": "Getting properties list",
  "query": {
    "page": "1",
    "limit": "12",
    "sortBy": "price"
  },
  "ip": "::1"
}
{
  "timestamp": "2025-08-21T18:02:14.055Z",
  "level": "DEBUG",
  "message": "Query built",
  "query": {
    "status": "available"
  },
  "pagination": {
    "page": 1,
    "limit": 12,
    "skip": 0
  },
  "sort": {
    "price": -1
  }
}
{
  "timestamp": "2025-08-21T18:02:14.062Z",
  "level": "INFO",
  "message": "Properties retrieved successfully",
  "total": 68,
  "page": 1,
  "limit": 12,
  "filtersApplied": true
}
{
  "timestamp": "2025-08-21T18:02:14.067Z",
  "level": "DEBUG",
  "message": "Getting properties list",
  "query": {
    "page": "1",
    "limit": "12",
    "sortBy": "price"
  },
  "ip": "::1"
}
{
  "timestamp": "2025-08-21T18:02:14.069Z",
  "level": "DEBUG",
  "message": "Query built",
  "query": {
    "status": "available"
  },
  "pagination": {
    "page": 1,
    "limit": 12,
    "skip": 0
  },
  "sort": {
    "price": -1
  }
}
{
  "timestamp": "2025-08-21T18:02:14.074Z",
  "level": "INFO",
  "message": "Properties retrieved successfully",
  "total": 68,
  "page": 1,
  "limit": 12,
  "filtersApplied": true
}
{
  "timestamp": "2025-08-21T18:02:14.110Z",
  "level": "WARN",
  "message": "Public profile requested for non-existent user",
  "userId": "507f1f77bcf86cd799439011"
}
{
  "timestamp": "2025-08-21T18:02:14.117Z",
  "level": "WARN",
  "message": "Public profile requested for non-existent user",
  "userId": "507f1f77bcf86cd799439011"
}
{
  "timestamp": "2025-08-21T18:02:14.122Z",
  "level": "WARN",
  "message": "Public profile requested for non-existent user",
  "userId": "507f1f77bcf86cd799439011"
}
{
  "timestamp": "2025-08-21T18:02:14.127Z",
  "level": "WARN",
  "message": "Public profile requested for non-existent user",
  "userId": "507f1f77bcf86cd799439011"
}
{
  "timestamp": "2025-08-21T18:02:14.132Z",
  "level": "WARN",
  "message": "Public profile requested for non-existent user",
  "userId": "507f1f77bcf86cd799439011"
}
{
  "timestamp": "2025-08-21T18:02:14.138Z",
  "level": "WARN",
  "message": "Public profile requested for non-existent user",
  "userId": "507f1f77bcf86cd799439011"
}
{
  "timestamp": "2025-08-21T18:02:14.144Z",
  "level": "WARN",
  "message": "Public profile requested for non-existent user",
  "userId": "507f1f77bcf86cd799439011"
}
{
  "timestamp": "2025-08-21T18:02:14.149Z",
  "level": "WARN",
  "message": "Public profile requested for non-existent user",
  "userId": "507f1f77bcf86cd799439011"
}
{
  "timestamp": "2025-08-21T18:02:14.158Z",
  "level": "WARN",
  "message": "Public profile requested for non-existent user",
  "userId": "507f1f77bcf86cd799439011"
}
{
  "timestamp": "2025-08-21T18:02:14.164Z",
  "level": "WARN",
  "message": "Public profile requested for non-existent user",
  "userId": "507f1f77bcf86cd799439011"
}
{
  "timestamp": "2025-08-21T18:02:14.170Z",
  "level": "WARN",
  "message": "Public profile requested for non-existent user",
  "userId": "507f1f77bcf86cd799439011"
}
{
  "timestamp": "2025-08-21T18:02:14.176Z",
  "level": "WARN",
  "message": "Public profile requested for non-existent user",
  "userId": "507f1f77bcf86cd799439011"
}
{
  "timestamp": "2025-08-21T19:16:20.155Z",
  "level": "DEBUG",
  "message": "Getting properties list",
  "query": {
    "page": "1",
    "limit": "12",
    "sortBy": "price"
  },
  "ip": "::1"
}
{
  "timestamp": "2025-08-21T19:16:20.157Z",
  "level": "DEBUG",
  "message": "Query built",
  "query": {
    "status": "available"
  },
  "pagination": {
    "page": 1,
    "limit": 12,
    "skip": 0
  },
  "sort": {
    "price": -1
  }
}
{
  "timestamp": "2025-08-21T19:16:20.167Z",
  "level": "INFO",
  "message": "Properties retrieved successfully",
  "total": 68,
  "page": 1,
  "limit": 12,
  "filtersApplied": true
}
{
  "timestamp": "2025-08-21T19:16:20.173Z",
  "level": "DEBUG",
  "message": "Getting properties list",
  "query": {
    "page": "1",
    "limit": "12",
    "sortBy": "price"
  },
  "ip": "::1"
}
{
  "timestamp": "2025-08-21T19:16:20.175Z",
  "level": "DEBUG",
  "message": "Query built",
  "query": {
    "status": "available"
  },
  "pagination": {
    "page": 1,
    "limit": 12,
    "skip": 0
  },
  "sort": {
    "price": -1
  }
}
{
  "timestamp": "2025-08-21T19:16:20.181Z",
  "level": "INFO",
  "message": "Properties retrieved successfully",
  "total": 68,
  "page": 1,
  "limit": 12,
  "filtersApplied": true
}
{
  "timestamp": "2025-08-21T19:16:20.203Z",
  "level": "WARN",
  "message": "Public profile requested for non-existent user",
  "userId": "507f1f77bcf86cd799439011"
}
{
  "timestamp": "2025-08-21T19:16:20.210Z",
  "level": "WARN",
  "message": "Public profile requested for non-existent user",
  "userId": "507f1f77bcf86cd799439011"
}
{
  "timestamp": "2025-08-21T19:16:20.217Z",
  "level": "WARN",
  "message": "Public profile requested for non-existent user",
  "userId": "507f1f77bcf86cd799439011"
}
{
  "timestamp": "2025-08-21T19:16:20.224Z",
  "level": "WARN",
  "message": "Public profile requested for non-existent user",
  "userId": "507f1f77bcf86cd799439011"
}
{
  "timestamp": "2025-08-21T19:16:20.229Z",
  "level": "WARN",
  "message": "Public profile requested for non-existent user",
  "userId": "507f1f77bcf86cd799439011"
}
{
  "timestamp": "2025-08-21T19:16:20.237Z",
  "level": "WARN",
  "message": "Public profile requested for non-existent user",
  "userId": "507f1f77bcf86cd799439011"
}
{
  "timestamp": "2025-08-21T19:16:20.246Z",
  "level": "WARN",
  "message": "Public profile requested for non-existent user",
  "userId": "507f1f77bcf86cd799439011"
}
{
  "timestamp": "2025-08-21T19:16:20.254Z",
  "level": "WARN",
  "message": "Public profile requested for non-existent user",
  "userId": "507f1f77bcf86cd799439011"
}
{
  "timestamp": "2025-08-21T19:16:20.259Z",
  "level": "WARN",
  "message": "Public profile requested for non-existent user",
  "userId": "507f1f77bcf86cd799439011"
}
{
  "timestamp": "2025-08-21T19:16:20.269Z",
  "level": "WARN",
  "message": "Public profile requested for non-existent user",
  "userId": "507f1f77bcf86cd799439011"
}
{
  "timestamp": "2025-08-21T19:16:20.276Z",
  "level": "WARN",
  "message": "Public profile requested for non-existent user",
  "userId": "507f1f77bcf86cd799439011"
}
{
  "timestamp": "2025-08-21T19:16:20.285Z",
  "level": "WARN",
  "message": "Public profile requested for non-existent user",
  "userId": "507f1f77bcf86cd799439011"
}
{
  "timestamp": "2025-08-21T19:17:21.226Z",
  "level": "WARN",
  "message": "Public profile requested for non-existent user",
  "userId": "507f1f77bcf86cd799439011"
}
{
  "timestamp": "2025-08-21T19:17:21.232Z",
  "level": "WARN",
  "message": "Public profile requested for non-existent user",
  "userId": "507f1f77bcf86cd799439011"
}
{
  "timestamp": "2025-08-21T19:17:21.237Z",
  "level": "WARN",
  "message": "Public profile requested for non-existent user",
  "userId": "507f1f77bcf86cd799439011"
}
{
  "timestamp": "2025-08-21T19:17:21.243Z",
  "level": "WARN",
  "message": "Public profile requested for non-existent user",
  "userId": "507f1f77bcf86cd799439011"
}
{
  "timestamp": "2025-08-21T19:17:21.249Z",
  "level": "WARN",
  "message": "Public profile requested for non-existent user",
  "userId": "507f1f77bcf86cd799439011"
}
{
  "timestamp": "2025-08-21T19:17:21.255Z",
  "level": "WARN",
  "message": "Public profile requested for non-existent user",
  "userId": "507f1f77bcf86cd799439011"
}
{
  "timestamp": "2025-08-21T19:17:21.260Z",
  "level": "WARN",
  "message": "Public profile requested for non-existent user",
  "userId": "507f1f77bcf86cd799439011"
}
{
  "timestamp": "2025-08-21T19:17:21.266Z",
  "level": "WARN",
  "message": "Public profile requested for non-existent user",
  "userId": "507f1f77bcf86cd799439011"
}
{
  "timestamp": "2025-08-21T19:17:21.272Z",
  "level": "WARN",
  "message": "Public profile requested for non-existent user",
  "userId": "507f1f77bcf86cd799439011"
}
{
  "timestamp": "2025-08-21T19:17:21.278Z",
  "level": "WARN",
  "message": "Public profile requested for non-existent user",
  "userId": "507f1f77bcf86cd799439011"
}
{
  "timestamp": "2025-08-21T19:17:21.284Z",
  "level": "WARN",
  "message": "Public profile requested for non-existent user",
  "userId": "507f1f77bcf86cd799439011"
}
{
  "timestamp": "2025-08-21T19:17:21.290Z",
  "level": "WARN",
  "message": "Public profile requested for non-existent user",
  "userId": "507f1f77bcf86cd799439011"
}
{
  "timestamp": "2025-08-21T19:17:31.698Z",
  "level": "WARN",
  "message": "Public profile requested for non-existent user",
  "userId": "507f1f77bcf86cd799439011"
}
{
  "timestamp": "2025-08-21T19:17:31.703Z",
  "level": "WARN",
  "message": "Public profile requested for non-existent user",
  "userId": "507f1f77bcf86cd799439011"
}
{
  "timestamp": "2025-08-21T19:17:31.708Z",
  "level": "WARN",
  "message": "Public profile requested for non-existent user",
  "userId": "507f1f77bcf86cd799439011"
}
{
  "timestamp": "2025-08-21T19:17:31.713Z",
  "level": "WARN",
  "message": "Public profile requested for non-existent user",
  "userId": "507f1f77bcf86cd799439011"
}
{
  "timestamp": "2025-08-21T19:17:31.718Z",
  "level": "WARN",
  "message": "Public profile requested for non-existent user",
  "userId": "507f1f77bcf86cd799439011"
}
{
  "timestamp": "2025-08-21T19:17:31.724Z",
  "level": "WARN",
  "message": "Public profile requested for non-existent user",
  "userId": "507f1f77bcf86cd799439011"
}
{
  "timestamp": "2025-08-21T19:17:31.730Z",
  "level": "WARN",
  "message": "Public profile requested for non-existent user",
  "userId": "507f1f77bcf86cd799439011"
}
{
  "timestamp": "2025-08-21T19:17:31.737Z",
  "level": "WARN",
  "message": "Public profile requested for non-existent user",
  "userId": "507f1f77bcf86cd799439011"
}
{
  "timestamp": "2025-08-21T19:26:01.723Z",
  "level": "DEBUG",
  "message": "Getting properties list",
  "query": {
    "page": "1",
    "limit": "12",
    "sortBy": "price"
  },
  "ip": "::1"
}
{
  "timestamp": "2025-08-21T19:26:01.724Z",
  "level": "DEBUG",
  "message": "Query built",
  "query": {
    "status": "available"
  },
  "pagination": {
    "page": 1,
    "limit": 12,
    "skip": 0
  },
  "sort": {
    "price": -1
  }
}
{
  "timestamp": "2025-08-21T19:26:01.731Z",
  "level": "INFO",
  "message": "Properties retrieved successfully",
  "total": 68,
  "page": 1,
  "limit": 12,
  "filtersApplied": true
}
{
  "timestamp": "2025-08-21T19:26:01.739Z",
  "level": "DEBUG",
  "message": "Getting properties list",
  "query": {
    "page": "1",
    "limit": "12",
    "sortBy": "price"
  },
  "ip": "::1"
}
{
  "timestamp": "2025-08-21T19:26:01.741Z",
  "level": "DEBUG",
  "message": "Query built",
  "query": {
    "status": "available"
  },
  "pagination": {
    "page": 1,
    "limit": 12,
    "skip": 0
  },
  "sort": {
    "price": -1
  }
}
{
  "timestamp": "2025-08-21T19:26:01.747Z",
  "level": "INFO",
  "message": "Properties retrieved successfully",
  "total": 68,
  "page": 1,
  "limit": 12,
  "filtersApplied": true
}
{
  "timestamp": "2025-08-21T19:26:01.777Z",
  "level": "WARN",
  "message": "Public profile requested for non-existent user",
  "userId": "507f1f77bcf86cd799439011"
}
{
  "timestamp": "2025-08-21T19:26:01.784Z",
  "level": "WARN",
  "message": "Public profile requested for non-existent user",
  "userId": "507f1f77bcf86cd799439011"
}
{
  "timestamp": "2025-08-21T19:26:01.791Z",
  "level": "WARN",
  "message": "Public profile requested for non-existent user",
  "userId": "507f1f77bcf86cd799439011"
}
{
  "timestamp": "2025-08-21T19:26:01.798Z",
  "level": "WARN",
  "message": "Public profile requested for non-existent user",
  "userId": "507f1f77bcf86cd799439011"
}
{
  "timestamp": "2025-08-21T19:26:01.806Z",
  "level": "WARN",
  "message": "Public profile requested for non-existent user",
  "userId": "507f1f77bcf86cd799439011"
}
{
  "timestamp": "2025-08-21T19:26:01.813Z",
  "level": "WARN",
  "message": "Public profile requested for non-existent user",
  "userId": "507f1f77bcf86cd799439011"
}
{
  "timestamp": "2025-08-21T19:26:01.821Z",
  "level": "WARN",
  "message": "Public profile requested for non-existent user",
  "userId": "507f1f77bcf86cd799439011"
}
{
  "timestamp": "2025-08-21T19:26:01.830Z",
  "level": "WARN",
  "message": "Public profile requested for non-existent user",
  "userId": "507f1f77bcf86cd799439011"
}
{
  "timestamp": "2025-08-21T19:26:01.837Z",
  "level": "WARN",
  "message": "Public profile requested for non-existent user",
  "userId": "507f1f77bcf86cd799439011"
}
{
  "timestamp": "2025-08-21T19:26:01.842Z",
  "level": "WARN",
  "message": "Public profile requested for non-existent user",
  "userId": "507f1f77bcf86cd799439011"
}
{
  "timestamp": "2025-08-21T19:26:01.848Z",
  "level": "WARN",
  "message": "Public profile requested for non-existent user",
  "userId": "507f1f77bcf86cd799439011"
}
{
  "timestamp": "2025-08-21T19:26:01.855Z",
  "level": "WARN",
  "message": "Public profile requested for non-existent user",
  "userId": "507f1f77bcf86cd799439011"
}
{
  "timestamp": "2025-08-21T19:26:15.866Z",
  "level": "WARN",
  "message": "Public profile requested for non-existent user",
  "userId": "507f1f77bcf86cd799439011"
}
{
  "timestamp": "2025-08-21T19:26:15.872Z",
  "level": "WARN",
  "message": "Public profile requested for non-existent user",
  "userId": "507f1f77bcf86cd799439011"
}
{
  "timestamp": "2025-08-21T19:26:15.878Z",
  "level": "WARN",
  "message": "Public profile requested for non-existent user",
  "userId": "507f1f77bcf86cd799439011"
}
{
  "timestamp": "2025-08-21T19:26:15.884Z",
  "level": "WARN",
  "message": "Public profile requested for non-existent user",
  "userId": "507f1f77bcf86cd799439011"
}
{
  "timestamp": "2025-08-21T19:26:15.889Z",
  "level": "WARN",
  "message": "Public profile requested for non-existent user",
  "userId": "507f1f77bcf86cd799439011"
}
{
  "timestamp": "2025-08-21T19:26:15.894Z",
  "level": "WARN",
  "message": "Public profile requested for non-existent user",
  "userId": "507f1f77bcf86cd799439011"
}
{
  "timestamp": "2025-08-21T19:26:15.900Z",
  "level": "WARN",
  "message": "Public profile requested for non-existent user",
  "userId": "507f1f77bcf86cd799439011"
}
{
  "timestamp": "2025-08-21T19:26:15.907Z",
  "level": "WARN",
  "message": "Public profile requested for non-existent user",
  "userId": "507f1f77bcf86cd799439011"
}
{
  "timestamp": "2025-08-21T19:36:50.978Z",
  "level": "DEBUG",
  "message": "Getting properties list",
  "query": {
    "page": "1",
    "limit": "12",
    "sortBy": "price"
  },
  "ip": "::1"
}
{
  "timestamp": "2025-08-21T19:36:50.980Z",
  "level": "DEBUG",
  "message": "Query built",
  "query": {
    "status": "available"
  },
  "pagination": {
    "page": 1,
    "limit": 12,
    "skip": 0
  },
  "sort": {
    "price": -1
  }
}
{
  "timestamp": "2025-08-21T19:36:50.986Z",
  "level": "INFO",
  "message": "Properties retrieved successfully",
  "total": 68,
  "page": 1,
  "limit": 12,
  "filtersApplied": true
}
{
  "timestamp": "2025-08-21T19:36:50.996Z",
  "level": "DEBUG",
  "message": "Getting properties list",
  "query": {
    "page": "1",
    "limit": "12",
    "sortBy": "price"
  },
  "ip": "::1"
}
{
  "timestamp": "2025-08-21T19:36:50.997Z",
  "level": "DEBUG",
  "message": "Query built",
  "query": {
    "status": "available"
  },
  "pagination": {
    "page": 1,
    "limit": 12,
    "skip": 0
  },
  "sort": {
    "price": -1
  }
}
{
  "timestamp": "2025-08-21T19:36:51.003Z",
  "level": "INFO",
  "message": "Properties retrieved successfully",
  "total": 68,
  "page": 1,
  "limit": 12,
  "filtersApplied": true
}
{
  "timestamp": "2025-08-21T19:36:51.021Z",
  "level": "WARN",
  "message": "Public profile requested for non-existent user",
  "userId": "507f1f77bcf86cd799439011"
}
{
  "timestamp": "2025-08-21T19:36:51.029Z",
  "level": "WARN",
  "message": "Public profile requested for non-existent user",
  "userId": "507f1f77bcf86cd799439011"
}
{
  "timestamp": "2025-08-21T19:36:51.034Z",
  "level": "WARN",
  "message": "Public profile requested for non-existent user",
  "userId": "507f1f77bcf86cd799439011"
}
{
  "timestamp": "2025-08-21T19:36:51.040Z",
  "level": "WARN",
  "message": "Public profile requested for non-existent user",
  "userId": "507f1f77bcf86cd799439011"
}
{
  "timestamp": "2025-08-21T19:36:51.047Z",
  "level": "WARN",
  "message": "Public profile requested for non-existent user",
  "userId": "507f1f77bcf86cd799439011"
}
{
  "timestamp": "2025-08-21T19:36:51.052Z",
  "level": "WARN",
  "message": "Public profile requested for non-existent user",
  "userId": "507f1f77bcf86cd799439011"
}
{
  "timestamp": "2025-08-21T19:36:51.060Z",
  "level": "WARN",
  "message": "Public profile requested for non-existent user",
  "userId": "507f1f77bcf86cd799439011"
}
{
  "timestamp": "2025-08-21T19:36:51.067Z",
  "level": "WARN",
  "message": "Public profile requested for non-existent user",
  "userId": "507f1f77bcf86cd799439011"
}
{
  "timestamp": "2025-08-21T19:36:51.074Z",
  "level": "WARN",
  "message": "Public profile requested for non-existent user",
  "userId": "507f1f77bcf86cd799439011"
}
{
  "timestamp": "2025-08-21T19:36:51.082Z",
  "level": "WARN",
  "message": "Public profile requested for non-existent user",
  "userId": "507f1f77bcf86cd799439011"
}
{
  "timestamp": "2025-08-21T19:36:51.089Z",
  "level": "WARN",
  "message": "Public profile requested for non-existent user",
  "userId": "507f1f77bcf86cd799439011"
}
{
  "timestamp": "2025-08-21T19:36:51.098Z",
  "level": "WARN",
  "message": "Public profile requested for non-existent user",
  "userId": "507f1f77bcf86cd799439011"
}
{
  "timestamp": "2025-08-21T19:36:56.167Z",
  "level": "WARN",
  "message": "Public profile requested for non-existent user",
  "userId": "507f1f77bcf86cd799439011"
}
{
  "timestamp": "2025-08-21T19:36:56.173Z",
  "level": "WARN",
  "message": "Public profile requested for non-existent user",
  "userId": "507f1f77bcf86cd799439011"
}
{
  "timestamp": "2025-08-21T19:36:56.178Z",
  "level": "WARN",
  "message": "Public profile requested for non-existent user",
  "userId": "507f1f77bcf86cd799439011"
}
{
  "timestamp": "2025-08-21T19:36:56.183Z",
  "level": "WARN",
  "message": "Public profile requested for non-existent user",
  "userId": "507f1f77bcf86cd799439011"
}
{
  "timestamp": "2025-08-21T19:36:56.188Z",
  "level": "WARN",
  "message": "Public profile requested for non-existent user",
  "userId": "507f1f77bcf86cd799439011"
}
{
  "timestamp": "2025-08-21T19:36:56.194Z",
  "level": "WARN",
  "message": "Public profile requested for non-existent user",
  "userId": "507f1f77bcf86cd799439011"
}
{
  "timestamp": "2025-08-21T19:36:56.200Z",
  "level": "WARN",
  "message": "Public profile requested for non-existent user",
  "userId": "507f1f77bcf86cd799439011"
}
{
  "timestamp": "2025-08-21T19:36:56.207Z",
  "level": "WARN",
  "message": "Public profile requested for non-existent user",
  "userId": "507f1f77bcf86cd799439011"
}
{
  "timestamp": "2025-08-21T19:40:44.610Z",
  "level": "DEBUG",
  "message": "Getting properties list",
  "query": {
    "page": "1",
    "limit": "12",
    "sortBy": "price"
  },
  "ip": "::1"
}
{
  "timestamp": "2025-08-21T19:40:44.611Z",
  "level": "DEBUG",
  "message": "Query built",
  "query": {
    "status": "available"
  },
  "pagination": {
    "page": 1,
    "limit": 12,
    "skip": 0
  },
  "sort": {
    "price": -1
  }
}
{
  "timestamp": "2025-08-21T19:40:44.617Z",
  "level": "INFO",
  "message": "Properties retrieved successfully",
  "total": 68,
  "page": 1,
  "limit": 12,
  "filtersApplied": true
}
{
  "timestamp": "2025-08-21T19:40:44.624Z",
  "level": "DEBUG",
  "message": "Getting properties list",
  "query": {
    "page": "1",
    "limit": "12",
    "sortBy": "price"
  },
  "ip": "::1"
}
{
  "timestamp": "2025-08-21T19:40:44.626Z",
  "level": "DEBUG",
  "message": "Query built",
  "query": {
    "status": "available"
  },
  "pagination": {
    "page": 1,
    "limit": 12,
    "skip": 0
  },
  "sort": {
    "price": -1
  }
}
{
  "timestamp": "2025-08-21T19:40:44.632Z",
  "level": "INFO",
  "message": "Properties retrieved successfully",
  "total": 68,
  "page": 1,
  "limit": 12,
  "filtersApplied": true
}
{
  "timestamp": "2025-08-21T19:40:44.663Z",
  "level": "WARN",
  "message": "Public profile requested for non-existent user",
  "userId": "507f1f77bcf86cd799439011"
}
{
  "timestamp": "2025-08-21T19:40:44.671Z",
  "level": "WARN",
  "message": "Public profile requested for non-existent user",
  "userId": "507f1f77bcf86cd799439011"
}
{
  "timestamp": "2025-08-21T19:40:44.678Z",
  "level": "WARN",
  "message": "Public profile requested for non-existent user",
  "userId": "507f1f77bcf86cd799439011"
}
{
  "timestamp": "2025-08-21T19:40:44.686Z",
  "level": "WARN",
  "message": "Public profile requested for non-existent user",
  "userId": "507f1f77bcf86cd799439011"
}
{
  "timestamp": "2025-08-21T19:40:44.692Z",
  "level": "WARN",
  "message": "Public profile requested for non-existent user",
  "userId": "507f1f77bcf86cd799439011"
}
{
  "timestamp": "2025-08-21T19:40:44.700Z",
  "level": "WARN",
  "message": "Public profile requested for non-existent user",
  "userId": "507f1f77bcf86cd799439011"
}
{
  "timestamp": "2025-08-21T19:40:44.707Z",
  "level": "WARN",
  "message": "Public profile requested for non-existent user",
  "userId": "507f1f77bcf86cd799439011"
}
{
  "timestamp": "2025-08-21T19:40:44.717Z",
  "level": "WARN",
  "message": "Public profile requested for non-existent user",
  "userId": "507f1f77bcf86cd799439011"
}
{
  "timestamp": "2025-08-21T19:40:44.726Z",
  "level": "WARN",
  "message": "Public profile requested for non-existent user",
  "userId": "507f1f77bcf86cd799439011"
}
{
  "timestamp": "2025-08-21T19:40:44.732Z",
  "level": "WARN",
  "message": "Public profile requested for non-existent user",
  "userId": "507f1f77bcf86cd799439011"
}
{
  "timestamp": "2025-08-21T19:40:44.744Z",
  "level": "WARN",
  "message": "Public profile requested for non-existent user",
  "userId": "507f1f77bcf86cd799439011"
}
{
  "timestamp": "2025-08-21T19:40:44.749Z",
  "level": "WARN",
  "message": "Public profile requested for non-existent user",
  "userId": "507f1f77bcf86cd799439011"
}
{
  "timestamp": "2025-08-21T19:40:53.335Z",
  "level": "WARN",
  "message": "Public profile requested for non-existent user",
  "userId": "507f1f77bcf86cd799439011"
}
{
  "timestamp": "2025-08-21T19:40:53.341Z",
  "level": "WARN",
  "message": "Public profile requested for non-existent user",
  "userId": "507f1f77bcf86cd799439011"
}
{
  "timestamp": "2025-08-21T19:40:53.346Z",
  "level": "WARN",
  "message": "Public profile requested for non-existent user",
  "userId": "507f1f77bcf86cd799439011"
}
{
  "timestamp": "2025-08-21T19:40:53.352Z",
  "level": "WARN",
  "message": "Public profile requested for non-existent user",
  "userId": "507f1f77bcf86cd799439011"
}
{
  "timestamp": "2025-08-21T19:40:53.358Z",
  "level": "WARN",
  "message": "Public profile requested for non-existent user",
  "userId": "507f1f77bcf86cd799439011"
}
{
  "timestamp": "2025-08-21T19:40:53.364Z",
  "level": "WARN",
  "message": "Public profile requested for non-existent user",
  "userId": "507f1f77bcf86cd799439011"
}
{
  "timestamp": "2025-08-21T19:40:53.370Z",
  "level": "WARN",
  "message": "Public profile requested for non-existent user",
  "userId": "507f1f77bcf86cd799439011"
}
{
  "timestamp": "2025-08-21T19:40:53.380Z",
  "level": "WARN",
  "message": "Public profile requested for non-existent user",
  "userId": "507f1f77bcf86cd799439011"
}
{
  "timestamp": "2025-08-21T20:21:27.020Z",
  "level": "DEBUG",
  "message": "Getting properties list",
  "query": {
    "page": "1",
    "limit": "12",
    "sortBy": "price"
  },
  "ip": "::1"
}
{
  "timestamp": "2025-08-21T20:21:27.021Z",
  "level": "DEBUG",
  "message": "Query built",
  "query": {
    "status": "available"
  },
  "pagination": {
    "page": 1,
    "limit": 12,
    "skip": 0
  },
  "sort": {
    "price": -1
  }
}
{
  "timestamp": "2025-08-21T20:21:27.029Z",
  "level": "DEBUG",
  "message": "Getting properties list",
  "query": {
    "page": "1",
    "limit": "12",
    "sortBy": "price"
  },
  "ip": "::1"
}
{
  "timestamp": "2025-08-21T20:21:27.030Z",
  "level": "DEBUG",
  "message": "Query built",
  "query": {
    "status": "available"
  },
  "pagination": {
    "page": 1,
    "limit": 12,
    "skip": 0
  },
  "sort": {
    "price": -1
  }
}
{
  "timestamp": "2025-08-21T20:21:27.038Z",
  "level": "INFO",
  "message": "Properties retrieved successfully",
  "total": 68,
  "page": 1,
  "limit": 12,
  "filtersApplied": true
}
{
  "timestamp": "2025-08-21T20:21:27.043Z",
  "level": "INFO",
  "message": "Properties retrieved successfully",
  "total": 68,
  "page": 1,
  "limit": 12,
  "filtersApplied": true
}
{
  "timestamp": "2025-08-21T20:21:27.117Z",
  "level": "WARN",
  "message": "Public profile requested for non-existent user",
  "userId": "507f1f77bcf86cd799439011"
}
{
  "timestamp": "2025-08-21T20:21:27.122Z",
  "level": "WARN",
  "message": "Public profile requested for non-existent user",
  "userId": "507f1f77bcf86cd799439011"
}
{
  "timestamp": "2025-08-21T20:21:27.126Z",
  "level": "WARN",
  "message": "Public profile requested for non-existent user",
  "userId": "507f1f77bcf86cd799439011"
}
{
  "timestamp": "2025-08-21T20:21:27.130Z",
  "level": "WARN",
  "message": "Public profile requested for non-existent user",
  "userId": "507f1f77bcf86cd799439011"
}
{
  "timestamp": "2025-08-21T20:21:27.136Z",
  "level": "WARN",
  "message": "Public profile requested for non-existent user",
  "userId": "507f1f77bcf86cd799439011"
}
{
  "timestamp": "2025-08-21T20:21:27.140Z",
  "level": "WARN",
  "message": "Public profile requested for non-existent user",
  "userId": "507f1f77bcf86cd799439011"
}
{
  "timestamp": "2025-08-21T20:21:27.151Z",
  "level": "WARN",
  "message": "Public profile requested for non-existent user",
  "userId": "507f1f77bcf86cd799439011"
}
{
  "timestamp": "2025-08-21T20:21:27.162Z",
  "level": "WARN",
  "message": "Public profile requested for non-existent user",
  "userId": "507f1f77bcf86cd799439011"
}
{
  "timestamp": "2025-08-21T20:21:27.169Z",
  "level": "WARN",
  "message": "Public profile requested for non-existent user",
  "userId": "507f1f77bcf86cd799439011"
}
{
  "timestamp": "2025-08-21T20:21:27.176Z",
  "level": "WARN",
  "message": "Public profile requested for non-existent user",
  "userId": "507f1f77bcf86cd799439011"
}
{
  "timestamp": "2025-08-21T20:21:27.184Z",
  "level": "WARN",
  "message": "Public profile requested for non-existent user",
  "userId": "507f1f77bcf86cd799439011"
}
{
  "timestamp": "2025-08-21T20:21:27.187Z",
  "level": "WARN",
  "message": "Public profile requested for non-existent user",
  "userId": "507f1f77bcf86cd799439011"
}
{
  "timestamp": "2025-08-21T20:21:30.438Z",
  "level": "WARN",
  "message": "Public profile requested for non-existent user",
  "userId": "507f1f77bcf86cd799439011"
}
{
  "timestamp": "2025-08-21T20:21:30.445Z",
  "level": "WARN",
  "message": "Public profile requested for non-existent user",
  "userId": "507f1f77bcf86cd799439011"
}
{
  "timestamp": "2025-08-21T20:21:30.455Z",
  "level": "WARN",
  "message": "Public profile requested for non-existent user",
  "userId": "507f1f77bcf86cd799439011"
}
{
  "timestamp": "2025-08-21T20:21:30.462Z",
  "level": "WARN",
  "message": "Public profile requested for non-existent user",
  "userId": "507f1f77bcf86cd799439011"
}
{
  "timestamp": "2025-08-21T20:21:30.465Z",
  "level": "WARN",
  "message": "Public profile requested for non-existent user",
  "userId": "507f1f77bcf86cd799439011"
}
{
  "timestamp": "2025-08-21T20:21:30.469Z",
  "level": "WARN",
  "message": "Public profile requested for non-existent user",
  "userId": "507f1f77bcf86cd799439011"
}
{
  "timestamp": "2025-08-21T20:21:30.472Z",
  "level": "WARN",
  "message": "Public profile requested for non-existent user",
  "userId": "507f1f77bcf86cd799439011"
}
{
  "timestamp": "2025-08-21T20:21:30.478Z",
  "level": "WARN",
  "message": "Public profile requested for non-existent user",
  "userId": "507f1f77bcf86cd799439011"
}
{
  "timestamp": "2025-08-21T20:23:53.364Z",
  "level": "DEBUG",
  "message": "Getting properties list",
  "query": {
    "page": "1",
    "limit": "12",
    "sortBy": "price"
  },
  "ip": "::1"
}
{
  "timestamp": "2025-08-21T20:23:53.365Z",
  "level": "DEBUG",
  "message": "Query built",
  "query": {
    "status": "available"
  },
  "pagination": {
    "page": 1,
    "limit": 12,
    "skip": 0
  },
  "sort": {
    "price": -1
  }
}
{
  "timestamp": "2025-08-21T20:23:53.369Z",
  "level": "DEBUG",
  "message": "Getting properties list",
  "query": {
    "page": "1",
    "limit": "12",
    "sortBy": "price"
  },
  "ip": "::1"
}
{
  "timestamp": "2025-08-21T20:23:53.371Z",
  "level": "DEBUG",
  "message": "Query built",
  "query": {
    "status": "available"
  },
  "pagination": {
    "page": 1,
    "limit": 12,
    "skip": 0
  },
  "sort": {
    "price": -1
  }
}
{
  "timestamp": "2025-08-21T20:23:53.378Z",
  "level": "INFO",
  "message": "Properties retrieved successfully",
  "total": 68,
  "page": 1,
  "limit": 12,
  "filtersApplied": true
}
{
  "timestamp": "2025-08-21T20:23:53.386Z",
  "level": "INFO",
  "message": "Properties retrieved successfully",
  "total": 68,
  "page": 1,
  "limit": 12,
  "filtersApplied": true
}
{
  "timestamp": "2025-08-21T20:23:53.463Z",
  "level": "WARN",
  "message": "Public profile requested for non-existent user",
  "userId": "507f1f77bcf86cd799439011"
}
{
  "timestamp": "2025-08-21T20:23:53.470Z",
  "level": "WARN",
  "message": "Public profile requested for non-existent user",
  "userId": "507f1f77bcf86cd799439011"
}
{
  "timestamp": "2025-08-21T20:23:53.483Z",
  "level": "WARN",
  "message": "Public profile requested for non-existent user",
  "userId": "507f1f77bcf86cd799439011"
}
{
  "timestamp": "2025-08-21T20:23:53.490Z",
  "level": "WARN",
  "message": "Public profile requested for non-existent user",
  "userId": "507f1f77bcf86cd799439011"
}
{
  "timestamp": "2025-08-21T20:23:53.496Z",
  "level": "WARN",
  "message": "Public profile requested for non-existent user",
  "userId": "507f1f77bcf86cd799439011"
}
{
  "timestamp": "2025-08-21T20:23:53.501Z",
  "level": "WARN",
  "message": "Public profile requested for non-existent user",
  "userId": "507f1f77bcf86cd799439011"
}
{
  "timestamp": "2025-08-21T20:23:53.504Z",
  "level": "WARN",
  "message": "Public profile requested for non-existent user",
  "userId": "507f1f77bcf86cd799439011"
}
{
  "timestamp": "2025-08-21T20:23:53.509Z",
  "level": "WARN",
  "message": "Public profile requested for non-existent user",
  "userId": "507f1f77bcf86cd799439011"
}
{
  "timestamp": "2025-08-21T20:23:53.515Z",
  "level": "WARN",
  "message": "Public profile requested for non-existent user",
  "userId": "507f1f77bcf86cd799439011"
}
{
  "timestamp": "2025-08-21T20:23:53.521Z",
  "level": "WARN",
  "message": "Public profile requested for non-existent user",
  "userId": "507f1f77bcf86cd799439011"
}
{
  "timestamp": "2025-08-21T20:23:53.526Z",
  "level": "WARN",
  "message": "Public profile requested for non-existent user",
  "userId": "507f1f77bcf86cd799439011"
}
{
  "timestamp": "2025-08-21T20:23:53.539Z",
  "level": "WARN",
  "message": "Public profile requested for non-existent user",
  "userId": "507f1f77bcf86cd799439011"
}
{
  "timestamp": "2025-08-21T20:24:07.453Z",
  "level": "INFO",
  "message": "SIGINT received, shutting down gracefully"
}
{
  "timestamp": "2025-08-21T20:24:07.455Z",
  "level": "INFO",
  "message": "HTTP server closed"
}
{
  "timestamp": "2025-08-21T20:24:15.153Z",
  "level": "INFO",
  "message": "Attempting to connect to MongoDB",
  "uri": "URI provided"
}
{
  "timestamp": "2025-08-21T20:24:15.174Z",
  "level": "INFO",
  "message": "Attempting to connect to MongoDB",
  "uri": "URI provided"
}
{
  "timestamp": "2025-08-21T20:24:15.175Z",
  "level": "INFO",
  "message": "MongoDB Connected Successfully"
}
{
  "timestamp": "2025-08-21T20:24:15.192Z",
  "level": "INFO",
  "message": "MongoDB Connected Successfully",
  "host": "localhost",
  "port": 27017,
  "database": "12p"
}
{
  "timestamp": "2025-08-21T20:24:15.206Z",
  "level": "INFO",
  "message": "Properties already exist in database",
  "count": 68
}
{
  "timestamp": "2025-08-21T20:24:15.210Z",
  "level": "INFO",
  "message": "Server started successfully",
  "port": "5001",
  "host": "localhost",
  "environment": "development",
  "healthCheck": "http://localhost:5001/api/health",
  "propertiesEndpoint": "http://localhost:5001/api/properties"
}
{
  "timestamp": "2025-08-21T20:24:23.452Z",
  "level": "WARN",
  "message": "Public profile requested for non-existent user",
  "userId": "507f1f77bcf86cd799439011"
}
{
  "timestamp": "2025-08-21T20:24:23.462Z",
  "level": "WARN",
  "message": "Public profile requested for non-existent user",
  "userId": "507f1f77bcf86cd799439011"
}
{
  "timestamp": "2025-08-21T20:24:23.466Z",
  "level": "WARN",
  "message": "Public profile requested for non-existent user",
  "userId": "507f1f77bcf86cd799439011"
}
{
  "timestamp": "2025-08-21T20:24:23.479Z",
  "level": "WARN",
  "message": "Public profile requested for non-existent user",
  "userId": "507f1f77bcf86cd799439011"
}
{
  "timestamp": "2025-08-21T20:24:23.485Z",
  "level": "WARN",
  "message": "Public profile requested for non-existent user",
  "userId": "507f1f77bcf86cd799439011"
}
{
  "timestamp": "2025-08-21T20:24:23.490Z",
  "level": "WARN",
  "message": "Public profile requested for non-existent user",
  "userId": "507f1f77bcf86cd799439011"
}
{
  "timestamp": "2025-08-21T20:24:23.529Z",
  "level": "WARN",
  "message": "Public profile requested for non-existent user",
  "userId": "507f1f77bcf86cd799439011"
}
{
  "timestamp": "2025-08-21T20:24:23.539Z",
  "level": "WARN",
  "message": "Public profile requested for non-existent user",
  "userId": "507f1f77bcf86cd799439011"
}
{
  "timestamp": "2025-08-21T20:26:02.108Z",
  "level": "DEBUG",
  "message": "Getting properties list",
  "query": {
    "page": "1",
    "limit": "12",
    "sortBy": "price"
  },
  "ip": "::1"
}
{
  "timestamp": "2025-08-21T20:26:02.110Z",
  "level": "DEBUG",
  "message": "Query built",
  "query": {
    "status": "available"
  },
  "pagination": {
    "page": 1,
    "limit": 12,
    "skip": 0
  },
  "sort": {
    "price": -1
  }
}
{
  "timestamp": "2025-08-21T20:26:02.127Z",
  "level": "INFO",
  "message": "Properties retrieved successfully",
  "total": 68,
  "page": 1,
  "limit": 12,
  "filtersApplied": true
}
{
  "timestamp": "2025-08-21T20:26:02.137Z",
  "level": "DEBUG",
  "message": "Getting properties list",
  "query": {
    "page": "1",
    "limit": "12",
    "sortBy": "price"
  },
  "ip": "::1"
}
{
  "timestamp": "2025-08-21T20:26:02.139Z",
  "level": "DEBUG",
  "message": "Query built",
  "query": {
    "status": "available"
  },
  "pagination": {
    "page": 1,
    "limit": 12,
    "skip": 0
  },
  "sort": {
    "price": -1
  }
}
{
  "timestamp": "2025-08-21T20:26:02.150Z",
  "level": "INFO",
  "message": "Properties retrieved successfully",
  "total": 68,
  "page": 1,
  "limit": 12,
  "filtersApplied": true
}
{
  "timestamp": "2025-08-21T20:26:02.165Z",
  "level": "WARN",
  "message": "Public profile requested for non-existent user",
  "userId": "507f1f77bcf86cd799439011"
}
{
  "timestamp": "2025-08-21T20:26:02.173Z",
  "level": "WARN",
  "message": "Public profile requested for non-existent user",
  "userId": "507f1f77bcf86cd799439011"
}
{
  "timestamp": "2025-08-21T20:26:02.184Z",
  "level": "WARN",
  "message": "Public profile requested for non-existent user",
  "userId": "507f1f77bcf86cd799439011"
}
{
  "timestamp": "2025-08-21T20:26:02.190Z",
  "level": "WARN",
  "message": "Public profile requested for non-existent user",
  "userId": "507f1f77bcf86cd799439011"
}
{
  "timestamp": "2025-08-21T20:26:02.200Z",
  "level": "WARN",
  "message": "Public profile requested for non-existent user",
  "userId": "507f1f77bcf86cd799439011"
}
{
  "timestamp": "2025-08-21T20:26:02.212Z",
  "level": "WARN",
  "message": "Public profile requested for non-existent user",
  "userId": "507f1f77bcf86cd799439011"
}
{
  "timestamp": "2025-08-21T20:26:02.222Z",
  "level": "WARN",
  "message": "Public profile requested for non-existent user",
  "userId": "507f1f77bcf86cd799439011"
}
{
  "timestamp": "2025-08-21T20:26:02.233Z",
  "level": "WARN",
  "message": "Public profile requested for non-existent user",
  "userId": "507f1f77bcf86cd799439011"
}
{
  "timestamp": "2025-08-21T20:26:02.242Z",
  "level": "WARN",
  "message": "Public profile requested for non-existent user",
  "userId": "507f1f77bcf86cd799439011"
}
{
  "timestamp": "2025-08-21T20:26:02.250Z",
  "level": "WARN",
  "message": "Public profile requested for non-existent user",
  "userId": "507f1f77bcf86cd799439011"
}
{
  "timestamp": "2025-08-21T20:26:02.256Z",
  "level": "WARN",
  "message": "Public profile requested for non-existent user",
  "userId": "507f1f77bcf86cd799439011"
}
{
  "timestamp": "2025-08-21T20:26:02.265Z",
  "level": "WARN",
  "message": "Public profile requested for non-existent user",
  "userId": "507f1f77bcf86cd799439011"
}
{
  "timestamp": "2025-08-21T20:26:06.831Z",
  "level": "WARN",
  "message": "Public profile requested for non-existent user",
  "userId": "507f1f77bcf86cd799439011"
}
{
  "timestamp": "2025-08-21T20:26:06.835Z",
  "level": "WARN",
  "message": "Public profile requested for non-existent user",
  "userId": "507f1f77bcf86cd799439011"
}
{
  "timestamp": "2025-08-21T20:26:06.840Z",
  "level": "WARN",
  "message": "Public profile requested for non-existent user",
  "userId": "507f1f77bcf86cd799439011"
}
{
  "timestamp": "2025-08-21T20:26:06.852Z",
  "level": "WARN",
  "message": "Public profile requested for non-existent user",
  "userId": "507f1f77bcf86cd799439011"
}
{
  "timestamp": "2025-08-21T20:26:06.864Z",
  "level": "WARN",
  "message": "Public profile requested for non-existent user",
  "userId": "507f1f77bcf86cd799439011"
}
{
  "timestamp": "2025-08-21T20:26:06.872Z",
  "level": "WARN",
  "message": "Public profile requested for non-existent user",
  "userId": "507f1f77bcf86cd799439011"
}
{
  "timestamp": "2025-08-21T20:26:06.881Z",
  "level": "WARN",
  "message": "Public profile requested for non-existent user",
  "userId": "507f1f77bcf86cd799439011"
}
{
  "timestamp": "2025-08-21T20:26:06.887Z",
  "level": "WARN",
  "message": "Public profile requested for non-existent user",
  "userId": "507f1f77bcf86cd799439011"
}
{
  "timestamp": "2025-08-21T20:31:38.114Z",
  "level": "DEBUG",
  "message": "Getting properties list",
  "query": {
    "page": "1",
    "limit": "12",
    "sortBy": "price"
  },
  "ip": "::1"
}
{
  "timestamp": "2025-08-21T20:31:38.116Z",
  "level": "DEBUG",
  "message": "Query built",
  "query": {
    "status": "available"
  },
  "pagination": {
    "page": 1,
    "limit": 12,
    "skip": 0
  },
  "sort": {
    "price": -1
  }
}
{
  "timestamp": "2025-08-21T20:31:38.125Z",
  "level": "DEBUG",
  "message": "Getting properties list",
  "query": {
    "page": "1",
    "limit": "12",
    "sortBy": "price"
  },
  "ip": "::1"
}
{
  "timestamp": "2025-08-21T20:31:38.129Z",
  "level": "DEBUG",
  "message": "Query built",
  "query": {
    "status": "available"
  },
  "pagination": {
    "page": 1,
    "limit": 12,
    "skip": 0
  },
  "sort": {
    "price": -1
  }
}
{
  "timestamp": "2025-08-21T20:31:38.148Z",
  "level": "INFO",
  "message": "Properties retrieved successfully",
  "total": 68,
  "page": 1,
  "limit": 12,
  "filtersApplied": true
}
{
  "timestamp": "2025-08-21T20:31:38.172Z",
  "level": "INFO",
  "message": "Properties retrieved successfully",
  "total": 68,
  "page": 1,
  "limit": 12,
  "filtersApplied": true
}
{
  "timestamp": "2025-08-21T20:31:38.232Z",
  "level": "WARN",
  "message": "Public profile requested for non-existent user",
  "userId": "507f1f77bcf86cd799439011"
}
{
  "timestamp": "2025-08-21T20:31:38.239Z",
  "level": "WARN",
  "message": "Public profile requested for non-existent user",
  "userId": "507f1f77bcf86cd799439011"
}
{
  "timestamp": "2025-08-21T20:31:38.248Z",
  "level": "WARN",
  "message": "Public profile requested for non-existent user",
  "userId": "507f1f77bcf86cd799439011"
}
{
  "timestamp": "2025-08-21T20:31:38.253Z",
  "level": "WARN",
  "message": "Public profile requested for non-existent user",
  "userId": "507f1f77bcf86cd799439011"
}
{
  "timestamp": "2025-08-21T20:31:38.263Z",
  "level": "WARN",
  "message": "Public profile requested for non-existent user",
  "userId": "507f1f77bcf86cd799439011"
}
{
  "timestamp": "2025-08-21T20:31:38.268Z",
  "level": "WARN",
  "message": "Public profile requested for non-existent user",
  "userId": "507f1f77bcf86cd799439011"
}
{
  "timestamp": "2025-08-21T20:31:38.276Z",
  "level": "WARN",
  "message": "Public profile requested for non-existent user",
  "userId": "507f1f77bcf86cd799439011"
}
{
  "timestamp": "2025-08-21T20:31:38.281Z",
  "level": "WARN",
  "message": "Public profile requested for non-existent user",
  "userId": "507f1f77bcf86cd799439011"
}
{
  "timestamp": "2025-08-21T20:31:38.289Z",
  "level": "WARN",
  "message": "Public profile requested for non-existent user",
  "userId": "507f1f77bcf86cd799439011"
}
{
  "timestamp": "2025-08-21T20:31:38.295Z",
  "level": "WARN",
  "message": "Public profile requested for non-existent user",
  "userId": "507f1f77bcf86cd799439011"
}
{
  "timestamp": "2025-08-21T20:31:38.305Z",
  "level": "WARN",
  "message": "Public profile requested for non-existent user",
  "userId": "507f1f77bcf86cd799439011"
}
{
  "timestamp": "2025-08-21T20:31:38.312Z",
  "level": "WARN",
  "message": "Public profile requested for non-existent user",
  "userId": "507f1f77bcf86cd799439011"
}
{
  "timestamp": "2025-08-21T20:31:44.170Z",
  "level": "WARN",
  "message": "Public profile requested for non-existent user",
  "userId": "507f1f77bcf86cd799439011"
}
{
  "timestamp": "2025-08-21T20:31:44.176Z",
  "level": "WARN",
  "message": "Public profile requested for non-existent user",
  "userId": "507f1f77bcf86cd799439011"
}
{
  "timestamp": "2025-08-21T20:31:44.184Z",
  "level": "WARN",
  "message": "Public profile requested for non-existent user",
  "userId": "507f1f77bcf86cd799439011"
}
{
  "timestamp": "2025-08-21T20:31:44.193Z",
  "level": "WARN",
  "message": "Public profile requested for non-existent user",
  "userId": "507f1f77bcf86cd799439011"
}
{
  "timestamp": "2025-08-21T20:31:44.203Z",
  "level": "WARN",
  "message": "Public profile requested for non-existent user",
  "userId": "507f1f77bcf86cd799439011"
}
{
  "timestamp": "2025-08-21T20:31:44.210Z",
  "level": "WARN",
  "message": "Public profile requested for non-existent user",
  "userId": "507f1f77bcf86cd799439011"
}
{
  "timestamp": "2025-08-21T20:31:44.214Z",
  "level": "WARN",
  "message": "Public profile requested for non-existent user",
  "userId": "507f1f77bcf86cd799439011"
}
{
  "timestamp": "2025-08-21T20:31:44.217Z",
  "level": "WARN",
  "message": "Public profile requested for non-existent user",
  "userId": "507f1f77bcf86cd799439011"
}
