{
  "timestamp": "2025-07-28T17:47:54.848Z",
  "level": "INFO",
  "message": "12P Backend API Starting",
  "environment": "development",
  "port": "5001",
  "frontendUrl": "http://localhost:4200"
}
{
  "timestamp": "2025-07-28T17:47:54.855Z",
  "level": "INFO",
  "message": "Attempting to connect to MongoDB",
  "uri": "URI provided"
}
{
  "timestamp": "2025-07-28T17:47:54.903Z",
  "level": "INFO",
  "message": "MongoDB Connected Successfully",
  "host": "localhost",
  "port": 27017,
  "database": "12p"
}
{
  "timestamp": "2025-07-28T17:47:54.941Z",
  "level": "INFO",
  "message": "Properties already exist in database",
  "count": 66
}
{
  "timestamp": "2025-07-28T17:47:54.946Z",
  "level": "INFO",
  "message": "Server started successfully",
  "port": "5001",
  "host": "localhost",
  "environment": "development",
  "healthCheck": "http://localhost:5001/api/health",
  "propertiesEndpoint": "http://localhost:5001/api/properties"
}
{
  "timestamp": "2025-07-28T17:48:53.648Z",
  "level": "DEBUG",
  "message": "Getting properties list",
  "query": {
    "listingType": "sale"
  },
  "ip": "::1"
}
{
  "timestamp": "2025-07-28T17:48:53.649Z",
  "level": "DEBUG",
  "message": "Query built",
  "query": {
    "status": "available",
    "listingType": "sale"
  },
  "pagination": {
    "page": 1,
    "limit": 10,
    "skip": 0
  },
  "sort": {
    "createdAt": -1
  }
}
{
  "timestamp": "2025-07-28T17:48:53.667Z",
  "level": "INFO",
  "message": "Properties retrieved successfully",
  "total": 48,
  "page": 1,
  "limit": 10,
  "filtersApplied": true
}
{
  "timestamp": "2025-07-28T17:48:53.678Z",
  "level": "DEBUG",
  "message": "Getting properties list",
  "query": {
    "listingType": "sale"
  },
  "ip": "::1"
}
{
  "timestamp": "2025-07-28T17:48:53.680Z",
  "level": "DEBUG",
  "message": "Query built",
  "query": {
    "status": "available",
    "listingType": "sale"
  },
  "pagination": {
    "page": 1,
    "limit": 10,
    "skip": 0
  },
  "sort": {
    "createdAt": -1
  }
}
{
  "timestamp": "2025-07-28T17:48:53.690Z",
  "level": "INFO",
  "message": "Properties retrieved successfully",
  "total": 48,
  "page": 1,
  "limit": 10,
  "filtersApplied": true
}
{
  "timestamp": "2025-07-28T17:55:13.352Z",
  "level": "INFO",
  "message": "User login attempt",
  "email": "test@example.com",
  "ip": "::1",
  "userAgent": "Mozilla/5.0 (Windows NT 10.0; Win64; x64) AppleWebKit/537.36 (KHTML, like Gecko) Chrome/138.0.0.0 Safari/537.36 Edg/138.0.0.0"
}
{
  "timestamp": "2025-07-28T17:55:13.360Z",
  "level": "WARN",
  "message": "Login attempt with non-existent email",
  "email": "test@example.com"
}
{
  "timestamp": "2025-07-28T17:55:23.112Z",
  "level": "INFO",
  "message": "User login attempt",
  "email": "test@example.com",
  "ip": "::1",
  "userAgent": "Mozilla/5.0 (Windows NT 10.0; Win64; x64) AppleWebKit/537.36 (KHTML, like Gecko) Chrome/138.0.0.0 Safari/537.36 Edg/138.0.0.0"
}
{
  "timestamp": "2025-07-28T17:55:23.117Z",
  "level": "WARN",
  "message": "Login attempt with non-existent email",
  "email": "test@example.com"
}
{
  "timestamp": "2025-07-28T17:57:03.224Z",
  "level": "INFO",
  "message": "User login attempt",
  "email": "test@example.com",
  "ip": "::1",
  "userAgent": "Mozilla/5.0 (Windows NT 10.0; Win64; x64) AppleWebKit/537.36 (KHTML, like Gecko) Chrome/138.0.0.0 Safari/537.36 Edg/138.0.0.0"
}
{
  "timestamp": "2025-07-28T17:57:03.231Z",
  "level": "WARN",
  "message": "Login attempt with non-existent email",
  "email": "test@example.com"
}
{
  "timestamp": "2025-07-28T17:57:12.802Z",
  "level": "INFO",
  "message": "User login attempt",
  "email": "john.doe@example.com",
  "ip": "::1",
  "userAgent": "Mozilla/5.0 (Windows NT 10.0; Win64; x64) AppleWebKit/537.36 (KHTML, like Gecko) Chrome/138.0.0.0 Safari/537.36 Edg/138.0.0.0"
}
{
  "timestamp": "2025-07-28T17:57:13.195Z",
  "level": "INFO",
  "message": "User login successful",
  "userId": "686d59cc74e0bd046e2a8d93",
  "email": "john.doe@example.com",
  "role": "client",
  "lastLogin": "2025-07-28T17:57:13.167Z"
}
{
  "timestamp": "2025-07-28T17:57:13.220Z",
  "level": "DEBUG",
  "message": "Getting properties list",
  "query": {
    "listingType": "sale"
  },
  "ip": "::1"
}
{
  "timestamp": "2025-07-28T17:57:13.222Z",
  "level": "DEBUG",
  "message": "Query built",
  "query": {
    "status": "available",
    "listingType": "sale"
  },
  "pagination": {
    "page": 1,
    "limit": 10,
    "skip": 0
  },
  "sort": {
    "createdAt": -1
  }
}
{
  "timestamp": "2025-07-28T17:57:13.232Z",
  "level": "INFO",
  "message": "Properties retrieved successfully",
  "total": 48,
  "page": 1,
  "limit": 10,
  "filtersApplied": true
}
{
  "timestamp": "2025-07-28T17:57:13.241Z",
  "level": "DEBUG",
  "message": "Getting properties list",
  "query": {
    "listingType": "sale"
  },
  "ip": "::1"
}
{
  "timestamp": "2025-07-28T17:57:13.242Z",
  "level": "DEBUG",
  "message": "Query built",
  "query": {
    "status": "available",
    "listingType": "sale"
  },
  "pagination": {
    "page": 1,
    "limit": 10,
    "skip": 0
  },
  "sort": {
    "createdAt": -1
  }
}
{
  "timestamp": "2025-07-28T17:57:13.251Z",
  "level": "INFO",
  "message": "Properties retrieved successfully",
  "total": 48,
  "page": 1,
  "limit": 10,
  "filtersApplied": true
}
{
  "timestamp": "2025-07-28T17:57:27.759Z",
  "level": "INFO",
  "message": "User login attempt",
  "email": "test@example.com",
  "ip": "::1",
  "userAgent": "Mozilla/5.0 (Windows NT 10.0; Win64; x64) AppleWebKit/537.36 (KHTML, like Gecko) Chrome/138.0.0.0 Safari/537.36 Edg/138.0.0.0"
}
{
  "timestamp": "2025-07-28T17:57:27.767Z",
  "level": "WARN",
  "message": "Login attempt with non-existent email",
  "email": "test@example.com"
}
{
  "timestamp": "2025-07-28T17:57:42.673Z",
  "level": "INFO",
  "message": "User login attempt",
  "email": "john.doe@example.com",
  "ip": "::1",
  "userAgent": "Mozilla/5.0 (Windows NT 10.0; Win64; x64) AppleWebKit/537.36 (KHTML, like Gecko) Chrome/138.0.0.0 Safari/537.36 Edg/138.0.0.0"
}
{
  "timestamp": "2025-07-28T17:57:42.984Z",
  "level": "INFO",
  "message": "User login successful",
  "userId": "686d59cc74e0bd046e2a8d93",
  "email": "john.doe@example.com",
  "role": "client",
  "lastLogin": "2025-07-28T17:57:42.978Z"
}
{
  "timestamp": "2025-07-28T17:57:43.004Z",
  "level": "DEBUG",
  "message": "Getting properties list",
  "query": {
    "listingType": "sale"
  },
  "ip": "::1"
}
{
  "timestamp": "2025-07-28T17:57:43.007Z",
  "level": "DEBUG",
  "message": "Query built",
  "query": {
    "status": "available",
    "listingType": "sale"
  },
  "pagination": {
    "page": 1,
    "limit": 10,
    "skip": 0
  },
  "sort": {
    "createdAt": -1
  }
}
{
  "timestamp": "2025-07-28T17:57:43.017Z",
  "level": "INFO",
  "message": "Properties retrieved successfully",
  "total": 48,
  "page": 1,
  "limit": 10,
  "filtersApplied": true
}
{
  "timestamp": "2025-07-28T17:57:43.027Z",
  "level": "DEBUG",
  "message": "Getting properties list",
  "query": {
    "listingType": "sale"
  },
  "ip": "::1"
}
{
  "timestamp": "2025-07-28T17:57:43.029Z",
  "level": "DEBUG",
  "message": "Query built",
  "query": {
    "status": "available",
    "listingType": "sale"
  },
  "pagination": {
    "page": 1,
    "limit": 10,
    "skip": 0
  },
  "sort": {
    "createdAt": -1
  }
}
{
  "timestamp": "2025-07-28T17:57:43.037Z",
  "level": "INFO",
  "message": "Properties retrieved successfully",
  "total": 48,
  "page": 1,
  "limit": 10,
  "filtersApplied": true
}
{
  "timestamp": "2025-07-28T18:00:55.990Z",
  "level": "INFO",
  "message": "User login attempt",
  "email": "agent@test.com",
  "ip": "::1",
  "userAgent": "Mozilla/5.0 (Windows NT 10.0; Win64; x64) AppleWebKit/537.36 (KHTML, like Gecko) Chrome/138.0.0.0 Safari/537.36 Edg/138.0.0.0"
}
{
  "timestamp": "2025-07-28T18:00:56.352Z",
  "level": "INFO",
  "message": "User login successful",
  "userId": "686d7dc38de09a4f48df03af",
  "email": "agent@test.com",
  "role": "agent",
  "lastLogin": "2025-07-28T18:00:56.345Z"
}
{
  "timestamp": "2025-07-28T18:00:56.400Z",
  "level": "DEBUG",
  "message": "Getting properties list",
  "query": {
    "listingType": "sale"
  },
  "ip": "::1"
}
{
  "timestamp": "2025-07-28T18:00:56.402Z",
  "level": "DEBUG",
  "message": "Query built",
  "query": {
    "status": "available",
    "listingType": "sale"
  },
  "pagination": {
    "page": 1,
    "limit": 10,
    "skip": 0
  },
  "sort": {
    "createdAt": -1
  }
}
{
  "timestamp": "2025-07-28T18:00:56.408Z",
  "level": "DEBUG",
  "message": "Getting properties list",
  "query": {
    "listingType": "sale"
  },
  "ip": "::1"
}
{
  "timestamp": "2025-07-28T18:00:56.409Z",
  "level": "DEBUG",
  "message": "Query built",
  "query": {
    "status": "available",
    "listingType": "sale"
  },
  "pagination": {
    "page": 1,
    "limit": 10,
    "skip": 0
  },
  "sort": {
    "createdAt": -1
  }
}
{
  "timestamp": "2025-07-28T18:00:56.417Z",
  "level": "INFO",
  "message": "Properties retrieved successfully",
  "total": 48,
  "page": 1,
  "limit": 10,
  "filtersApplied": true
}
{
  "timestamp": "2025-07-28T18:00:56.430Z",
  "level": "INFO",
  "message": "Properties retrieved successfully",
  "total": 48,
  "page": 1,
  "limit": 10,
  "filtersApplied": true
}
{
  "timestamp": "2025-07-28T18:02:53.591Z",
  "level": "DEBUG",
  "message": "Getting properties list",
  "query": {
    "listingType": "sale"
  },
  "ip": "::1"
}
{
  "timestamp": "2025-07-28T18:02:53.593Z",
  "level": "DEBUG",
  "message": "Query built",
  "query": {
    "status": "available",
    "listingType": "sale"
  },
  "pagination": {
    "page": 1,
    "limit": 10,
    "skip": 0
  },
  "sort": {
    "createdAt": -1
  }
}
{
  "timestamp": "2025-07-28T18:02:53.599Z",
  "level": "DEBUG",
  "message": "Getting properties list",
  "query": {
    "listingType": "sale"
  },
  "ip": "::1"
}
{
  "timestamp": "2025-07-28T18:02:53.600Z",
  "level": "DEBUG",
  "message": "Query built",
  "query": {
    "status": "available",
    "listingType": "sale"
  },
  "pagination": {
    "page": 1,
    "limit": 10,
    "skip": 0
  },
  "sort": {
    "createdAt": -1
  }
}
{
  "timestamp": "2025-07-28T18:02:53.607Z",
  "level": "INFO",
  "message": "Properties retrieved successfully",
  "total": 48,
  "page": 1,
  "limit": 10,
  "filtersApplied": true
}
{
  "timestamp": "2025-07-28T18:02:53.618Z",
  "level": "INFO",
  "message": "Properties retrieved successfully",
  "total": 48,
  "page": 1,
  "limit": 10,
  "filtersApplied": true
}
{
  "timestamp": "2025-07-28T18:06:35.344Z",
  "level": "DEBUG",
  "message": "Getting properties list",
  "query": {
    "listingType": "sale"
  },
  "ip": "::1"
}
{
  "timestamp": "2025-07-28T18:06:35.345Z",
  "level": "DEBUG",
  "message": "Query built",
  "query": {
    "status": "available",
    "listingType": "sale"
  },
  "pagination": {
    "page": 1,
    "limit": 10,
    "skip": 0
  },
  "sort": {
    "createdAt": -1
  }
}
{
  "timestamp": "2025-07-28T18:06:35.348Z",
  "level": "DEBUG",
  "message": "Getting properties list",
  "query": {
    "listingType": "sale"
  },
  "ip": "::1"
}
{
  "timestamp": "2025-07-28T18:06:35.349Z",
  "level": "DEBUG",
  "message": "Query built",
  "query": {
    "status": "available",
    "listingType": "sale"
  },
  "pagination": {
    "page": 1,
    "limit": 10,
    "skip": 0
  },
  "sort": {
    "createdAt": -1
  }
}
{
  "timestamp": "2025-07-28T18:06:35.356Z",
  "level": "INFO",
  "message": "Properties retrieved successfully",
  "total": 48,
  "page": 1,
  "limit": 10,
  "filtersApplied": true
}
{
  "timestamp": "2025-07-28T18:06:35.362Z",
  "level": "INFO",
  "message": "Properties retrieved successfully",
  "total": 48,
  "page": 1,
  "limit": 10,
  "filtersApplied": true
}
{
  "timestamp": "2025-07-28T18:14:46.769Z",
  "level": "DEBUG",
  "message": "Getting properties list",
  "query": {
    "listingType": "sale"
  },
  "ip": "::1"
}
{
  "timestamp": "2025-07-28T18:14:46.770Z",
  "level": "DEBUG",
  "message": "Query built",
  "query": {
    "status": "available",
    "listingType": "sale"
  },
  "pagination": {
    "page": 1,
    "limit": 10,
    "skip": 0
  },
  "sort": {
    "createdAt": -1
  }
}
{
  "timestamp": "2025-07-28T18:14:46.776Z",
  "level": "INFO",
  "message": "Properties retrieved successfully",
  "total": 48,
  "page": 1,
  "limit": 10,
  "filtersApplied": true
}
{
  "timestamp": "2025-07-28T18:14:46.787Z",
  "level": "DEBUG",
  "message": "Getting properties list",
  "query": {
    "listingType": "sale"
  },
  "ip": "::1"
}
{
  "timestamp": "2025-07-28T18:14:46.792Z",
  "level": "DEBUG",
  "message": "Query built",
  "query": {
    "status": "available",
    "listingType": "sale"
  },
  "pagination": {
    "page": 1,
    "limit": 10,
    "skip": 0
  },
  "sort": {
    "createdAt": -1
  }
}
{
  "timestamp": "2025-07-28T18:14:46.802Z",
  "level": "INFO",
  "message": "Properties retrieved successfully",
  "total": 48,
  "page": 1,
  "limit": 10,
  "filtersApplied": true
}
{
  "timestamp": "2025-07-28T18:15:10.270Z",
  "level": "DEBUG",
  "message": "Getting properties list",
  "query": {
    "listingType": "sale"
  },
  "ip": "::1"
}
{
  "timestamp": "2025-07-28T18:15:10.271Z",
  "level": "DEBUG",
  "message": "Query built",
  "query": {
    "status": "available",
    "listingType": "sale"
  },
  "pagination": {
    "page": 1,
    "limit": 10,
    "skip": 0
  },
  "sort": {
    "createdAt": -1
  }
}
{
  "timestamp": "2025-07-28T18:15:10.280Z",
  "level": "INFO",
  "message": "Properties retrieved successfully",
  "total": 48,
  "page": 1,
  "limit": 10,
  "filtersApplied": true
}
{
  "timestamp": "2025-07-28T18:15:10.287Z",
  "level": "DEBUG",
  "message": "Getting properties list",
  "query": {
    "listingType": "sale"
  },
  "ip": "::1"
}
{
  "timestamp": "2025-07-28T18:15:10.289Z",
  "level": "DEBUG",
  "message": "Query built",
  "query": {
    "status": "available",
    "listingType": "sale"
  },
  "pagination": {
    "page": 1,
    "limit": 10,
    "skip": 0
  },
  "sort": {
    "createdAt": -1
  }
}
{
  "timestamp": "2025-07-28T18:15:10.297Z",
  "level": "INFO",
  "message": "Properties retrieved successfully",
  "total": 48,
  "page": 1,
  "limit": 10,
  "filtersApplied": true
}
{
  "timestamp": "2025-07-28T18:15:21.455Z",
  "level": "DEBUG",
  "message": "Getting properties list",
  "query": {
    "listingType": "sale"
  },
  "ip": "::1"
}
{
  "timestamp": "2025-07-28T18:15:21.456Z",
  "level": "DEBUG",
  "message": "Query built",
  "query": {
    "status": "available",
    "listingType": "sale"
  },
  "pagination": {
    "page": 1,
    "limit": 10,
    "skip": 0
  },
  "sort": {
    "createdAt": -1
  }
}
{
  "timestamp": "2025-07-28T18:15:21.464Z",
  "level": "INFO",
  "message": "Properties retrieved successfully",
  "total": 48,
  "page": 1,
  "limit": 10,
  "filtersApplied": true
}
{
  "timestamp": "2025-07-28T18:15:21.473Z",
  "level": "DEBUG",
  "message": "Getting properties list",
  "query": {
    "listingType": "sale"
  },
  "ip": "::1"
}
{
  "timestamp": "2025-07-28T18:15:21.476Z",
  "level": "DEBUG",
  "message": "Query built",
  "query": {
    "status": "available",
    "listingType": "sale"
  },
  "pagination": {
    "page": 1,
    "limit": 10,
    "skip": 0
  },
  "sort": {
    "createdAt": -1
  }
}
{
  "timestamp": "2025-07-28T18:15:21.487Z",
  "level": "INFO",
  "message": "Properties retrieved successfully",
  "total": 48,
  "page": 1,
  "limit": 10,
  "filtersApplied": true
}
{
  "timestamp": "2025-07-28T18:16:21.120Z",
  "level": "INFO",
  "message": "User login attempt",
  "email": "john.doe@example.com",
  "ip": "::1",
  "userAgent": "Mozilla/5.0 (Windows NT 10.0; Win64; x64) AppleWebKit/537.36 (KHTML, like Gecko) Chrome/138.0.0.0 Safari/537.36 Edg/138.0.0.0"
}
{
  "timestamp": "2025-07-28T18:16:21.427Z",
  "level": "INFO",
  "message": "User login successful",
  "userId": "686d59cc74e0bd046e2a8d93",
  "email": "john.doe@example.com",
  "role": "client",
  "lastLogin": "2025-07-28T18:16:21.421Z"
}
{
  "timestamp": "2025-07-28T18:16:21.446Z",
  "level": "DEBUG",
  "message": "Getting properties list",
  "query": {
    "listingType": "sale"
  },
  "ip": "::1"
}
{
  "timestamp": "2025-07-28T18:16:21.448Z",
  "level": "DEBUG",
  "message": "Query built",
  "query": {
    "status": "available",
    "listingType": "sale"
  },
  "pagination": {
    "page": 1,
    "limit": 10,
    "skip": 0
  },
  "sort": {
    "createdAt": -1
  }
}
{
  "timestamp": "2025-07-28T18:16:21.459Z",
  "level": "INFO",
  "message": "Properties retrieved successfully",
  "total": 48,
  "page": 1,
  "limit": 10,
  "filtersApplied": true
}
{
  "timestamp": "2025-07-28T18:16:21.469Z",
  "level": "DEBUG",
  "message": "Getting properties list",
  "query": {
    "listingType": "sale"
  },
  "ip": "::1"
}
{
  "timestamp": "2025-07-28T18:16:21.471Z",
  "level": "DEBUG",
  "message": "Query built",
  "query": {
    "status": "available",
    "listingType": "sale"
  },
  "pagination": {
    "page": 1,
    "limit": 10,
    "skip": 0
  },
  "sort": {
    "createdAt": -1
  }
}
{
  "timestamp": "2025-07-28T18:16:21.481Z",
  "level": "INFO",
  "message": "Properties retrieved successfully",
  "total": 48,
  "page": 1,
  "limit": 10,
  "filtersApplied": true
}
{
  "timestamp": "2025-07-28T18:16:35.403Z",
  "level": "DEBUG",
  "message": "Getting properties list",
  "query": {},
  "ip": "::1"
}
{
  "timestamp": "2025-07-28T18:16:35.404Z",
  "level": "DEBUG",
  "message": "Query built",
  "query": {
    "status": "available"
  },
  "pagination": {
    "page": 1,
    "limit": 10,
    "skip": 0
  },
  "sort": {
    "createdAt": -1
  }
}
{
  "timestamp": "2025-07-28T18:16:35.409Z",
  "level": "INFO",
  "message": "Properties retrieved successfully",
  "total": 66,
  "page": 1,
  "limit": 10,
  "filtersApplied": false
}
{
  "timestamp": "2025-07-28T18:16:35.414Z",
  "level": "DEBUG",
  "message": "Getting properties list",
  "query": {},
  "ip": "::1"
}
{
  "timestamp": "2025-07-28T18:16:35.416Z",
  "level": "DEBUG",
  "message": "Query built",
  "query": {
    "status": "available"
  },
  "pagination": {
    "page": 1,
    "limit": 10,
    "skip": 0
  },
  "sort": {
    "createdAt": -1
  }
}
{
  "timestamp": "2025-07-28T18:16:35.423Z",
  "level": "INFO",
  "message": "Properties retrieved successfully",
  "total": 66,
  "page": 1,
  "limit": 10,
  "filtersApplied": false
}
{
  "timestamp": "2025-07-28T18:16:38.032Z",
  "level": "DEBUG",
  "message": "Getting properties list",
  "query": {
    "listingType": "sale"
  },
  "ip": "::1"
}
{
  "timestamp": "2025-07-28T18:16:38.033Z",
  "level": "DEBUG",
  "message": "Query built",
  "query": {
    "status": "available",
    "listingType": "sale"
  },
  "pagination": {
    "page": 1,
    "limit": 10,
    "skip": 0
  },
  "sort": {
    "createdAt": -1
  }
}
{
  "timestamp": "2025-07-28T18:16:38.037Z",
  "level": "INFO",
  "message": "Properties retrieved successfully",
  "total": 48,
  "page": 1,
  "limit": 10,
  "filtersApplied": true
}
{
  "timestamp": "2025-07-28T18:16:38.041Z",
  "level": "DEBUG",
  "message": "Getting properties list",
  "query": {
    "listingType": "sale"
  },
  "ip": "::1"
}
{
  "timestamp": "2025-07-28T18:16:38.044Z",
  "level": "DEBUG",
  "message": "Query built",
  "query": {
    "status": "available",
    "listingType": "sale"
  },
  "pagination": {
    "page": 1,
    "limit": 10,
    "skip": 0
  },
  "sort": {
    "createdAt": -1
  }
}
{
  "timestamp": "2025-07-28T18:16:38.054Z",
  "level": "INFO",
  "message": "Properties retrieved successfully",
  "total": 48,
  "page": 1,
  "limit": 10,
  "filtersApplied": true
}
{
  "timestamp": "2025-07-28T18:17:01.645Z",
  "level": "INFO",
  "message": "User login attempt",
  "email": "agent@test.com",
  "ip": "::1",
  "userAgent": "Mozilla/5.0 (Windows NT 10.0; Win64; x64) AppleWebKit/537.36 (KHTML, like Gecko) Chrome/138.0.0.0 Safari/537.36 Edg/138.0.0.0"
}
{
  "timestamp": "2025-07-28T18:17:01.956Z",
  "level": "INFO",
  "message": "User login successful",
  "userId": "686d7dc38de09a4f48df03af",
  "email": "agent@test.com",
  "role": "agent",
  "lastLogin": "2025-07-28T18:17:01.951Z"
}
{
  "timestamp": "2025-07-28T18:17:01.978Z",
  "level": "DEBUG",
  "message": "Getting properties list",
  "query": {
    "listingType": "sale"
  },
  "ip": "::1"
}
{
  "timestamp": "2025-07-28T18:17:01.981Z",
  "level": "DEBUG",
  "message": "Query built",
  "query": {
    "status": "available",
    "listingType": "sale"
  },
  "pagination": {
    "page": 1,
    "limit": 10,
    "skip": 0
  },
  "sort": {
    "createdAt": -1
  }
}
{
  "timestamp": "2025-07-28T18:17:01.990Z",
  "level": "INFO",
  "message": "Properties retrieved successfully",
  "total": 48,
  "page": 1,
  "limit": 10,
  "filtersApplied": true
}
{
  "timestamp": "2025-07-28T18:17:02.003Z",
  "level": "DEBUG",
  "message": "Getting properties list",
  "query": {
    "listingType": "sale"
  },
  "ip": "::1"
}
{
  "timestamp": "2025-07-28T18:17:02.005Z",
  "level": "DEBUG",
  "message": "Query built",
  "query": {
    "status": "available",
    "listingType": "sale"
  },
  "pagination": {
    "page": 1,
    "limit": 10,
    "skip": 0
  },
  "sort": {
    "createdAt": -1
  }
}
{
  "timestamp": "2025-07-28T18:17:02.013Z",
  "level": "INFO",
  "message": "Properties retrieved successfully",
  "total": 48,
  "page": 1,
  "limit": 10,
  "filtersApplied": true
}
{
  "timestamp": "2025-07-28T18:24:27.996Z",
  "level": "INFO",
  "message": "12P Backend API Starting",
  "environment": "development",
  "port": "5001",
  "frontendUrl": "http://localhost:4200"
}
{
  "timestamp": "2025-07-28T18:24:28.002Z",
  "level": "INFO",
  "message": "Attempting to connect to MongoDB",
  "uri": "URI provided"
}
{
  "timestamp": "2025-07-28T18:24:28.044Z",
  "level": "INFO",
  "message": "MongoDB Connected Successfully",
  "host": "localhost",
  "port": 27017,
  "database": "12p"
}
{
  "timestamp": "2025-07-28T18:24:28.070Z",
  "level": "INFO",
  "message": "Properties already exist in database",
  "count": 66
}
{
  "timestamp": "2025-07-28T18:24:28.073Z",
  "level": "INFO",
  "message": "Server started successfully",
  "port": "5001",
  "host": "localhost",
  "environment": "development",
  "healthCheck": "http://localhost:5001/api/health",
  "propertiesEndpoint": "http://localhost:5001/api/properties"
}
{
  "timestamp": "2025-07-28T18:28:47.089Z",
  "level": "INFO",
  "message": "12P Backend API Starting",
  "environment": "development",
  "port": "5001",
  "frontendUrl": "http://localhost:4200"
}
{
  "timestamp": "2025-07-28T18:28:47.095Z",
  "level": "INFO",
  "message": "Attempting to connect to MongoDB",
  "uri": "URI provided"
}
{
  "timestamp": "2025-07-28T18:28:47.138Z",
  "level": "INFO",
  "message": "MongoDB Connected Successfully",
  "host": "localhost",
  "port": 27017,
  "database": "12p"
}
{
  "timestamp": "2025-07-28T18:28:47.177Z",
  "level": "INFO",
  "message": "Properties already exist in database",
  "count": 66
}
{
  "timestamp": "2025-07-28T18:28:47.181Z",
  "level": "INFO",
  "message": "Server started successfully",
  "port": "5001",
  "host": "localhost",
  "environment": "development",
  "healthCheck": "http://localhost:5001/api/health",
  "propertiesEndpoint": "http://localhost:5001/api/properties"
}
{
  "timestamp": "2025-07-28T18:34:56.253Z",
  "level": "INFO",
  "message": "12P Backend API Starting",
  "environment": "development",
  "port": "5001",
  "frontendUrl": "http://localhost:4200"
}
{
  "timestamp": "2025-07-28T18:34:56.257Z",
  "level": "INFO",
  "message": "Attempting to connect to MongoDB",
  "uri": "URI provided"
}
{
  "timestamp": "2025-07-28T18:34:56.292Z",
  "level": "INFO",
  "message": "MongoDB Connected Successfully",
  "host": "localhost",
  "port": 27017,
  "database": "12p"
}
{
  "timestamp": "2025-07-28T18:34:56.318Z",
  "level": "INFO",
  "message": "Properties already exist in database",
  "count": 66
}
{
  "timestamp": "2025-07-28T18:34:56.322Z",
  "level": "INFO",
  "message": "Server started successfully",
  "port": "5001",
  "host": "localhost",
  "environment": "development",
  "healthCheck": "http://localhost:5001/api/health",
  "propertiesEndpoint": "http://localhost:5001/api/properties"
}
{
  "timestamp": "2025-07-28T18:37:02.194Z",
  "level": "INFO",
  "message": "Password reset request",
  "email": "agent@test.com",
  "ip": "::1",
  "userAgent": "PostmanRuntime/7.44.1"
}
{
  "timestamp": "2025-07-28T18:37:02.223Z",
  "level": "INFO",
  "message": "Password reset token generated",
  "userId": "686d7dc38de09a4f48df03af",
  "email": "agent@test.com",
  "tokenExpiry": "2025-07-28T18:47:02.211Z"
}
{
  "timestamp": "2025-07-28T18:38:06.261Z",
  "level": "INFO",
  "message": "Password reset attempt",
  "hasToken": true,
  "ip": "::1",
  "userAgent": "PostmanRuntime/7.44.1"
}
{
  "timestamp": "2025-07-28T18:38:06.668Z",
  "level": "INFO",
  "message": "Password reset successful",
  "userId": "686d7dc38de09a4f48df03af",
  "email": "agent@test.com"
}
{
  "timestamp": "2025-07-28T18:42:45.516Z",
  "level": "INFO",
  "message": "User registration attempt",
  "email": "agent@test.com",
  "role": "client",
  "ip": "::1",
  "userAgent": "PostmanRuntime/7.44.1"
}
{
  "timestamp": "2025-07-28T18:42:45.520Z",
  "level": "WARN",
  "message": "Registration attempt with existing email",
  "email": "agent@test.com"
}
{
  "timestamp": "2025-07-28T19:00:19.448Z",
  "level": "INFO",
  "message": "User login attempt",
  "email": "john.doe@example.com",
  "ip": "::1",
  "userAgent": "Mozilla/5.0 (Windows NT 10.0; Win64; x64) AppleWebKit/537.36 (KHTML, like Gecko) Chrome/138.0.0.0 Safari/537.36 Edg/138.0.0.0"
}
{
  "timestamp": "2025-07-28T19:00:19.757Z",
  "level": "INFO",
  "message": "User login successful",
  "userId": "686d59cc74e0bd046e2a8d93",
  "email": "john.doe@example.com",
  "role": "client",
  "lastLogin": "2025-07-28T19:00:19.752Z"
}
{
  "timestamp": "2025-07-28T19:00:19.803Z",
  "level": "DEBUG",
  "message": "Getting properties list",
  "query": {
    "listingType": "sale"
  },
  "ip": "::1"
}
{
  "timestamp": "2025-07-28T19:00:19.808Z",
  "level": "DEBUG",
  "message": "Query built",
  "query": {
    "status": "available",
    "listingType": "sale"
  },
  "pagination": {
    "page": 1,
    "limit": 10,
    "skip": 0
  },
  "sort": {
    "createdAt": -1
  }
}
{
  "timestamp": "2025-07-28T19:00:19.831Z",
  "level": "INFO",
  "message": "Properties retrieved successfully",
  "total": 48,
  "page": 1,
  "limit": 10,
  "filtersApplied": true
}
{
  "timestamp": "2025-07-28T19:00:19.838Z",
  "level": "DEBUG",
  "message": "Getting properties list",
  "query": {
    "listingType": "sale"
  },
  "ip": "::1"
}
{
  "timestamp": "2025-07-28T19:00:19.839Z",
  "level": "DEBUG",
  "message": "Query built",
  "query": {
    "status": "available",
    "listingType": "sale"
  },
  "pagination": {
    "page": 1,
    "limit": 10,
    "skip": 0
  },
  "sort": {
    "createdAt": -1
  }
}
{
  "timestamp": "2025-07-28T19:00:19.851Z",
  "level": "INFO",
  "message": "Properties retrieved successfully",
  "total": 48,
  "page": 1,
  "limit": 10,
  "filtersApplied": true
}
{
  "timestamp": "2025-07-28T19:15:41.323Z",
  "level": "INFO",
  "message": "12P Backend API Starting",
  "environment": "development",
  "port": "5001",
  "frontendUrl": "http://localhost:4200"
}
{
  "timestamp": "2025-07-28T19:15:41.329Z",
  "level": "INFO",
  "message": "Attempting to connect to MongoDB",
  "uri": "URI provided"
}
{
  "timestamp": "2025-07-28T19:15:41.364Z",
  "level": "INFO",
  "message": "MongoDB Connected Successfully",
  "host": "localhost",
  "port": 27017,
  "database": "12p"
}
{
  "timestamp": "2025-07-28T19:15:41.388Z",
  "level": "INFO",
  "message": "Properties already exist in database",
  "count": 66
}
{
  "timestamp": "2025-07-28T19:15:41.390Z",
  "level": "INFO",
  "message": "Server started successfully",
  "port": "5001",
  "host": "localhost",
  "environment": "development",
  "healthCheck": "http://localhost:5001/api/health",
  "propertiesEndpoint": "http://localhost:5001/api/properties"
}
{
  "timestamp": "2025-07-28T19:16:59.580Z",
  "level": "INFO",
  "message": "12P Backend API Starting",
  "environment": "development",
  "port": "5001",
  "frontendUrl": "http://localhost:4200"
}
{
  "timestamp": "2025-07-28T19:16:59.586Z",
  "level": "INFO",
  "message": "Attempting to connect to MongoDB",
  "uri": "URI provided"
}
{
  "timestamp": "2025-07-28T19:16:59.629Z",
  "level": "INFO",
  "message": "MongoDB Connected Successfully",
  "host": "localhost",
  "port": 27017,
  "database": "12p"
}
{
  "timestamp": "2025-07-28T19:16:59.662Z",
  "level": "INFO",
  "message": "Properties already exist in database",
  "count": 66
}
{
  "timestamp": "2025-07-28T19:16:59.667Z",
  "level": "INFO",
  "message": "Server started successfully",
  "port": "5001",
  "host": "localhost",
  "environment": "development",
  "healthCheck": "http://localhost:5001/api/health",
  "propertiesEndpoint": "http://localhost:5001/api/properties"
}
{
  "timestamp": "2025-07-28T19:18:19.157Z",
  "level": "INFO",
  "message": "User login attempt",
  "email": "john.doe@example.com",
  "ip": "::1",
  "userAgent": "PostmanRuntime/7.44.1"
}
{
  "timestamp": "2025-07-28T19:18:19.551Z",
  "level": "INFO",
  "message": "User login successful",
  "userId": "686d59cc74e0bd046e2a8d93",
  "email": "john.doe@example.com",
  "role": "client",
  "lastLogin": "2025-07-28T19:18:19.530Z"
}
{
  "timestamp": "2025-07-28T19:20:32.382Z",
  "level": "INFO",
  "message": "User profile updated",
  "userId": "686d59cc74e0bd046e2a8d93",
  "email": "john.doe@example.com",
  "updatedFields": [
    "firstName",
    "lastName",
    "phone"
  ]
}
{
  "timestamp": "2025-07-28T19:38:52.765Z",
  "level": "INFO",
  "message": "User login attempt",
  "email": "john.doe@example.com",
  "ip": "::1",
  "userAgent": "Mozilla/5.0 (Windows NT 10.0; Win64; x64) AppleWebKit/537.36 (KHTML, like Gecko) Chrome/138.0.0.0 Safari/537.36 Edg/138.0.0.0"
}
{
  "timestamp": "2025-07-28T19:38:53.072Z",
  "level": "INFO",
  "message": "User login successful",
  "userId": "686d59cc74e0bd046e2a8d93",
  "email": "john.doe@example.com",
  "role": "client",
  "lastLogin": "2025-07-28T19:38:53.066Z"
}
{
  "timestamp": "2025-07-28T19:38:53.114Z",
  "level": "DEBUG",
  "message": "Getting properties list",
  "query": {
    "listingType": "sale"
  },
  "ip": "::1"
}
{
  "timestamp": "2025-07-28T19:38:53.116Z",
  "level": "DEBUG",
  "message": "Query built",
  "query": {
    "status": "available",
    "listingType": "sale"
  },
  "pagination": {
    "page": 1,
    "limit": 10,
    "skip": 0
  },
  "sort": {
    "createdAt": -1
  }
}
{
  "timestamp": "2025-07-28T19:38:53.130Z",
  "level": "INFO",
  "message": "Properties retrieved successfully",
  "total": 48,
  "page": 1,
  "limit": 10,
  "filtersApplied": true
}
{
  "timestamp": "2025-07-28T19:38:53.140Z",
  "level": "DEBUG",
  "message": "Getting properties list",
  "query": {
    "listingType": "sale"
  },
  "ip": "::1"
}
{
  "timestamp": "2025-07-28T19:38:53.142Z",
  "level": "DEBUG",
  "message": "Query built",
  "query": {
    "status": "available",
    "listingType": "sale"
  },
  "pagination": {
    "page": 1,
    "limit": 10,
    "skip": 0
  },
  "sort": {
    "createdAt": -1
  }
}
{
  "timestamp": "2025-07-28T19:38:53.153Z",
  "level": "INFO",
  "message": "Properties retrieved successfully",
  "total": 48,
  "page": 1,
  "limit": 10,
  "filtersApplied": true
}
{
  "timestamp": "2025-07-28T19:41:53.150Z",
  "level": "INFO",
  "message": "SIGINT received, shutting down gracefully"
}
{
  "timestamp": "2025-07-28T19:41:53.152Z",
  "level": "INFO",
  "message": "HTTP server closed"
}
{
  "timestamp": "2025-07-28T19:41:57.977Z",
  "level": "INFO",
  "message": "12P Backend API Starting",
  "environment": "development",
  "port": "5001",
  "frontendUrl": "http://localhost:4200"
}
{
  "timestamp": "2025-07-28T19:41:57.984Z",
  "level": "INFO",
  "message": "Attempting to connect to MongoDB",
  "uri": "URI provided"
}
{
  "timestamp": "2025-07-28T19:41:58.031Z",
  "level": "INFO",
  "message": "MongoDB Connected Successfully",
  "host": "localhost",
  "port": 27017,
  "database": "12p"
}
{
  "timestamp": "2025-07-28T19:41:58.071Z",
  "level": "INFO",
  "message": "Properties already exist in database",
  "count": 66
}
{
  "timestamp": "2025-07-28T19:41:58.077Z",
  "level": "INFO",
  "message": "Server started successfully",
  "port": "5001",
  "host": "localhost",
  "environment": "development",
  "healthCheck": "http://localhost:5001/api/health",
  "propertiesEndpoint": "http://localhost:5001/api/properties"
}
{
  "timestamp": "2025-07-28T19:42:17.363Z",
  "level": "INFO",
  "message": "User login attempt",
  "email": "john.doe@example.com",
  "ip": "::1",
  "userAgent": "Mozilla/5.0 (Windows NT 10.0; Win64; x64) AppleWebKit/537.36 (KHTML, like Gecko) Chrome/138.0.0.0 Safari/537.36 Edg/138.0.0.0"
}
{
  "timestamp": "2025-07-28T19:42:17.753Z",
  "level": "INFO",
  "message": "User login successful",
  "userId": "686d59cc74e0bd046e2a8d93",
  "email": "john.doe@example.com",
  "role": "client",
  "lastLogin": "2025-07-28T19:42:17.730Z"
}
{
  "timestamp": "2025-07-28T19:42:17.823Z",
  "level": "DEBUG",
  "message": "Getting properties list",
  "query": {
    "listingType": "sale"
  },
  "ip": "::1"
}
{
  "timestamp": "2025-07-28T19:42:17.825Z",
  "level": "DEBUG",
  "message": "Query built",
  "query": {
    "status": "available",
    "listingType": "sale"
  },
  "pagination": {
    "page": 1,
    "limit": 10,
    "skip": 0
  },
  "sort": {
    "createdAt": -1
  }
}
{
  "timestamp": "2025-07-28T19:42:17.836Z",
  "level": "DEBUG",
  "message": "Getting properties list",
  "query": {
    "listingType": "sale"
  },
  "ip": "::1"
}
{
  "timestamp": "2025-07-28T19:42:17.843Z",
  "level": "DEBUG",
  "message": "Query built",
  "query": {
    "status": "available",
    "listingType": "sale"
  },
  "pagination": {
    "page": 1,
    "limit": 10,
    "skip": 0
  },
  "sort": {
    "createdAt": -1
  }
}
{
  "timestamp": "2025-07-28T19:42:17.864Z",
  "level": "INFO",
  "message": "Properties retrieved successfully",
  "total": 48,
  "page": 1,
  "limit": 10,
  "filtersApplied": true
}
{
  "timestamp": "2025-07-28T19:42:17.882Z",
  "level": "INFO",
  "message": "Properties retrieved successfully",
  "total": 48,
  "page": 1,
  "limit": 10,
  "filtersApplied": true
}
{
  "timestamp": "2025-07-28T19:55:17.238Z",
  "level": "INFO",
  "message": "User login attempt",
  "email": "john.doe@example.com",
  "ip": "::1",
  "userAgent": "Mozilla/5.0 (Windows NT 10.0; Win64; x64) AppleWebKit/537.36 (KHTML, like Gecko) Chrome/138.0.0.0 Safari/537.36 Edg/138.0.0.0"
}
{
  "timestamp": "2025-07-28T19:55:17.588Z",
  "level": "INFO",
  "message": "User login successful",
  "userId": "686d59cc74e0bd046e2a8d93",
  "email": "john.doe@example.com",
  "role": "client",
  "lastLogin": "2025-07-28T19:55:17.579Z"
}
{
  "timestamp": "2025-07-28T19:55:17.651Z",
  "level": "DEBUG",
  "message": "Getting properties list",
  "query": {
    "listingType": "sale"
  },
  "ip": "::1"
}
{
  "timestamp": "2025-07-28T19:55:17.652Z",
  "level": "DEBUG",
  "message": "Query built",
  "query": {
    "status": "available",
    "listingType": "sale"
  },
  "pagination": {
    "page": 1,
    "limit": 10,
    "skip": 0
  },
  "sort": {
    "createdAt": -1
  }
}
{
  "timestamp": "2025-07-28T19:55:17.664Z",
  "level": "INFO",
  "message": "Properties retrieved successfully",
  "total": 48,
  "page": 1,
  "limit": 10,
  "filtersApplied": true
}
{
  "timestamp": "2025-07-28T19:55:17.673Z",
  "level": "DEBUG",
  "message": "Getting properties list",
  "query": {
    "listingType": "sale"
  },
  "ip": "::1"
}
{
  "timestamp": "2025-07-28T19:55:17.675Z",
  "level": "DEBUG",
  "message": "Query built",
  "query": {
    "status": "available",
    "listingType": "sale"
  },
  "pagination": {
    "page": 1,
    "limit": 10,
    "skip": 0
  },
  "sort": {
    "createdAt": -1
  }
}
{
  "timestamp": "2025-07-28T19:55:17.684Z",
  "level": "INFO",
  "message": "Properties retrieved successfully",
  "total": 48,
  "page": 1,
  "limit": 10,
  "filtersApplied": true
}
{
  "timestamp": "2025-07-28T19:55:20.939Z",
  "level": "INFO",
  "message": "User profile retrieved",
  "userId": "686d59cc74e0bd046e2a8d93",
  "email": "john.doe@example.com"
}
{
  "timestamp": "2025-07-28T19:55:34.201Z",
  "level": "INFO",
  "message": "User profile updated",
  "userId": "686d59cc74e0bd046e2a8d93",
  "email": "john.doe@example.com",
  "updatedFields": [
    "firstName",
    "lastName",
    "phone"
  ]
}
