{
  "timestamp": "2025-09-05T12:36:19.582Z",
  "level": "INFO",
  "message": "Attempting to connect to MongoDB",
  "uri": "URI provided"
}
{
  "timestamp": "2025-09-05T12:36:19.602Z",
  "level": "INFO",
  "message": "Attempting to connect to MongoDB",
  "uri": "URI provided"
}
{
  "timestamp": "2025-09-05T12:36:19.604Z",
  "level": "INFO",
  "message": "MongoDB Connected Successfully"
}
{
  "timestamp": "2025-09-05T12:36:19.618Z",
  "level": "INFO",
  "message": "MongoDB Connected Successfully",
  "host": "localhost",
  "port": 27017,
  "database": "12p"
}
{
  "timestamp": "2025-09-05T12:36:19.629Z",
  "level": "INFO",
  "message": "Properties already exist in database",
  "count": 122
}
{
  "timestamp": "2025-09-05T12:36:19.632Z",
  "level": "INFO",
  "message": "Server started successfully",
  "port": "5001",
  "host": "localhost",
  "environment": "development",
  "healthCheck": "http://localhost:5001/api/health",
  "propertiesEndpoint": "http://localhost:5001/api/properties"
}
{
  "timestamp": "2025-09-05T12:44:27.463Z",
  "level": "INFO",
  "message": "User profile retrieved",
  "userId": "686d7dc38de09a4f48df03af",
  "email": "agent@test.com"
}
{
  "timestamp": "2025-09-05T12:44:27.549Z",
  "level": "DEBUG",
  "message": "Getting properties list",
  "query": {
    "page": "1",
    "limit": "12",
    "sortBy": "price"
  },
  "ip": "::1"
}
{
  "timestamp": "2025-09-05T12:44:27.550Z",
  "level": "DEBUG",
  "message": "Query built",
  "query": {
    "status": "available",
    "isDeleted": false
  },
  "pagination": {
    "page": 1,
    "limit": 12,
    "skip": 0
  },
  "sort": {
    "price": -1
  }
}
{
  "timestamp": "2025-09-05T12:44:27.560Z",
  "level": "INFO",
  "message": "Properties retrieved successfully",
  "total": 51,
  "page": 1,
  "limit": 12,
  "filtersApplied": true
}
{
  "timestamp": "2025-09-05T12:44:27.565Z",
  "level": "DEBUG",
  "message": "Getting properties list",
  "query": {
    "page": "1",
    "limit": "12",
    "sortBy": "price"
  },
  "ip": "::1"
}
{
  "timestamp": "2025-09-05T12:44:27.566Z",
  "level": "DEBUG",
  "message": "Query built",
  "query": {
    "status": "available",
    "isDeleted": false
  },
  "pagination": {
    "page": 1,
    "limit": 12,
    "skip": 0
  },
  "sort": {
    "price": -1
  }
}
{
  "timestamp": "2025-09-05T12:44:27.573Z",
  "level": "INFO",
  "message": "Properties retrieved successfully",
  "total": 51,
  "page": 1,
  "limit": 12,
  "filtersApplied": true
}
{
  "timestamp": "2025-09-05T12:44:27.608Z",
  "level": "INFO",
  "message": "User favorites retrieved",
  "userId": "686d7dc38de09a4f48df03af",
  "count": 0,
  "page": "1"
}
{
  "timestamp": "2025-09-05T12:44:27.615Z",
  "level": "WARN",
  "message": "Public profile requested for non-existent user",
  "userId": "507f1f77bcf86cd799439011"
}
{
  "timestamp": "2025-09-05T12:44:27.621Z",
  "level": "WARN",
  "message": "Public profile requested for non-existent user",
  "userId": "507f1f77bcf86cd799439011"
}
{
  "timestamp": "2025-09-05T12:44:27.626Z",
  "level": "WARN",
  "message": "Public profile requested for non-existent user",
  "userId": "507f1f77bcf86cd799439011"
}
{
  "timestamp": "2025-09-05T12:44:27.631Z",
  "level": "WARN",
  "message": "Public profile requested for non-existent user",
  "userId": "507f1f77bcf86cd799439011"
}
{
  "timestamp": "2025-09-05T12:44:27.637Z",
  "level": "WARN",
  "message": "Public profile requested for non-existent user",
  "userId": "507f1f77bcf86cd799439011"
}
{
  "timestamp": "2025-09-05T12:44:27.642Z",
  "level": "WARN",
  "message": "Public profile requested for non-existent user",
  "userId": "507f1f77bcf86cd799439011"
}
{
  "timestamp": "2025-09-05T12:44:27.648Z",
  "level": "WARN",
  "message": "Public profile requested for non-existent user",
  "userId": "507f1f77bcf86cd799439011"
}
{
  "timestamp": "2025-09-05T12:44:27.657Z",
  "level": "WARN",
  "message": "Public profile requested for non-existent user",
  "userId": "507f1f77bcf86cd799439011"
}
{
  "timestamp": "2025-09-05T12:44:27.664Z",
  "level": "WARN",
  "message": "Public profile requested for non-existent user",
  "userId": "507f1f77bcf86cd799439011"
}
{
  "timestamp": "2025-09-05T12:44:27.677Z",
  "level": "WARN",
  "message": "Public profile requested for non-existent user",
  "userId": "507f1f77bcf86cd799439011"
}
{
  "timestamp": "2025-09-05T12:44:27.688Z",
  "level": "WARN",
  "message": "Public profile requested for non-existent user",
  "userId": "507f1f77bcf86cd799439011"
}
{
  "timestamp": "2025-09-05T12:44:27.704Z",
  "level": "WARN",
  "message": "Public profile requested for non-existent user",
  "userId": "507f1f77bcf86cd799439011"
}
{
  "timestamp": "2025-09-05T13:31:29.802Z",
  "level": "DEBUG",
  "message": "Getting agent's properties",
  "agentId": "686d7dc38de09a4f48df03af",
  "query": {}
}
{
  "timestamp": "2025-09-05T13:31:29.803Z",
  "level": "DEBUG",
  "message": "Agent properties query built",
  "query": {
    "agent": "686d7dc38de09a4f48df03af",
    "isDeleted": false
  },
  "pagination": {
    "page": 1,
    "limit": 12,
    "skip": 0
  },
  "sort": {
    "createdAt": -1
  }
}
{
  "timestamp": "2025-09-05T13:31:29.808Z",
  "level": "INFO",
  "message": "Agent properties retrieved successfully",
  "agentId": "686d7dc38de09a4f48df03af",
  "total": 0,
  "page": 1,
  "limit": 12,
  "filtersApplied": false
}
{
  "timestamp": "2025-09-05T13:31:31.314Z",
  "level": "DEBUG",
  "message": "Getting agent's properties",
  "agentId": "686d7dc38de09a4f48df03af",
  "query": {}
}
{
  "timestamp": "2025-09-05T13:31:31.315Z",
  "level": "DEBUG",
  "message": "Agent properties query built",
  "query": {
    "agent": "686d7dc38de09a4f48df03af",
    "isDeleted": false
  },
  "pagination": {
    "page": 1,
    "limit": 12,
    "skip": 0
  },
  "sort": {
    "createdAt": -1
  }
}
{
  "timestamp": "2025-09-05T13:31:31.318Z",
  "level": "INFO",
  "message": "Agent properties retrieved successfully",
  "agentId": "686d7dc38de09a4f48df03af",
  "total": 0,
  "page": 1,
  "limit": 12,
  "filtersApplied": false
}
{
  "timestamp": "2025-09-05T13:31:33.542Z",
  "level": "DEBUG",
  "message": "Getting agent's properties",
  "agentId": "686d7dc38de09a4f48df03af",
  "query": {}
}
{
  "timestamp": "2025-09-05T13:31:33.543Z",
  "level": "DEBUG",
  "message": "Agent properties query built",
  "query": {
    "agent": "686d7dc38de09a4f48df03af",
    "isDeleted": false
  },
  "pagination": {
    "page": 1,
    "limit": 12,
    "skip": 0
  },
  "sort": {
    "createdAt": -1
  }
}
{
  "timestamp": "2025-09-05T13:31:33.547Z",
  "level": "INFO",
  "message": "Agent properties retrieved successfully",
  "agentId": "686d7dc38de09a4f48df03af",
  "total": 0,
  "page": 1,
  "limit": 12,
  "filtersApplied": false
}
{
  "timestamp": "2025-09-05T13:31:44.898Z",
  "level": "DEBUG",
  "message": "Getting properties list",
  "query": {
    "page": "1",
    "limit": "12",
    "sortBy": "price"
  },
  "ip": "::1"
}
{
  "timestamp": "2025-09-05T13:31:44.899Z",
  "level": "DEBUG",
  "message": "Query built",
  "query": {
    "status": "available",
    "isDeleted": false
  },
  "pagination": {
    "page": 1,
    "limit": 12,
    "skip": 0
  },
  "sort": {
    "price": -1
  }
}
{
  "timestamp": "2025-09-05T13:31:44.906Z",
  "level": "INFO",
  "message": "Properties retrieved successfully",
  "total": 51,
  "page": 1,
  "limit": 12,
  "filtersApplied": true
}
{
  "timestamp": "2025-09-05T13:31:44.910Z",
  "level": "DEBUG",
  "message": "Getting properties list",
  "query": {
    "page": "1",
    "limit": "12",
    "sortBy": "price"
  },
  "ip": "::1"
}
{
  "timestamp": "2025-09-05T13:31:44.911Z",
  "level": "DEBUG",
  "message": "Query built",
  "query": {
    "status": "available",
    "isDeleted": false
  },
  "pagination": {
    "page": 1,
    "limit": 12,
    "skip": 0
  },
  "sort": {
    "price": -1
  }
}
{
  "timestamp": "2025-09-05T13:31:44.919Z",
  "level": "INFO",
  "message": "Properties retrieved successfully",
  "total": 51,
  "page": 1,
  "limit": 12,
  "filtersApplied": true
}
{
  "timestamp": "2025-09-05T13:31:44.936Z",
  "level": "WARN",
  "message": "Public profile requested for non-existent user",
  "userId": "507f1f77bcf86cd799439011"
}
{
  "timestamp": "2025-09-05T13:31:44.941Z",
  "level": "WARN",
  "message": "Public profile requested for non-existent user",
  "userId": "507f1f77bcf86cd799439011"
}
{
  "timestamp": "2025-09-05T13:31:44.946Z",
  "level": "WARN",
  "message": "Public profile requested for non-existent user",
  "userId": "507f1f77bcf86cd799439011"
}
{
  "timestamp": "2025-09-05T13:31:44.951Z",
  "level": "WARN",
  "message": "Public profile requested for non-existent user",
  "userId": "507f1f77bcf86cd799439011"
}
{
  "timestamp": "2025-09-05T13:31:44.955Z",
  "level": "WARN",
  "message": "Public profile requested for non-existent user",
  "userId": "507f1f77bcf86cd799439011"
}
{
  "timestamp": "2025-09-05T13:31:44.959Z",
  "level": "WARN",
  "message": "Public profile requested for non-existent user",
  "userId": "507f1f77bcf86cd799439011"
}
{
  "timestamp": "2025-09-05T13:31:44.963Z",
  "level": "WARN",
  "message": "Public profile requested for non-existent user",
  "userId": "507f1f77bcf86cd799439011"
}
{
  "timestamp": "2025-09-05T13:31:44.968Z",
  "level": "WARN",
  "message": "Public profile requested for non-existent user",
  "userId": "507f1f77bcf86cd799439011"
}
{
  "timestamp": "2025-09-05T13:31:44.972Z",
  "level": "WARN",
  "message": "Public profile requested for non-existent user",
  "userId": "507f1f77bcf86cd799439011"
}
{
  "timestamp": "2025-09-05T13:31:44.976Z",
  "level": "WARN",
  "message": "Public profile requested for non-existent user",
  "userId": "507f1f77bcf86cd799439011"
}
{
  "timestamp": "2025-09-05T13:31:44.980Z",
  "level": "WARN",
  "message": "Public profile requested for non-existent user",
  "userId": "507f1f77bcf86cd799439011"
}
{
  "timestamp": "2025-09-05T13:31:44.985Z",
  "level": "WARN",
  "message": "Public profile requested for non-existent user",
  "userId": "507f1f77bcf86cd799439011"
}
