{
  "timestamp": "2025-07-30T18:09:37.462Z",
  "level": "INFO",
  "message": "12P Backend API Starting",
  "environment": "development",
  "port": "5001",
  "frontendUrl": "http://localhost:4200"
}
{
  "timestamp": "2025-07-30T18:09:37.466Z",
  "level": "INFO",
  "message": "Attempting to connect to MongoDB",
  "uri": "URI provided"
}
{
  "timestamp": "2025-07-30T18:09:37.492Z",
  "level": "INFO",
  "message": "MongoDB Connected Successfully",
  "host": "localhost",
  "port": 27017,
  "database": "12p"
}
{
  "timestamp": "2025-07-30T18:09:37.538Z",
  "level": "INFO",
  "message": "Properties already exist in database",
  "count": 66
}
{
  "timestamp": "2025-07-30T18:09:37.542Z",
  "level": "INFO",
  "message": "Server started successfully",
  "port": "5001",
  "host": "localhost",
  "environment": "development",
  "healthCheck": "http://localhost:5001/api/health",
  "propertiesEndpoint": "http://localhost:5001/api/properties"
}
{
  "timestamp": "2025-07-30T18:09:37.550Z",
  "level": "DEBUG",
  "message": "Getting properties list",
  "query": {
    "limit": "1"
  },
  "ip": "::1"
}
{
  "timestamp": "2025-07-30T18:09:37.551Z",
  "level": "DEBUG",
  "message": "Query built",
  "query": {
    "status": "available"
  },
  "pagination": {
    "page": 1,
    "limit": 1,
    "skip": 0
  },
  "sort": {
    "createdAt": -1
  }
}
{
  "timestamp": "2025-07-30T18:09:37.559Z",
  "level": "INFO",
  "message": "Properties retrieved successfully",
  "total": 66,
  "page": 1,
  "limit": 1,
  "filtersApplied": true
}
{
  "timestamp": "2025-07-30T18:09:37.628Z",
  "level": "INFO",
  "message": "Route not found",
  "path": "/favicon.ico",
  "method": "GET",
  "ip": "::1"
}
{
  "timestamp": "2025-07-30T19:23:54.974Z",
  "level": "INFO",
  "message": "User profile retrieved",
  "userId": "686d59cc74e0bd046e2a8d93",
  "email": "john.doe@example.com"
}
{
  "timestamp": "2025-07-30T19:23:55.244Z",
  "level": "DEBUG",
  "message": "Getting properties list",
  "query": {
    "listingType": "sale"
  },
  "ip": "::1"
}
{
  "timestamp": "2025-07-30T19:23:55.245Z",
  "level": "DEBUG",
  "message": "Query built",
  "query": {
    "status": "available",
    "listingType": "sale"
  },
  "pagination": {
    "page": 1,
    "limit": 10,
    "skip": 0
  },
  "sort": {
    "createdAt": -1
  }
}
{
  "timestamp": "2025-07-30T19:23:55.251Z",
  "level": "INFO",
  "message": "Properties retrieved successfully",
  "total": 48,
  "page": 1,
  "limit": 10,
  "filtersApplied": true
}
{
  "timestamp": "2025-07-30T19:23:55.255Z",
  "level": "DEBUG",
  "message": "Getting properties list",
  "query": {
    "listingType": "sale"
  },
  "ip": "::1"
}
{
  "timestamp": "2025-07-30T19:23:55.255Z",
  "level": "DEBUG",
  "message": "Query built",
  "query": {
    "status": "available",
    "listingType": "sale"
  },
  "pagination": {
    "page": 1,
    "limit": 10,
    "skip": 0
  },
  "sort": {
    "createdAt": -1
  }
}
{
  "timestamp": "2025-07-30T19:23:55.260Z",
  "level": "INFO",
  "message": "Properties retrieved successfully",
  "total": 48,
  "page": 1,
  "limit": 10,
  "filtersApplied": true
}
{
  "timestamp": "2025-07-30T19:24:32.701Z",
  "level": "WARN",
  "message": "Public profile requested for non-existent user",
  "userId": "507f1f77bcf86cd799439011"
}
{
  "timestamp": "2025-07-30T19:24:37.092Z",
  "level": "DEBUG",
  "message": "Getting properties list",
  "query": {
    "listingType": "sale"
  },
  "ip": "::1"
}
{
  "timestamp": "2025-07-30T19:24:37.094Z",
  "level": "DEBUG",
  "message": "Query built",
  "query": {
    "status": "available",
    "listingType": "sale"
  },
  "pagination": {
    "page": 1,
    "limit": 10,
    "skip": 0
  },
  "sort": {
    "createdAt": -1
  }
}
{
  "timestamp": "2025-07-30T19:24:37.102Z",
  "level": "INFO",
  "message": "Properties retrieved successfully",
  "total": 48,
  "page": 1,
  "limit": 10,
  "filtersApplied": true
}
{
  "timestamp": "2025-07-30T19:24:37.106Z",
  "level": "DEBUG",
  "message": "Getting properties list",
  "query": {
    "listingType": "sale"
  },
  "ip": "::1"
}
{
  "timestamp": "2025-07-30T19:24:37.108Z",
  "level": "DEBUG",
  "message": "Query built",
  "query": {
    "status": "available",
    "listingType": "sale"
  },
  "pagination": {
    "page": 1,
    "limit": 10,
    "skip": 0
  },
  "sort": {
    "createdAt": -1
  }
}
{
  "timestamp": "2025-07-30T19:24:37.114Z",
  "level": "INFO",
  "message": "Properties retrieved successfully",
  "total": 48,
  "page": 1,
  "limit": 10,
  "filtersApplied": true
}
{
  "timestamp": "2025-07-30T19:29:57.926Z",
  "level": "DEBUG",
  "message": "Getting properties list",
  "query": {},
  "ip": "::1"
}
{
  "timestamp": "2025-07-30T19:29:57.928Z",
  "level": "DEBUG",
  "message": "Query built",
  "query": {
    "status": "available"
  },
  "pagination": {
    "page": 1,
    "limit": 10,
    "skip": 0
  },
  "sort": {
    "createdAt": -1
  }
}
{
  "timestamp": "2025-07-30T19:29:57.938Z",
  "level": "INFO",
  "message": "Properties retrieved successfully",
  "total": 66,
  "page": 1,
  "limit": 10,
  "filtersApplied": false
}
{
  "timestamp": "2025-07-30T19:29:57.944Z",
  "level": "DEBUG",
  "message": "Getting properties list",
  "query": {},
  "ip": "::1"
}
{
  "timestamp": "2025-07-30T19:29:57.945Z",
  "level": "DEBUG",
  "message": "Query built",
  "query": {
    "status": "available"
  },
  "pagination": {
    "page": 1,
    "limit": 10,
    "skip": 0
  },
  "sort": {
    "createdAt": -1
  }
}
{
  "timestamp": "2025-07-30T19:29:57.951Z",
  "level": "INFO",
  "message": "Properties retrieved successfully",
  "total": 66,
  "page": 1,
  "limit": 10,
  "filtersApplied": false
}
{
  "timestamp": "2025-07-30T19:30:01.685Z",
  "level": "INFO",
  "message": "Public user profile retrieved",
  "userId": "686d7dc38de09a4f48df03af",
  "requestedBy": "::1"
}
{
  "timestamp": "2025-07-30T19:30:06.027Z",
  "level": "DEBUG",
  "message": "Getting properties list",
  "query": {
    "listingType": "sale"
  },
  "ip": "::1"
}
{
  "timestamp": "2025-07-30T19:30:06.028Z",
  "level": "DEBUG",
  "message": "Query built",
  "query": {
    "status": "available",
    "listingType": "sale"
  },
  "pagination": {
    "page": 1,
    "limit": 10,
    "skip": 0
  },
  "sort": {
    "createdAt": -1
  }
}
{
  "timestamp": "2025-07-30T19:30:06.033Z",
  "level": "INFO",
  "message": "Properties retrieved successfully",
  "total": 48,
  "page": 1,
  "limit": 10,
  "filtersApplied": true
}
{
  "timestamp": "2025-07-30T19:30:06.037Z",
  "level": "DEBUG",
  "message": "Getting properties list",
  "query": {
    "listingType": "sale"
  },
  "ip": "::1"
}
{
  "timestamp": "2025-07-30T19:30:06.038Z",
  "level": "DEBUG",
  "message": "Query built",
  "query": {
    "status": "available",
    "listingType": "sale"
  },
  "pagination": {
    "page": 1,
    "limit": 10,
    "skip": 0
  },
  "sort": {
    "createdAt": -1
  }
}
{
  "timestamp": "2025-07-30T19:30:06.043Z",
  "level": "INFO",
  "message": "Properties retrieved successfully",
  "total": 48,
  "page": 1,
  "limit": 10,
  "filtersApplied": true
}
{
  "timestamp": "2025-07-30T19:30:08.904Z",
  "level": "INFO",
  "message": "Public user profile retrieved",
  "userId": "686d7dc38de09a4f48df03af",
  "requestedBy": "::1"
}
{
  "timestamp": "2025-07-30T19:36:22.450Z",
  "level": "INFO",
  "message": "User profile retrieved",
  "userId": "686d59cc74e0bd046e2a8d93",
  "email": "john.doe@example.com"
}
{
  "timestamp": "2025-07-30T19:36:22.533Z",
  "level": "INFO",
  "message": "Public user profile retrieved",
  "userId": "686d7dc38de09a4f48df03af",
  "requestedBy": "::1"
}
{
  "timestamp": "2025-07-30T19:36:31.184Z",
  "level": "DEBUG",
  "message": "Getting properties list",
  "query": {
    "listingType": "sale"
  },
  "ip": "::1"
}
{
  "timestamp": "2025-07-30T19:36:31.185Z",
  "level": "DEBUG",
  "message": "Query built",
  "query": {
    "status": "available",
    "listingType": "sale"
  },
  "pagination": {
    "page": 1,
    "limit": 10,
    "skip": 0
  },
  "sort": {
    "createdAt": -1
  }
}
{
  "timestamp": "2025-07-30T19:36:31.192Z",
  "level": "INFO",
  "message": "Properties retrieved successfully",
  "total": 48,
  "page": 1,
  "limit": 10,
  "filtersApplied": true
}
{
  "timestamp": "2025-07-30T19:36:31.209Z",
  "level": "DEBUG",
  "message": "Getting properties list",
  "query": {
    "listingType": "sale"
  },
  "ip": "::1"
}
{
  "timestamp": "2025-07-30T19:36:31.227Z",
  "level": "DEBUG",
  "message": "Query built",
  "query": {
    "status": "available",
    "listingType": "sale"
  },
  "pagination": {
    "page": 1,
    "limit": 10,
    "skip": 0
  },
  "sort": {
    "createdAt": -1
  }
}
{
  "timestamp": "2025-07-30T19:36:31.232Z",
  "level": "INFO",
  "message": "Properties retrieved successfully",
  "total": 48,
  "page": 1,
  "limit": 10,
  "filtersApplied": true
}
{
  "timestamp": "2025-07-30T19:36:36.802Z",
  "level": "INFO",
  "message": "Public user profile retrieved",
  "userId": "686d7dc38de09a4f48df03af",
  "requestedBy": "::1"
}
{
  "timestamp": "2025-07-30T19:38:49.313Z",
  "level": "INFO",
  "message": "User profile retrieved",
  "userId": "686d59cc74e0bd046e2a8d93",
  "email": "john.doe@example.com"
}
{
  "timestamp": "2025-07-30T19:38:49.400Z",
  "level": "INFO",
  "message": "Public user profile retrieved",
  "userId": "686d7dc38de09a4f48df03af",
  "requestedBy": "::1"
}
{
  "timestamp": "2025-07-30T19:39:20.241Z",
  "level": "INFO",
  "message": "User profile retrieved",
  "userId": "686d59cc74e0bd046e2a8d93",
  "email": "john.doe@example.com"
}
{
  "timestamp": "2025-07-30T19:39:20.310Z",
  "level": "INFO",
  "message": "Public user profile retrieved",
  "userId": "686d7dc38de09a4f48df03af",
  "requestedBy": "::1"
}
{
  "timestamp": "2025-07-30T19:40:30.226Z",
  "level": "INFO",
  "message": "User profile retrieved",
  "userId": "686d59cc74e0bd046e2a8d93",
  "email": "john.doe@example.com"
}
{
  "timestamp": "2025-07-30T19:40:30.474Z",
  "level": "INFO",
  "message": "Public user profile retrieved",
  "userId": "686d7dc38de09a4f48df03af",
  "requestedBy": "::1"
}
{
  "timestamp": "2025-07-30T19:40:38.242Z",
  "level": "DEBUG",
  "message": "Getting properties list",
  "query": {},
  "ip": "::1"
}
{
  "timestamp": "2025-07-30T19:40:38.244Z",
  "level": "DEBUG",
  "message": "Query built",
  "query": {
    "status": "available"
  },
  "pagination": {
    "page": 1,
    "limit": 10,
    "skip": 0
  },
  "sort": {
    "createdAt": -1
  }
}
{
  "timestamp": "2025-07-30T19:40:38.249Z",
  "level": "DEBUG",
  "message": "Getting properties list",
  "query": {},
  "ip": "::1"
}
{
  "timestamp": "2025-07-30T19:40:38.251Z",
  "level": "DEBUG",
  "message": "Query built",
  "query": {
    "status": "available"
  },
  "pagination": {
    "page": 1,
    "limit": 10,
    "skip": 0
  },
  "sort": {
    "createdAt": -1
  }
}
{
  "timestamp": "2025-07-30T19:40:38.259Z",
  "level": "INFO",
  "message": "Properties retrieved successfully",
  "total": 66,
  "page": 1,
  "limit": 10,
  "filtersApplied": false
}
{
  "timestamp": "2025-07-30T19:40:38.314Z",
  "level": "INFO",
  "message": "Public user profile retrieved",
  "userId": "686d7dc38de09a4f48df03af",
  "requestedBy": "::1"
}
{
  "timestamp": "2025-07-30T19:40:38.318Z",
  "level": "INFO",
  "message": "Properties retrieved successfully",
  "total": 66,
  "page": 1,
  "limit": 10,
  "filtersApplied": false
}
{
  "timestamp": "2025-07-30T19:40:38.331Z",
  "level": "WARN",
  "message": "Public profile requested for non-existent user",
  "userId": "507f1f77bcf86cd799439011"
}
{
  "timestamp": "2025-07-30T19:40:38.337Z",
  "level": "WARN",
  "message": "Public profile requested for non-existent user",
  "userId": "507f1f77bcf86cd799439011"
}
{
  "timestamp": "2025-07-30T19:40:38.340Z",
  "level": "WARN",
  "message": "Public profile requested for non-existent user",
  "userId": "507f1f77bcf86cd799439011"
}
{
  "timestamp": "2025-07-30T19:40:38.346Z",
  "level": "WARN",
  "message": "Public profile requested for non-existent user",
  "userId": "507f1f77bcf86cd799439011"
}
{
  "timestamp": "2025-07-30T19:40:38.351Z",
  "level": "WARN",
  "message": "Public profile requested for non-existent user",
  "userId": "507f1f77bcf86cd799439011"
}
{
  "timestamp": "2025-07-30T19:40:38.360Z",
  "level": "WARN",
  "message": "Public profile requested for non-existent user",
  "userId": "507f1f77bcf86cd799439011"
}
{
  "timestamp": "2025-07-30T19:40:38.364Z",
  "level": "WARN",
  "message": "Public profile requested for non-existent user",
  "userId": "507f1f77bcf86cd799439011"
}
{
  "timestamp": "2025-07-30T19:40:38.366Z",
  "level": "WARN",
  "message": "Public profile requested for non-existent user",
  "userId": "507f1f77bcf86cd799439011"
}
{
  "timestamp": "2025-07-30T19:40:38.371Z",
  "level": "WARN",
  "message": "Public profile requested for non-existent user",
  "userId": "507f1f77bcf86cd799439011"
}
{
  "timestamp": "2025-07-30T19:40:38.406Z",
  "level": "WARN",
  "message": "Public profile requested for non-existent user",
  "userId": "507f1f77bcf86cd799439011"
}
{
  "timestamp": "2025-07-30T19:40:38.411Z",
  "level": "WARN",
  "message": "Public profile requested for non-existent user",
  "userId": "507f1f77bcf86cd799439011"
}
{
  "timestamp": "2025-07-30T19:40:38.415Z",
  "level": "WARN",
  "message": "Public profile requested for non-existent user",
  "userId": "507f1f77bcf86cd799439011"
}
{
  "timestamp": "2025-07-30T19:40:38.421Z",
  "level": "WARN",
  "message": "Public profile requested for non-existent user",
  "userId": "507f1f77bcf86cd799439011"
}
{
  "timestamp": "2025-07-30T19:40:38.429Z",
  "level": "WARN",
  "message": "Public profile requested for non-existent user",
  "userId": "507f1f77bcf86cd799439011"
}
{
  "timestamp": "2025-07-30T19:40:38.431Z",
  "level": "WARN",
  "message": "Public profile requested for non-existent user",
  "userId": "507f1f77bcf86cd799439011"
}
{
  "timestamp": "2025-07-30T19:40:38.438Z",
  "level": "WARN",
  "message": "Public profile requested for non-existent user",
  "userId": "507f1f77bcf86cd799439011"
}
{
  "timestamp": "2025-07-30T19:40:38.443Z",
  "level": "WARN",
  "message": "Public profile requested for non-existent user",
  "userId": "507f1f77bcf86cd799439011"
}
{
  "timestamp": "2025-07-30T19:40:38.445Z",
  "level": "WARN",
  "message": "Public profile requested for non-existent user",
  "userId": "507f1f77bcf86cd799439011"
}
{
  "timestamp": "2025-07-30T19:40:45.431Z",
  "level": "INFO",
  "message": "Public user profile retrieved",
  "userId": "686d7dc38de09a4f48df03af",
  "requestedBy": "::1"
}
{
  "timestamp": "2025-07-30T19:40:52.158Z",
  "level": "DEBUG",
  "message": "Getting properties list",
  "query": {},
  "ip": "::1"
}
{
  "timestamp": "2025-07-30T19:40:52.159Z",
  "level": "DEBUG",
  "message": "Query built",
  "query": {
    "status": "available"
  },
  "pagination": {
    "page": 1,
    "limit": 10,
    "skip": 0
  },
  "sort": {
    "createdAt": -1
  }
}
{
  "timestamp": "2025-07-30T19:40:52.162Z",
  "level": "DEBUG",
  "message": "Getting properties list",
  "query": {},
  "ip": "::1"
}
{
  "timestamp": "2025-07-30T19:40:52.163Z",
  "level": "DEBUG",
  "message": "Query built",
  "query": {
    "status": "available"
  },
  "pagination": {
    "page": 1,
    "limit": 10,
    "skip": 0
  },
  "sort": {
    "createdAt": -1
  }
}
{
  "timestamp": "2025-07-30T19:40:52.168Z",
  "level": "INFO",
  "message": "Properties retrieved successfully",
  "total": 66,
  "page": 1,
  "limit": 10,
  "filtersApplied": false
}
{
  "timestamp": "2025-07-30T19:40:52.175Z",
  "level": "INFO",
  "message": "Properties retrieved successfully",
  "total": 66,
  "page": 1,
  "limit": 10,
  "filtersApplied": false
}
{
  "timestamp": "2025-07-30T19:40:52.206Z",
  "level": "WARN",
  "message": "Public profile requested for non-existent user",
  "userId": "507f1f77bcf86cd799439011"
}
{
  "timestamp": "2025-07-30T19:40:52.212Z",
  "level": "WARN",
  "message": "Public profile requested for non-existent user",
  "userId": "507f1f77bcf86cd799439011"
}
{
  "timestamp": "2025-07-30T19:40:52.218Z",
  "level": "WARN",
  "message": "Public profile requested for non-existent user",
  "userId": "507f1f77bcf86cd799439011"
}
{
  "timestamp": "2025-07-30T19:40:52.222Z",
  "level": "WARN",
  "message": "Public profile requested for non-existent user",
  "userId": "507f1f77bcf86cd799439011"
}
{
  "timestamp": "2025-07-30T19:40:52.226Z",
  "level": "WARN",
  "message": "Public profile requested for non-existent user",
  "userId": "507f1f77bcf86cd799439011"
}
{
  "timestamp": "2025-07-30T19:40:52.234Z",
  "level": "WARN",
  "message": "Public profile requested for non-existent user",
  "userId": "507f1f77bcf86cd799439011"
}
{
  "timestamp": "2025-07-30T19:40:52.239Z",
  "level": "WARN",
  "message": "Public profile requested for non-existent user",
  "userId": "507f1f77bcf86cd799439011"
}
{
  "timestamp": "2025-07-30T19:40:52.242Z",
  "level": "WARN",
  "message": "Public profile requested for non-existent user",
  "userId": "507f1f77bcf86cd799439011"
}
{
  "timestamp": "2025-07-30T19:40:52.245Z",
  "level": "WARN",
  "message": "Public profile requested for non-existent user",
  "userId": "507f1f77bcf86cd799439011"
}
{
  "timestamp": "2025-07-30T20:20:39.463Z",
  "level": "WARN",
  "message": "Invalid JWT token",
  "error": "jwt expired",
  "token": "eyJhbGciOiJIUzI1NiIs..."
}
{
  "timestamp": "2025-07-30T20:21:00.025Z",
  "level": "INFO",
  "message": "User login attempt",
  "email": "john.doe@example.com",
  "ip": "::1",
  "userAgent": "PostmanRuntime/7.44.1"
}
{
  "timestamp": "2025-07-30T20:21:00.316Z",
  "level": "INFO",
  "message": "User login successful",
  "userId": "686d59cc74e0bd046e2a8d93",
  "email": "john.doe@example.com",
  "role": "client",
  "lastLogin": "2025-07-30T20:21:00.298Z"
}
{
  "timestamp": "2025-07-30T20:21:43.259Z",
  "level": "WARN",
  "message": "Authorization failed - insufficient permissions",
  "userId": "686d59cc74e0bd046e2a8d93",
  "userRole": "client",
  "requiredRoles": [
    "agent",
    "admin"
  ]
}
{
  "timestamp": "2025-07-30T20:22:19.464Z",
  "level": "WARN",
  "message": "Authorization failed - insufficient permissions",
  "userId": "686d59cc74e0bd046e2a8d93",
  "userRole": "client",
  "requiredRoles": [
    "agent",
    "admin"
  ]
}
{
  "timestamp": "2025-07-30T20:23:22.919Z",
  "level": "INFO",
  "message": "User login attempt",
  "email": "jane.smith@example.com",
  "ip": "::1",
  "userAgent": "PostmanRuntime/7.44.1"
}
{
  "timestamp": "2025-07-30T20:23:22.922Z",
  "level": "WARN",
  "message": "Login attempt with non-existent email",
  "email": "jane.smith@example.com"
}
{
  "timestamp": "2025-07-30T20:25:09.285Z",
  "level": "INFO",
  "message": "User login attempt",
  "email": "agent@test.com",
  "ip": "::1",
  "userAgent": "PostmanRuntime/7.44.1"
}
{
  "timestamp": "2025-07-30T20:25:09.543Z",
  "level": "WARN",
  "message": "Login attempt with invalid password",
  "userId": "686d7dc38de09a4f48df03af",
  "email": "agent@test.com"
}
{
  "timestamp": "2025-07-30T20:25:52.189Z",
  "level": "ERROR",
  "message": "Unexpected token '.', ...\"  },\r\n    ...\r\n  ]\r\n\"... is not valid JSON",
  "stack": "SyntaxError: Unexpected token '.', ...\"  },\r\n    ...\r\n  ]\r\n\"... is not valid JSON\n    at JSON.parse (<anonymous>)\n    at parse (C:\\Users\\patri\\OneDrive\\Desktop\\12GA\\web\\12p\\backend\\node_modules\\body-parser\\lib\\types\\json.js:92:19)\n    at C:\\Users\\patri\\OneDrive\\Desktop\\12GA\\web\\12p\\backend\\node_modules\\body-parser\\lib\\read.js:128:18\n    at AsyncResource.runInAsyncScope (node:async_hooks:214:14)\n    at invokeCallback (C:\\Users\\patri\\OneDrive\\Desktop\\12GA\\web\\12p\\backend\\node_modules\\raw-body\\index.js:238:16)\n    at done (C:\\Users\\patri\\OneDrive\\Desktop\\12GA\\web\\12p\\backend\\node_modules\\raw-body\\index.js:227:7)\n    at IncomingMessage.onEnd (C:\\Users\\patri\\OneDrive\\Desktop\\12GA\\web\\12p\\backend\\node_modules\\raw-body\\index.js:287:7)\n    at IncomingMessage.emit (node:events:518:28)\n    at endReadableNT (node:internal/streams/readable:1698:12)\n    at process.processTicksAndRejections (node:internal/process/task_queues:90:21)",
  "request": {
    "method": "GET",
    "url": "/api/users/debug/list",
    "ip": "::1",
    "userAgent": "PostmanRuntime/7.44.1",
    "body": {},
    "params": {},
    "query": {}
  },
  "user": "Anonymous"
}
{
  "timestamp": "2025-07-30T20:27:10.958Z",
  "level": "INFO",
  "message": "User login attempt",
  "email": "agent@test.com",
  "ip": "::1",
  "userAgent": "PostmanRuntime/7.44.1"
}
{
  "timestamp": "2025-07-30T20:27:11.257Z",
  "level": "WARN",
  "message": "Login attempt with invalid password",
  "userId": "686d7dc38de09a4f48df03af",
  "email": "agent@test.com"
}
{
  "timestamp": "2025-07-30T20:27:32.383Z",
  "level": "INFO",
  "message": "User login attempt",
  "email": "agent@test.com",
  "ip": "::1",
  "userAgent": "PostmanRuntime/7.44.1"
}
{
  "timestamp": "2025-07-30T20:27:32.670Z",
  "level": "INFO",
  "message": "User login successful",
  "userId": "686d7dc38de09a4f48df03af",
  "email": "agent@test.com",
  "role": "agent",
  "lastLogin": "2025-07-30T20:27:32.664Z"
}
{
  "timestamp": "2025-07-30T20:29:15.859Z",
  "level": "INFO",
  "message": "New property created successfully",
  "propertyId": "688a809b0afbf4b7dccbf89e",
  "createdBy": "686d7dc38de09a4f48df03af",
  "userRole": "agent",
  "title": "Test Property via API",
  "price": 450000
}
{
  "timestamp": "2025-07-30T20:35:00.159Z",
  "level": "INFO",
  "message": "New property created successfully",
  "propertyId": "688a81f40afbf4b7dccbf8a1",
  "createdBy": "686d7dc38de09a4f48df03af",
  "userRole": "agent",
  "title": "Test Property via API",
  "price": 450000
}
{
  "timestamp": "2025-07-30T20:36:45.728Z",
  "level": "INFO",
  "message": "User login attempt",
  "email": "john.doe@example.com",
  "ip": "::1",
  "userAgent": "PostmanRuntime/7.44.1"
}
{
  "timestamp": "2025-07-30T20:36:46.008Z",
  "level": "INFO",
  "message": "User login successful",
  "userId": "686d59cc74e0bd046e2a8d93",
  "email": "john.doe@example.com",
  "role": "client",
  "lastLogin": "2025-07-30T20:36:46.004Z"
}
{
  "timestamp": "2025-07-30T20:37:03.935Z",
  "level": "WARN",
  "message": "Authorization failed - insufficient permissions",
  "userId": "686d59cc74e0bd046e2a8d93",
  "userRole": "client",
  "requiredRoles": [
    "agent",
    "admin"
  ]
}
{
  "timestamp": "2025-07-30T20:41:58.174Z",
  "level": "DEBUG",
  "message": "Getting properties list",
  "query": {
    "limit": "5",
    "sort": "-createdAt"
  },
  "ip": "::1"
}
{
  "timestamp": "2025-07-30T20:41:58.175Z",
  "level": "DEBUG",
  "message": "Query built",
  "query": {
    "status": "available"
  },
  "pagination": {
    "page": 1,
    "limit": 5,
    "skip": 0
  },
  "sort": {
    "createdAt": -1
  }
}
{
  "timestamp": "2025-07-30T20:41:58.179Z",
  "level": "INFO",
  "message": "Properties retrieved successfully",
  "total": 68,
  "page": 1,
  "limit": 5,
  "filtersApplied": true
}
{
  "timestamp": "2025-07-30T20:43:35.152Z",
  "level": "WARN",
  "message": "Authorization failed - insufficient permissions",
  "userId": "686d59cc74e0bd046e2a8d93",
  "userRole": "client",
  "requiredRoles": [
    "agent",
    "admin"
  ]
}
